INFO - 2024-02-24 05:33:17 --> Session: Class initialized using 'CodeIgniter\Session\Handlers\FileHandler' driver.
INFO - 2024-02-24 05:33:19 --> Session: Class initialized using 'CodeIgniter\Session\Handlers\FileHandler' driver.
CRITICAL - 2024-02-24 05:41:20 --> Call to undefined method CodeIgniter\HTTP\IncomingRequest::hasLoginInfo()
in APPPATH\Controllers\Admin\LoginControllers.php on line 30.
 1 SYSTEMPATH\CodeIgniter.php(942): App\Controllers\Admin\LoginControllers->login()
 2 SYSTEMPATH\CodeIgniter.php(502): CodeIgniter\CodeIgniter->runController(Object(App\Controllers\Admin\LoginControllers))
 3 SYSTEMPATH\CodeIgniter.php(361): CodeIgniter\CodeIgniter->handleRequest(null, Object(Config\Cache), false)
 4 FCPATH\index.php(81): CodeIgniter\CodeIgniter->run()
 5 SYSTEMPATH\Commands\Server\rewrite.php(47): require_once('D:\\xampp\\file\\htdocs\\ComputerShop\\public\\index.php')
WARNING - 2024-02-24 05:53:58 --> [DEPRECATED] preg_quote(): Passing null to parameter #1 ($str) of type string is deprecated in SYSTEMPATH\Validation\Validation.php on line 833.
 1 SYSTEMPATH\Validation\Validation.php(833): preg_quote(null, '/')
 2 [internal function]: CodeIgniter\Validation\Validation::CodeIgniter\Validation\{closure}('password')
 3 SYSTEMPATH\Validation\Validation.php(832): array_filter([...], Object(Closure), 2)
 4 APPPATH\Services\LoginService.php(30): CodeIgniter\Validation\Validation->getError()
 5 APPPATH\Controllers\Admin\LoginControllers.php(30): App\Services\LoginService->hasLoginInfo(Object(CodeIgniter\HTTP\IncomingRequest))
 6 SYSTEMPATH\CodeIgniter.php(942): App\Controllers\Admin\LoginControllers->login()
 7 SYSTEMPATH\CodeIgniter.php(502): CodeIgniter\CodeIgniter->runController(Object(App\Controllers\Admin\LoginControllers))
 8 SYSTEMPATH\CodeIgniter.php(361): CodeIgniter\CodeIgniter->handleRequest(null, Object(Config\Cache), false)
 9 FCPATH\index.php(81): CodeIgniter\CodeIgniter->run()
10 SYSTEMPATH\Commands\Server\rewrite.php(47): require_once('D:\\xampp\\file\\htdocs\\ComputerShop\\public\\index.php')
CRITICAL - 2024-02-24 05:53:58 --> Undefined array key "massageCode"
in APPPATH\Controllers\Admin\LoginControllers.php on line 34.
 1 APPPATH\Controllers\Admin\LoginControllers.php(34): CodeIgniter\Debug\Exceptions->errorHandler(2, 'Undefined array key "massageCode"', 'D:\\xampp\\file\\htdocs\\ComputerShop\\app\\Controllers\\Admin\\LoginControllers.php', 34)
 2 SYSTEMPATH\CodeIgniter.php(942): App\Controllers\Admin\LoginControllers->login()
 3 SYSTEMPATH\CodeIgniter.php(502): CodeIgniter\CodeIgniter->runController(Object(App\Controllers\Admin\LoginControllers))
 4 SYSTEMPATH\CodeIgniter.php(361): CodeIgniter\CodeIgniter->handleRequest(null, Object(Config\Cache), false)
 5 FCPATH\index.php(81): CodeIgniter\CodeIgniter->run()
 6 SYSTEMPATH\Commands\Server\rewrite.php(47): require_once('D:\\xampp\\file\\htdocs\\ComputerShop\\public\\index.php')
WARNING - 2024-02-24 05:55:53 --> [DEPRECATED] preg_quote(): Passing null to parameter #1 ($str) of type string is deprecated in SYSTEMPATH\Validation\Validation.php on line 833.
 1 SYSTEMPATH\Validation\Validation.php(833): preg_quote(null, '/')
 2 [internal function]: CodeIgniter\Validation\Validation::CodeIgniter\Validation\{closure}('password')
 3 SYSTEMPATH\Validation\Validation.php(832): array_filter([...], Object(Closure), 2)
 4 APPPATH\Services\LoginService.php(30): CodeIgniter\Validation\Validation->getError()
 5 APPPATH\Controllers\Admin\LoginControllers.php(30): App\Services\LoginService->hasLoginInfo(Object(CodeIgniter\HTTP\IncomingRequest))
 6 SYSTEMPATH\CodeIgniter.php(942): App\Controllers\Admin\LoginControllers->login()
 7 SYSTEMPATH\CodeIgniter.php(502): CodeIgniter\CodeIgniter->runController(Object(App\Controllers\Admin\LoginControllers))
 8 SYSTEMPATH\CodeIgniter.php(361): CodeIgniter\CodeIgniter->handleRequest(null, Object(Config\Cache), false)
 9 FCPATH\index.php(81): CodeIgniter\CodeIgniter->run()
10 SYSTEMPATH\Commands\Server\rewrite.php(47): require_once('D:\\xampp\\file\\htdocs\\ComputerShop\\public\\index.php')
INFO - 2024-02-24 05:55:53 --> Session: Class initialized using 'CodeIgniter\Session\Handlers\FileHandler' driver.
INFO - 2024-02-24 05:55:53 --> Session: Class initialized using 'CodeIgniter\Session\Handlers\FileHandler' driver.
INFO - 2024-02-24 05:55:54 --> Session: Class initialized using 'CodeIgniter\Session\Handlers\FileHandler' driver.
WARNING - 2024-02-24 05:55:59 --> [DEPRECATED] preg_quote(): Passing null to parameter #1 ($str) of type string is deprecated in SYSTEMPATH\Validation\Validation.php on line 833.
 1 SYSTEMPATH\Validation\Validation.php(833): preg_quote(null, '/')
 2 [internal function]: CodeIgniter\Validation\Validation::CodeIgniter\Validation\{closure}('password')
 3 SYSTEMPATH\Validation\Validation.php(832): array_filter([...], Object(Closure), 2)
 4 APPPATH\Services\LoginService.php(30): CodeIgniter\Validation\Validation->getError()
 5 APPPATH\Controllers\Admin\LoginControllers.php(30): App\Services\LoginService->hasLoginInfo(Object(CodeIgniter\HTTP\IncomingRequest))
 6 SYSTEMPATH\CodeIgniter.php(942): App\Controllers\Admin\LoginControllers->login()
 7 SYSTEMPATH\CodeIgniter.php(502): CodeIgniter\CodeIgniter->runController(Object(App\Controllers\Admin\LoginControllers))
 8 SYSTEMPATH\CodeIgniter.php(361): CodeIgniter\CodeIgniter->handleRequest(null, Object(Config\Cache), false)
 9 FCPATH\index.php(81): CodeIgniter\CodeIgniter->run()
10 SYSTEMPATH\Commands\Server\rewrite.php(47): require_once('D:\\xampp\\file\\htdocs\\ComputerShop\\public\\index.php')
INFO - 2024-02-24 05:55:59 --> Session: Class initialized using 'CodeIgniter\Session\Handlers\FileHandler' driver.
INFO - 2024-02-24 05:55:59 --> Session: Class initialized using 'CodeIgniter\Session\Handlers\FileHandler' driver.
INFO - 2024-02-24 05:56:00 --> Session: Class initialized using 'CodeIgniter\Session\Handlers\FileHandler' driver.
INFO - 2024-02-24 05:56:51 --> Session: Class initialized using 'CodeIgniter\Session\Handlers\FileHandler' driver.
INFO - 2024-02-24 05:56:52 --> Session: Class initialized using 'CodeIgniter\Session\Handlers\FileHandler' driver.
WARNING - 2024-02-24 05:56:59 --> [DEPRECATED] preg_quote(): Passing null to parameter #1 ($str) of type string is deprecated in SYSTEMPATH\Validation\Validation.php on line 833.
 1 SYSTEMPATH\Validation\Validation.php(833): preg_quote(null, '/')
 2 [internal function]: CodeIgniter\Validation\Validation::CodeIgniter\Validation\{closure}('password')
 3 SYSTEMPATH\Validation\Validation.php(832): array_filter([...], Object(Closure), 2)
 4 APPPATH\Services\LoginService.php(30): CodeIgniter\Validation\Validation->getError()
 5 APPPATH\Controllers\Admin\LoginControllers.php(30): App\Services\LoginService->hasLoginInfo(Object(CodeIgniter\HTTP\IncomingRequest))
 6 SYSTEMPATH\CodeIgniter.php(942): App\Controllers\Admin\LoginControllers->login()
 7 SYSTEMPATH\CodeIgniter.php(502): CodeIgniter\CodeIgniter->runController(Object(App\Controllers\Admin\LoginControllers))
 8 SYSTEMPATH\CodeIgniter.php(361): CodeIgniter\CodeIgniter->handleRequest(null, Object(Config\Cache), false)
 9 FCPATH\index.php(81): CodeIgniter\CodeIgniter->run()
10 SYSTEMPATH\Commands\Server\rewrite.php(47): require_once('D:\\xampp\\file\\htdocs\\ComputerShop\\public\\index.php')
INFO - 2024-02-24 05:57:47 --> Session: Class initialized using 'CodeIgniter\Session\Handlers\FileHandler' driver.
INFO - 2024-02-24 05:57:47 --> Session: Class initialized using 'CodeIgniter\Session\Handlers\FileHandler' driver.
WARNING - 2024-02-24 05:57:49 --> [DEPRECATED] preg_quote(): Passing null to parameter #1 ($str) of type string is deprecated in SYSTEMPATH\Validation\Validation.php on line 833.
 1 SYSTEMPATH\Validation\Validation.php(833): preg_quote(null, '/')
 2 [internal function]: CodeIgniter\Validation\Validation::CodeIgniter\Validation\{closure}('password')
 3 SYSTEMPATH\Validation\Validation.php(832): array_filter([...], Object(Closure), 2)
 4 APPPATH\Services\LoginService.php(30): CodeIgniter\Validation\Validation->getError()
 5 APPPATH\Controllers\Admin\LoginControllers.php(30): App\Services\LoginService->hasLoginInfo(Object(CodeIgniter\HTTP\IncomingRequest))
 6 SYSTEMPATH\CodeIgniter.php(942): App\Controllers\Admin\LoginControllers->login()
 7 SYSTEMPATH\CodeIgniter.php(502): CodeIgniter\CodeIgniter->runController(Object(App\Controllers\Admin\LoginControllers))
 8 SYSTEMPATH\CodeIgniter.php(361): CodeIgniter\CodeIgniter->handleRequest(null, Object(Config\Cache), false)
 9 FCPATH\index.php(81): CodeIgniter\CodeIgniter->run()
10 SYSTEMPATH\Commands\Server\rewrite.php(47): require_once('D:\\xampp\\file\\htdocs\\ComputerShop\\public\\index.php')
INFO - 2024-02-24 05:57:56 --> Session: Class initialized using 'CodeIgniter\Session\Handlers\FileHandler' driver.
INFO - 2024-02-24 05:57:56 --> Session: Class initialized using 'CodeIgniter\Session\Handlers\FileHandler' driver.
INFO - 2024-02-24 05:58:30 --> Session: Class initialized using 'CodeIgniter\Session\Handlers\FileHandler' driver.
INFO - 2024-02-24 05:58:31 --> Session: Class initialized using 'CodeIgniter\Session\Handlers\FileHandler' driver.
WARNING - 2024-02-24 05:58:33 --> [DEPRECATED] preg_quote(): Passing null to parameter #1 ($str) of type string is deprecated in SYSTEMPATH\Validation\Validation.php on line 833.
 1 SYSTEMPATH\Validation\Validation.php(833): preg_quote(null, '/')
 2 [internal function]: CodeIgniter\Validation\Validation::CodeIgniter\Validation\{closure}('password')
 3 SYSTEMPATH\Validation\Validation.php(832): array_filter([...], Object(Closure), 2)
 4 APPPATH\Services\LoginService.php(30): CodeIgniter\Validation\Validation->getError()
 5 APPPATH\Controllers\Admin\LoginControllers.php(30): App\Services\LoginService->hasLoginInfo(Object(CodeIgniter\HTTP\IncomingRequest))
 6 SYSTEMPATH\CodeIgniter.php(942): App\Controllers\Admin\LoginControllers->login()
 7 SYSTEMPATH\CodeIgniter.php(502): CodeIgniter\CodeIgniter->runController(Object(App\Controllers\Admin\LoginControllers))
 8 SYSTEMPATH\CodeIgniter.php(361): CodeIgniter\CodeIgniter->handleRequest(null, Object(Config\Cache), false)
 9 FCPATH\index.php(81): CodeIgniter\CodeIgniter->run()
10 SYSTEMPATH\Commands\Server\rewrite.php(47): require_once('D:\\xampp\\file\\htdocs\\ComputerShop\\public\\index.php')
WARNING - 2024-02-24 05:59:00 --> [DEPRECATED] preg_quote(): Passing null to parameter #1 ($str) of type string is deprecated in SYSTEMPATH\Validation\Validation.php on line 833.
 1 SYSTEMPATH\Validation\Validation.php(833): preg_quote(null, '/')
 2 [internal function]: CodeIgniter\Validation\Validation::CodeIgniter\Validation\{closure}('password')
 3 SYSTEMPATH\Validation\Validation.php(832): array_filter([...], Object(Closure), 2)
 4 APPPATH\Services\LoginService.php(30): CodeIgniter\Validation\Validation->getError()
 5 APPPATH\Controllers\Admin\LoginControllers.php(30): App\Services\LoginService->hasLoginInfo(Object(CodeIgniter\HTTP\IncomingRequest))
 6 SYSTEMPATH\CodeIgniter.php(942): App\Controllers\Admin\LoginControllers->login()
 7 SYSTEMPATH\CodeIgniter.php(502): CodeIgniter\CodeIgniter->runController(Object(App\Controllers\Admin\LoginControllers))
 8 SYSTEMPATH\CodeIgniter.php(361): CodeIgniter\CodeIgniter->handleRequest(null, Object(Config\Cache), false)
 9 FCPATH\index.php(81): CodeIgniter\CodeIgniter->run()
10 SYSTEMPATH\Commands\Server\rewrite.php(47): require_once('D:\\xampp\\file\\htdocs\\ComputerShop\\public\\index.php')
INFO - 2024-02-24 05:59:00 --> Session: Class initialized using 'CodeIgniter\Session\Handlers\FileHandler' driver.
INFO - 2024-02-24 05:59:00 --> Session: Class initialized using 'CodeIgniter\Session\Handlers\FileHandler' driver.
INFO - 2024-02-24 05:59:00 --> Session: Class initialized using 'CodeIgniter\Session\Handlers\FileHandler' driver.
WARNING - 2024-02-24 05:59:02 --> [DEPRECATED] preg_quote(): Passing null to parameter #1 ($str) of type string is deprecated in SYSTEMPATH\Validation\Validation.php on line 833.
 1 SYSTEMPATH\Validation\Validation.php(833): preg_quote(null, '/')
 2 [internal function]: CodeIgniter\Validation\Validation::CodeIgniter\Validation\{closure}('password')
 3 SYSTEMPATH\Validation\Validation.php(832): array_filter([...], Object(Closure), 2)
 4 APPPATH\Services\LoginService.php(30): CodeIgniter\Validation\Validation->getError()
 5 APPPATH\Controllers\Admin\LoginControllers.php(30): App\Services\LoginService->hasLoginInfo(Object(CodeIgniter\HTTP\IncomingRequest))
 6 SYSTEMPATH\CodeIgniter.php(942): App\Controllers\Admin\LoginControllers->login()
 7 SYSTEMPATH\CodeIgniter.php(502): CodeIgniter\CodeIgniter->runController(Object(App\Controllers\Admin\LoginControllers))
 8 SYSTEMPATH\CodeIgniter.php(361): CodeIgniter\CodeIgniter->handleRequest(null, Object(Config\Cache), false)
 9 FCPATH\index.php(81): CodeIgniter\CodeIgniter->run()
10 SYSTEMPATH\Commands\Server\rewrite.php(47): require_once('D:\\xampp\\file\\htdocs\\ComputerShop\\public\\index.php')
INFO - 2024-02-24 05:59:02 --> Session: Class initialized using 'CodeIgniter\Session\Handlers\FileHandler' driver.
INFO - 2024-02-24 05:59:02 --> Session: Class initialized using 'CodeIgniter\Session\Handlers\FileHandler' driver.
INFO - 2024-02-24 05:59:03 --> Session: Class initialized using 'CodeIgniter\Session\Handlers\FileHandler' driver.
INFO - 2024-02-24 06:09:23 --> Session: Class initialized using 'CodeIgniter\Session\Handlers\FileHandler' driver.
INFO - 2024-02-24 06:09:23 --> Session: Class initialized using 'CodeIgniter\Session\Handlers\FileHandler' driver.
WARNING - 2024-02-24 06:09:29 --> [DEPRECATED] preg_quote(): Passing null to parameter #1 ($str) of type string is deprecated in SYSTEMPATH\Validation\Validation.php on line 833.
 1 SYSTEMPATH\Validation\Validation.php(833): preg_quote(null, '/')
 2 [internal function]: CodeIgniter\Validation\Validation::CodeIgniter\Validation\{closure}('password')
 3 SYSTEMPATH\Validation\Validation.php(832): array_filter([...], Object(Closure), 2)
 4 APPPATH\Services\LoginService.php(30): CodeIgniter\Validation\Validation->getError()
 5 APPPATH\Controllers\Admin\LoginControllers.php(30): App\Services\LoginService->hasLoginInfo(Object(CodeIgniter\HTTP\IncomingRequest))
 6 SYSTEMPATH\CodeIgniter.php(942): App\Controllers\Admin\LoginControllers->login()
 7 SYSTEMPATH\CodeIgniter.php(502): CodeIgniter\CodeIgniter->runController(Object(App\Controllers\Admin\LoginControllers))
 8 SYSTEMPATH\CodeIgniter.php(361): CodeIgniter\CodeIgniter->handleRequest(null, Object(Config\Cache), false)
 9 FCPATH\index.php(81): CodeIgniter\CodeIgniter->run()
10 SYSTEMPATH\Commands\Server\rewrite.php(47): require_once('D:\\xampp\\file\\htdocs\\ComputerShop\\public\\index.php')
INFO - 2024-02-24 06:09:29 --> Session: Class initialized using 'CodeIgniter\Session\Handlers\FileHandler' driver.
INFO - 2024-02-24 06:09:29 --> Session: Class initialized using 'CodeIgniter\Session\Handlers\FileHandler' driver.
INFO - 2024-02-24 06:09:30 --> Session: Class initialized using 'CodeIgniter\Session\Handlers\FileHandler' driver.
WARNING - 2024-02-24 06:09:32 --> [DEPRECATED] preg_quote(): Passing null to parameter #1 ($str) of type string is deprecated in SYSTEMPATH\Validation\Validation.php on line 833.
 1 SYSTEMPATH\Validation\Validation.php(833): preg_quote(null, '/')
 2 [internal function]: CodeIgniter\Validation\Validation::CodeIgniter\Validation\{closure}('password')
 3 SYSTEMPATH\Validation\Validation.php(832): array_filter([...], Object(Closure), 2)
 4 APPPATH\Services\LoginService.php(30): CodeIgniter\Validation\Validation->getError()
 5 APPPATH\Controllers\Admin\LoginControllers.php(30): App\Services\LoginService->hasLoginInfo(Object(CodeIgniter\HTTP\IncomingRequest))
 6 SYSTEMPATH\CodeIgniter.php(942): App\Controllers\Admin\LoginControllers->login()
 7 SYSTEMPATH\CodeIgniter.php(502): CodeIgniter\CodeIgniter->runController(Object(App\Controllers\Admin\LoginControllers))
 8 SYSTEMPATH\CodeIgniter.php(361): CodeIgniter\CodeIgniter->handleRequest(null, Object(Config\Cache), false)
 9 FCPATH\index.php(81): CodeIgniter\CodeIgniter->run()
10 SYSTEMPATH\Commands\Server\rewrite.php(47): require_once('D:\\xampp\\file\\htdocs\\ComputerShop\\public\\index.php')
INFO - 2024-02-24 06:09:32 --> Session: Class initialized using 'CodeIgniter\Session\Handlers\FileHandler' driver.
INFO - 2024-02-24 06:09:32 --> Session: Class initialized using 'CodeIgniter\Session\Handlers\FileHandler' driver.
INFO - 2024-02-24 06:09:33 --> Session: Class initialized using 'CodeIgniter\Session\Handlers\FileHandler' driver.
WARNING - 2024-02-24 06:10:38 --> [DEPRECATED] preg_quote(): Passing null to parameter #1 ($str) of type string is deprecated in SYSTEMPATH\Validation\Validation.php on line 833.
 1 SYSTEMPATH\Validation\Validation.php(833): preg_quote(null, '/')
 2 [internal function]: CodeIgniter\Validation\Validation::CodeIgniter\Validation\{closure}('password')
 3 SYSTEMPATH\Validation\Validation.php(832): array_filter([...], Object(Closure), 2)
 4 APPPATH\Services\LoginService.php(30): CodeIgniter\Validation\Validation->getError()
 5 APPPATH\Controllers\Admin\LoginControllers.php(30): App\Services\LoginService->hasLoginInfo(Object(CodeIgniter\HTTP\IncomingRequest))
 6 SYSTEMPATH\CodeIgniter.php(942): App\Controllers\Admin\LoginControllers->login()
 7 SYSTEMPATH\CodeIgniter.php(502): CodeIgniter\CodeIgniter->runController(Object(App\Controllers\Admin\LoginControllers))
 8 SYSTEMPATH\CodeIgniter.php(361): CodeIgniter\CodeIgniter->handleRequest(null, Object(Config\Cache), false)
 9 FCPATH\index.php(81): CodeIgniter\CodeIgniter->run()
10 SYSTEMPATH\Commands\Server\rewrite.php(47): require_once('D:\\xampp\\file\\htdocs\\ComputerShop\\public\\index.php')
INFO - 2024-02-24 06:10:38 --> Session: Class initialized using 'CodeIgniter\Session\Handlers\FileHandler' driver.
INFO - 2024-02-24 06:10:38 --> Session: Class initialized using 'CodeIgniter\Session\Handlers\FileHandler' driver.
INFO - 2024-02-24 06:10:38 --> Session: Class initialized using 'CodeIgniter\Session\Handlers\FileHandler' driver.
INFO - 2024-02-24 06:10:45 --> Session: Class initialized using 'CodeIgniter\Session\Handlers\FileHandler' driver.
INFO - 2024-02-24 06:10:45 --> Session: Class initialized using 'CodeIgniter\Session\Handlers\FileHandler' driver.
WARNING - 2024-02-24 06:10:48 --> [DEPRECATED] preg_quote(): Passing null to parameter #1 ($str) of type string is deprecated in SYSTEMPATH\Validation\Validation.php on line 833.
 1 SYSTEMPATH\Validation\Validation.php(833): preg_quote(null, '/')
 2 [internal function]: CodeIgniter\Validation\Validation::CodeIgniter\Validation\{closure}('password')
 3 SYSTEMPATH\Validation\Validation.php(832): array_filter([...], Object(Closure), 2)
 4 APPPATH\Services\LoginService.php(30): CodeIgniter\Validation\Validation->getError()
 5 APPPATH\Controllers\Admin\LoginControllers.php(30): App\Services\LoginService->hasLoginInfo(Object(CodeIgniter\HTTP\IncomingRequest))
 6 SYSTEMPATH\CodeIgniter.php(942): App\Controllers\Admin\LoginControllers->login()
 7 SYSTEMPATH\CodeIgniter.php(502): CodeIgniter\CodeIgniter->runController(Object(App\Controllers\Admin\LoginControllers))
 8 SYSTEMPATH\CodeIgniter.php(361): CodeIgniter\CodeIgniter->handleRequest(null, Object(Config\Cache), false)
 9 FCPATH\index.php(81): CodeIgniter\CodeIgniter->run()
10 SYSTEMPATH\Commands\Server\rewrite.php(47): require_once('D:\\xampp\\file\\htdocs\\ComputerShop\\public\\index.php')
INFO - 2024-02-24 06:10:48 --> Session: Class initialized using 'CodeIgniter\Session\Handlers\FileHandler' driver.
INFO - 2024-02-24 06:10:48 --> Session: Class initialized using 'CodeIgniter\Session\Handlers\FileHandler' driver.
INFO - 2024-02-24 06:10:49 --> Session: Class initialized using 'CodeIgniter\Session\Handlers\FileHandler' driver.
INFO - 2024-02-24 06:11:02 --> Session: Class initialized using 'CodeIgniter\Session\Handlers\FileHandler' driver.
INFO - 2024-02-24 06:11:02 --> Session: Class initialized using 'CodeIgniter\Session\Handlers\FileHandler' driver.
INFO - 2024-02-24 06:11:09 --> Session: Class initialized using 'CodeIgniter\Session\Handlers\FileHandler' driver.
INFO - 2024-02-24 06:11:09 --> Session: Class initialized using 'CodeIgniter\Session\Handlers\FileHandler' driver.
INFO - 2024-02-24 06:11:15 --> Session: Class initialized using 'CodeIgniter\Session\Handlers\FileHandler' driver.
INFO - 2024-02-24 06:11:16 --> Session: Class initialized using 'CodeIgniter\Session\Handlers\FileHandler' driver.
WARNING - 2024-02-24 06:11:18 --> [DEPRECATED] preg_quote(): Passing null to parameter #1 ($str) of type string is deprecated in SYSTEMPATH\Validation\Validation.php on line 833.
 1 SYSTEMPATH\Validation\Validation.php(833): preg_quote(null, '/')
 2 [internal function]: CodeIgniter\Validation\Validation::CodeIgniter\Validation\{closure}('password')
 3 SYSTEMPATH\Validation\Validation.php(832): array_filter([...], Object(Closure), 2)
 4 APPPATH\Services\LoginService.php(30): CodeIgniter\Validation\Validation->getError()
 5 APPPATH\Controllers\Admin\LoginControllers.php(30): App\Services\LoginService->hasLoginInfo(Object(CodeIgniter\HTTP\IncomingRequest))
 6 SYSTEMPATH\CodeIgniter.php(942): App\Controllers\Admin\LoginControllers->login()
 7 SYSTEMPATH\CodeIgniter.php(502): CodeIgniter\CodeIgniter->runController(Object(App\Controllers\Admin\LoginControllers))
 8 SYSTEMPATH\CodeIgniter.php(361): CodeIgniter\CodeIgniter->handleRequest(null, Object(Config\Cache), false)
 9 FCPATH\index.php(81): CodeIgniter\CodeIgniter->run()
10 SYSTEMPATH\Commands\Server\rewrite.php(47): require_once('D:\\xampp\\file\\htdocs\\ComputerShop\\public\\index.php')
INFO - 2024-02-24 06:11:18 --> Session: Class initialized using 'CodeIgniter\Session\Handlers\FileHandler' driver.
INFO - 2024-02-24 06:11:19 --> Session: Class initialized using 'CodeIgniter\Session\Handlers\FileHandler' driver.
WARNING - 2024-02-24 06:11:52 --> [DEPRECATED] preg_quote(): Passing null to parameter #1 ($str) of type string is deprecated in SYSTEMPATH\Validation\Validation.php on line 833.
 1 SYSTEMPATH\Validation\Validation.php(833): preg_quote(null, '/')
 2 [internal function]: CodeIgniter\Validation\Validation::CodeIgniter\Validation\{closure}('password')
 3 SYSTEMPATH\Validation\Validation.php(832): array_filter([...], Object(Closure), 2)
 4 APPPATH\Services\LoginService.php(30): CodeIgniter\Validation\Validation->getError()
 5 APPPATH\Controllers\Admin\LoginControllers.php(30): App\Services\LoginService->hasLoginInfo(Object(CodeIgniter\HTTP\IncomingRequest))
 6 SYSTEMPATH\CodeIgniter.php(942): App\Controllers\Admin\LoginControllers->login()
 7 SYSTEMPATH\CodeIgniter.php(502): CodeIgniter\CodeIgniter->runController(Object(App\Controllers\Admin\LoginControllers))
 8 SYSTEMPATH\CodeIgniter.php(361): CodeIgniter\CodeIgniter->handleRequest(null, Object(Config\Cache), false)
 9 FCPATH\index.php(81): CodeIgniter\CodeIgniter->run()
10 SYSTEMPATH\Commands\Server\rewrite.php(47): require_once('D:\\xampp\\file\\htdocs\\ComputerShop\\public\\index.php')
INFO - 2024-02-24 06:11:53 --> Session: Class initialized using 'CodeIgniter\Session\Handlers\FileHandler' driver.
INFO - 2024-02-24 06:11:53 --> Session: Class initialized using 'CodeIgniter\Session\Handlers\FileHandler' driver.
INFO - 2024-02-24 06:11:53 --> Session: Class initialized using 'CodeIgniter\Session\Handlers\FileHandler' driver.
INFO - 2024-02-24 06:11:57 --> Session: Class initialized using 'CodeIgniter\Session\Handlers\FileHandler' driver.
INFO - 2024-02-24 06:11:58 --> Session: Class initialized using 'CodeIgniter\Session\Handlers\FileHandler' driver.
WARNING - 2024-02-24 06:12:00 --> [DEPRECATED] preg_quote(): Passing null to parameter #1 ($str) of type string is deprecated in SYSTEMPATH\Validation\Validation.php on line 833.
 1 SYSTEMPATH\Validation\Validation.php(833): preg_quote(null, '/')
 2 [internal function]: CodeIgniter\Validation\Validation::CodeIgniter\Validation\{closure}('password')
 3 SYSTEMPATH\Validation\Validation.php(832): array_filter([...], Object(Closure), 2)
 4 APPPATH\Services\LoginService.php(30): CodeIgniter\Validation\Validation->getError()
 5 APPPATH\Controllers\Admin\LoginControllers.php(30): App\Services\LoginService->hasLoginInfo(Object(CodeIgniter\HTTP\IncomingRequest))
 6 SYSTEMPATH\CodeIgniter.php(942): App\Controllers\Admin\LoginControllers->login()
 7 SYSTEMPATH\CodeIgniter.php(502): CodeIgniter\CodeIgniter->runController(Object(App\Controllers\Admin\LoginControllers))
 8 SYSTEMPATH\CodeIgniter.php(361): CodeIgniter\CodeIgniter->handleRequest(null, Object(Config\Cache), false)
 9 FCPATH\index.php(81): CodeIgniter\CodeIgniter->run()
10 SYSTEMPATH\Commands\Server\rewrite.php(47): require_once('D:\\xampp\\file\\htdocs\\ComputerShop\\public\\index.php')
INFO - 2024-02-24 06:12:00 --> Session: Class initialized using 'CodeIgniter\Session\Handlers\FileHandler' driver.
INFO - 2024-02-24 06:12:01 --> Session: Class initialized using 'CodeIgniter\Session\Handlers\FileHandler' driver.
INFO - 2024-02-24 06:12:02 --> Session: Class initialized using 'CodeIgniter\Session\Handlers\FileHandler' driver.
WARNING - 2024-02-24 06:12:22 --> [DEPRECATED] preg_quote(): Passing null to parameter #1 ($str) of type string is deprecated in SYSTEMPATH\Validation\Validation.php on line 833.
 1 SYSTEMPATH\Validation\Validation.php(833): preg_quote(null, '/')
 2 [internal function]: CodeIgniter\Validation\Validation::CodeIgniter\Validation\{closure}('password')
 3 SYSTEMPATH\Validation\Validation.php(832): array_filter([...], Object(Closure), 2)
 4 APPPATH\Services\LoginService.php(30): CodeIgniter\Validation\Validation->getError()
 5 APPPATH\Controllers\Admin\LoginControllers.php(30): App\Services\LoginService->hasLoginInfo(Object(CodeIgniter\HTTP\IncomingRequest))
 6 SYSTEMPATH\CodeIgniter.php(942): App\Controllers\Admin\LoginControllers->login()
 7 SYSTEMPATH\CodeIgniter.php(502): CodeIgniter\CodeIgniter->runController(Object(App\Controllers\Admin\LoginControllers))
 8 SYSTEMPATH\CodeIgniter.php(361): CodeIgniter\CodeIgniter->handleRequest(null, Object(Config\Cache), false)
 9 FCPATH\index.php(81): CodeIgniter\CodeIgniter->run()
10 SYSTEMPATH\Commands\Server\rewrite.php(47): require_once('D:\\xampp\\file\\htdocs\\ComputerShop\\public\\index.php')
INFO - 2024-02-24 06:12:22 --> Session: Class initialized using 'CodeIgniter\Session\Handlers\FileHandler' driver.
INFO - 2024-02-24 06:12:22 --> Session: Class initialized using 'CodeIgniter\Session\Handlers\FileHandler' driver.
INFO - 2024-02-24 06:12:23 --> Session: Class initialized using 'CodeIgniter\Session\Handlers\FileHandler' driver.
INFO - 2024-02-24 06:21:46 --> Session: Class initialized using 'CodeIgniter\Session\Handlers\FileHandler' driver.
INFO - 2024-02-24 06:21:46 --> Session: Class initialized using 'CodeIgniter\Session\Handlers\FileHandler' driver.
WARNING - 2024-02-24 06:21:48 --> [DEPRECATED] preg_quote(): Passing null to parameter #1 ($str) of type string is deprecated in SYSTEMPATH\Validation\Validation.php on line 833.
 1 SYSTEMPATH\Validation\Validation.php(833): preg_quote(null, '/')
 2 [internal function]: CodeIgniter\Validation\Validation::CodeIgniter\Validation\{closure}('password')
 3 SYSTEMPATH\Validation\Validation.php(832): array_filter([...], Object(Closure), 2)
 4 APPPATH\Services\LoginService.php(30): CodeIgniter\Validation\Validation->getError()
 5 APPPATH\Controllers\Admin\LoginControllers.php(31): App\Services\LoginService->hasLoginInfo(Object(CodeIgniter\HTTP\IncomingRequest))
 6 SYSTEMPATH\CodeIgniter.php(942): App\Controllers\Admin\LoginControllers->login()
 7 SYSTEMPATH\CodeIgniter.php(502): CodeIgniter\CodeIgniter->runController(Object(App\Controllers\Admin\LoginControllers))
 8 SYSTEMPATH\CodeIgniter.php(361): CodeIgniter\CodeIgniter->handleRequest(null, Object(Config\Cache), false)
 9 FCPATH\index.php(81): CodeIgniter\CodeIgniter->run()
10 SYSTEMPATH\Commands\Server\rewrite.php(47): require_once('D:\\xampp\\file\\htdocs\\ComputerShop\\public\\index.php')
INFO - 2024-02-24 06:21:48 --> Session: Class initialized using 'CodeIgniter\Session\Handlers\FileHandler' driver.
INFO - 2024-02-24 06:21:48 --> Session: Class initialized using 'CodeIgniter\Session\Handlers\FileHandler' driver.
INFO - 2024-02-24 06:21:49 --> Session: Class initialized using 'CodeIgniter\Session\Handlers\FileHandler' driver.
INFO - 2024-02-24 06:22:05 --> Session: Class initialized using 'CodeIgniter\Session\Handlers\FileHandler' driver.
INFO - 2024-02-24 06:22:06 --> Session: Class initialized using 'CodeIgniter\Session\Handlers\FileHandler' driver.
INFO - 2024-02-24 06:22:10 --> Session: Class initialized using 'CodeIgniter\Session\Handlers\FileHandler' driver.
INFO - 2024-02-24 06:22:11 --> Session: Class initialized using 'CodeIgniter\Session\Handlers\FileHandler' driver.
WARNING - 2024-02-24 06:22:24 --> [DEPRECATED] preg_quote(): Passing null to parameter #1 ($str) of type string is deprecated in SYSTEMPATH\Validation\Validation.php on line 833.
 1 SYSTEMPATH\Validation\Validation.php(833): preg_quote(null, '/')
 2 [internal function]: CodeIgniter\Validation\Validation::CodeIgniter\Validation\{closure}('password')
 3 SYSTEMPATH\Validation\Validation.php(832): array_filter([...], Object(Closure), 2)
 4 APPPATH\Services\LoginService.php(30): CodeIgniter\Validation\Validation->getError()
 5 APPPATH\Controllers\Admin\LoginControllers.php(31): App\Services\LoginService->hasLoginInfo(Object(CodeIgniter\HTTP\IncomingRequest))
 6 SYSTEMPATH\CodeIgniter.php(942): App\Controllers\Admin\LoginControllers->login()
 7 SYSTEMPATH\CodeIgniter.php(502): CodeIgniter\CodeIgniter->runController(Object(App\Controllers\Admin\LoginControllers))
 8 SYSTEMPATH\CodeIgniter.php(361): CodeIgniter\CodeIgniter->handleRequest(null, Object(Config\Cache), false)
 9 FCPATH\index.php(81): CodeIgniter\CodeIgniter->run()
10 SYSTEMPATH\Commands\Server\rewrite.php(47): require_once('D:\\xampp\\file\\htdocs\\ComputerShop\\public\\index.php')
INFO - 2024-02-24 06:22:24 --> Session: Class initialized using 'CodeIgniter\Session\Handlers\FileHandler' driver.
INFO - 2024-02-24 06:22:24 --> Session: Class initialized using 'CodeIgniter\Session\Handlers\FileHandler' driver.
INFO - 2024-02-24 06:22:25 --> Session: Class initialized using 'CodeIgniter\Session\Handlers\FileHandler' driver.
INFO - 2024-02-24 06:22:46 --> Session: Class initialized using 'CodeIgniter\Session\Handlers\FileHandler' driver.
INFO - 2024-02-24 06:22:46 --> Session: Class initialized using 'CodeIgniter\Session\Handlers\FileHandler' driver.
WARNING - 2024-02-24 06:22:48 --> [DEPRECATED] preg_quote(): Passing null to parameter #1 ($str) of type string is deprecated in SYSTEMPATH\Validation\Validation.php on line 833.
 1 SYSTEMPATH\Validation\Validation.php(833): preg_quote(null, '/')
 2 [internal function]: CodeIgniter\Validation\Validation::CodeIgniter\Validation\{closure}('password')
 3 SYSTEMPATH\Validation\Validation.php(832): array_filter([...], Object(Closure), 2)
 4 APPPATH\Services\LoginService.php(30): CodeIgniter\Validation\Validation->getError()
 5 APPPATH\Controllers\Admin\LoginControllers.php(31): App\Services\LoginService->hasLoginInfo(Object(CodeIgniter\HTTP\IncomingRequest))
 6 SYSTEMPATH\CodeIgniter.php(942): App\Controllers\Admin\LoginControllers->login()
 7 SYSTEMPATH\CodeIgniter.php(502): CodeIgniter\CodeIgniter->runController(Object(App\Controllers\Admin\LoginControllers))
 8 SYSTEMPATH\CodeIgniter.php(361): CodeIgniter\CodeIgniter->handleRequest(null, Object(Config\Cache), false)
 9 FCPATH\index.php(81): CodeIgniter\CodeIgniter->run()
10 SYSTEMPATH\Commands\Server\rewrite.php(47): require_once('D:\\xampp\\file\\htdocs\\ComputerShop\\public\\index.php')
INFO - 2024-02-24 06:22:48 --> Session: Class initialized using 'CodeIgniter\Session\Handlers\FileHandler' driver.
INFO - 2024-02-24 06:22:48 --> Session: Class initialized using 'CodeIgniter\Session\Handlers\FileHandler' driver.
INFO - 2024-02-24 06:22:48 --> Session: Class initialized using 'CodeIgniter\Session\Handlers\FileHandler' driver.
INFO - 2024-02-24 06:25:39 --> Session: Class initialized using 'CodeIgniter\Session\Handlers\FileHandler' driver.
INFO - 2024-02-24 06:25:40 --> Session: Class initialized using 'CodeIgniter\Session\Handlers\FileHandler' driver.
WARNING - 2024-02-24 06:25:48 --> [DEPRECATED] preg_quote(): Passing null to parameter #1 ($str) of type string is deprecated in SYSTEMPATH\Validation\Validation.php on line 833.
 1 SYSTEMPATH\Validation\Validation.php(833): preg_quote(null, '/')
 2 [internal function]: CodeIgniter\Validation\Validation::CodeIgniter\Validation\{closure}('password')
 3 SYSTEMPATH\Validation\Validation.php(832): array_filter([...], Object(Closure), 2)
 4 APPPATH\Services\LoginService.php(30): CodeIgniter\Validation\Validation->getError()
 5 APPPATH\Controllers\Admin\LoginControllers.php(31): App\Services\LoginService->hasLoginInfo(Object(CodeIgniter\HTTP\IncomingRequest))
 6 SYSTEMPATH\CodeIgniter.php(942): App\Controllers\Admin\LoginControllers->login()
 7 SYSTEMPATH\CodeIgniter.php(502): CodeIgniter\CodeIgniter->runController(Object(App\Controllers\Admin\LoginControllers))
 8 SYSTEMPATH\CodeIgniter.php(361): CodeIgniter\CodeIgniter->handleRequest(null, Object(Config\Cache), false)
 9 FCPATH\index.php(81): CodeIgniter\CodeIgniter->run()
10 SYSTEMPATH\Commands\Server\rewrite.php(47): require_once('D:\\xampp\\file\\htdocs\\ComputerShop\\public\\index.php')
INFO - 2024-02-24 06:25:48 --> Session: Class initialized using 'CodeIgniter\Session\Handlers\FileHandler' driver.
INFO - 2024-02-24 06:25:48 --> Session: Class initialized using 'CodeIgniter\Session\Handlers\FileHandler' driver.
INFO - 2024-02-24 06:25:49 --> Session: Class initialized using 'CodeIgniter\Session\Handlers\FileHandler' driver.
WARNING - 2024-02-24 06:25:52 --> [DEPRECATED] preg_quote(): Passing null to parameter #1 ($str) of type string is deprecated in SYSTEMPATH\Validation\Validation.php on line 833.
 1 SYSTEMPATH\Validation\Validation.php(833): preg_quote(null, '/')
 2 [internal function]: CodeIgniter\Validation\Validation::CodeIgniter\Validation\{closure}('password')
 3 SYSTEMPATH\Validation\Validation.php(832): array_filter([...], Object(Closure), 2)
 4 APPPATH\Services\LoginService.php(30): CodeIgniter\Validation\Validation->getError()
 5 APPPATH\Controllers\Admin\LoginControllers.php(31): App\Services\LoginService->hasLoginInfo(Object(CodeIgniter\HTTP\IncomingRequest))
 6 SYSTEMPATH\CodeIgniter.php(942): App\Controllers\Admin\LoginControllers->login()
 7 SYSTEMPATH\CodeIgniter.php(502): CodeIgniter\CodeIgniter->runController(Object(App\Controllers\Admin\LoginControllers))
 8 SYSTEMPATH\CodeIgniter.php(361): CodeIgniter\CodeIgniter->handleRequest(null, Object(Config\Cache), false)
 9 FCPATH\index.php(81): CodeIgniter\CodeIgniter->run()
10 SYSTEMPATH\Commands\Server\rewrite.php(47): require_once('D:\\xampp\\file\\htdocs\\ComputerShop\\public\\index.php')
INFO - 2024-02-24 06:25:52 --> Session: Class initialized using 'CodeIgniter\Session\Handlers\FileHandler' driver.
WARNING - 2024-02-24 06:25:52 --> [DEPRECATED] preg_quote(): Passing null to parameter #1 ($str) of type string is deprecated in SYSTEMPATH\Validation\Validation.php on line 833.
 1 SYSTEMPATH\Validation\Validation.php(833): preg_quote(null, '/')
 2 [internal function]: CodeIgniter\Validation\Validation::CodeIgniter\Validation\{closure}('password')
 3 SYSTEMPATH\Validation\Validation.php(832): array_filter([...], Object(Closure), 2)
 4 APPPATH\Services\LoginService.php(30): CodeIgniter\Validation\Validation->getError()
 5 APPPATH\Controllers\Admin\LoginControllers.php(31): App\Services\LoginService->hasLoginInfo(Object(CodeIgniter\HTTP\IncomingRequest))
 6 SYSTEMPATH\CodeIgniter.php(942): App\Controllers\Admin\LoginControllers->login()
 7 SYSTEMPATH\CodeIgniter.php(502): CodeIgniter\CodeIgniter->runController(Object(App\Controllers\Admin\LoginControllers))
 8 SYSTEMPATH\CodeIgniter.php(361): CodeIgniter\CodeIgniter->handleRequest(null, Object(Config\Cache), false)
 9 FCPATH\index.php(81): CodeIgniter\CodeIgniter->run()
10 SYSTEMPATH\Commands\Server\rewrite.php(47): require_once('D:\\xampp\\file\\htdocs\\ComputerShop\\public\\index.php')
INFO - 2024-02-24 06:25:52 --> Session: Class initialized using 'CodeIgniter\Session\Handlers\FileHandler' driver.
WARNING - 2024-02-24 06:25:52 --> [DEPRECATED] preg_quote(): Passing null to parameter #1 ($str) of type string is deprecated in SYSTEMPATH\Validation\Validation.php on line 833.
 1 SYSTEMPATH\Validation\Validation.php(833): preg_quote(null, '/')
 2 [internal function]: CodeIgniter\Validation\Validation::CodeIgniter\Validation\{closure}('password')
 3 SYSTEMPATH\Validation\Validation.php(832): array_filter([...], Object(Closure), 2)
 4 APPPATH\Services\LoginService.php(30): CodeIgniter\Validation\Validation->getError()
 5 APPPATH\Controllers\Admin\LoginControllers.php(31): App\Services\LoginService->hasLoginInfo(Object(CodeIgniter\HTTP\IncomingRequest))
 6 SYSTEMPATH\CodeIgniter.php(942): App\Controllers\Admin\LoginControllers->login()
 7 SYSTEMPATH\CodeIgniter.php(502): CodeIgniter\CodeIgniter->runController(Object(App\Controllers\Admin\LoginControllers))
 8 SYSTEMPATH\CodeIgniter.php(361): CodeIgniter\CodeIgniter->handleRequest(null, Object(Config\Cache), false)
 9 FCPATH\index.php(81): CodeIgniter\CodeIgniter->run()
10 SYSTEMPATH\Commands\Server\rewrite.php(47): require_once('D:\\xampp\\file\\htdocs\\ComputerShop\\public\\index.php')
INFO - 2024-02-24 06:25:52 --> Session: Class initialized using 'CodeIgniter\Session\Handlers\FileHandler' driver.
WARNING - 2024-02-24 06:25:53 --> [DEPRECATED] preg_quote(): Passing null to parameter #1 ($str) of type string is deprecated in SYSTEMPATH\Validation\Validation.php on line 833.
 1 SYSTEMPATH\Validation\Validation.php(833): preg_quote(null, '/')
 2 [internal function]: CodeIgniter\Validation\Validation::CodeIgniter\Validation\{closure}('password')
 3 SYSTEMPATH\Validation\Validation.php(832): array_filter([...], Object(Closure), 2)
 4 APPPATH\Services\LoginService.php(30): CodeIgniter\Validation\Validation->getError()
 5 APPPATH\Controllers\Admin\LoginControllers.php(31): App\Services\LoginService->hasLoginInfo(Object(CodeIgniter\HTTP\IncomingRequest))
 6 SYSTEMPATH\CodeIgniter.php(942): App\Controllers\Admin\LoginControllers->login()
 7 SYSTEMPATH\CodeIgniter.php(502): CodeIgniter\CodeIgniter->runController(Object(App\Controllers\Admin\LoginControllers))
 8 SYSTEMPATH\CodeIgniter.php(361): CodeIgniter\CodeIgniter->handleRequest(null, Object(Config\Cache), false)
 9 FCPATH\index.php(81): CodeIgniter\CodeIgniter->run()
10 SYSTEMPATH\Commands\Server\rewrite.php(47): require_once('D:\\xampp\\file\\htdocs\\ComputerShop\\public\\index.php')
INFO - 2024-02-24 06:25:53 --> Session: Class initialized using 'CodeIgniter\Session\Handlers\FileHandler' driver.
WARNING - 2024-02-24 06:25:53 --> [DEPRECATED] preg_quote(): Passing null to parameter #1 ($str) of type string is deprecated in SYSTEMPATH\Validation\Validation.php on line 833.
 1 SYSTEMPATH\Validation\Validation.php(833): preg_quote(null, '/')
 2 [internal function]: CodeIgniter\Validation\Validation::CodeIgniter\Validation\{closure}('password')
 3 SYSTEMPATH\Validation\Validation.php(832): array_filter([...], Object(Closure), 2)
 4 APPPATH\Services\LoginService.php(30): CodeIgniter\Validation\Validation->getError()
 5 APPPATH\Controllers\Admin\LoginControllers.php(31): App\Services\LoginService->hasLoginInfo(Object(CodeIgniter\HTTP\IncomingRequest))
 6 SYSTEMPATH\CodeIgniter.php(942): App\Controllers\Admin\LoginControllers->login()
 7 SYSTEMPATH\CodeIgniter.php(502): CodeIgniter\CodeIgniter->runController(Object(App\Controllers\Admin\LoginControllers))
 8 SYSTEMPATH\CodeIgniter.php(361): CodeIgniter\CodeIgniter->handleRequest(null, Object(Config\Cache), false)
 9 FCPATH\index.php(81): CodeIgniter\CodeIgniter->run()
10 SYSTEMPATH\Commands\Server\rewrite.php(47): require_once('D:\\xampp\\file\\htdocs\\ComputerShop\\public\\index.php')
INFO - 2024-02-24 06:25:53 --> Session: Class initialized using 'CodeIgniter\Session\Handlers\FileHandler' driver.
WARNING - 2024-02-24 06:25:53 --> [DEPRECATED] preg_quote(): Passing null to parameter #1 ($str) of type string is deprecated in SYSTEMPATH\Validation\Validation.php on line 833.
 1 SYSTEMPATH\Validation\Validation.php(833): preg_quote(null, '/')
 2 [internal function]: CodeIgniter\Validation\Validation::CodeIgniter\Validation\{closure}('password')
 3 SYSTEMPATH\Validation\Validation.php(832): array_filter([...], Object(Closure), 2)
 4 APPPATH\Services\LoginService.php(30): CodeIgniter\Validation\Validation->getError()
 5 APPPATH\Controllers\Admin\LoginControllers.php(31): App\Services\LoginService->hasLoginInfo(Object(CodeIgniter\HTTP\IncomingRequest))
 6 SYSTEMPATH\CodeIgniter.php(942): App\Controllers\Admin\LoginControllers->login()
 7 SYSTEMPATH\CodeIgniter.php(502): CodeIgniter\CodeIgniter->runController(Object(App\Controllers\Admin\LoginControllers))
 8 SYSTEMPATH\CodeIgniter.php(361): CodeIgniter\CodeIgniter->handleRequest(null, Object(Config\Cache), false)
 9 FCPATH\index.php(81): CodeIgniter\CodeIgniter->run()
10 SYSTEMPATH\Commands\Server\rewrite.php(47): require_once('D:\\xampp\\file\\htdocs\\ComputerShop\\public\\index.php')
INFO - 2024-02-24 06:25:53 --> Session: Class initialized using 'CodeIgniter\Session\Handlers\FileHandler' driver.
INFO - 2024-02-24 06:25:54 --> Session: Class initialized using 'CodeIgniter\Session\Handlers\FileHandler' driver.
INFO - 2024-02-24 06:25:54 --> Session: Class initialized using 'CodeIgniter\Session\Handlers\FileHandler' driver.
INFO - 2024-02-24 06:29:56 --> Session: Class initialized using 'CodeIgniter\Session\Handlers\FileHandler' driver.
INFO - 2024-02-24 06:29:56 --> Session: Class initialized using 'CodeIgniter\Session\Handlers\FileHandler' driver.
WARNING - 2024-02-24 06:30:08 --> [DEPRECATED] preg_quote(): Passing null to parameter #1 ($str) of type string is deprecated in SYSTEMPATH\Validation\Validation.php on line 833.
 1 SYSTEMPATH\Validation\Validation.php(833): preg_quote(null, '/')
 2 [internal function]: CodeIgniter\Validation\Validation::CodeIgniter\Validation\{closure}('password')
 3 SYSTEMPATH\Validation\Validation.php(832): array_filter([...], Object(Closure), 2)
 4 APPPATH\Services\LoginService.php(30): CodeIgniter\Validation\Validation->getError()
 5 APPPATH\Controllers\Admin\LoginControllers.php(31): App\Services\LoginService->hasLoginInfo(Object(CodeIgniter\HTTP\IncomingRequest))
 6 SYSTEMPATH\CodeIgniter.php(942): App\Controllers\Admin\LoginControllers->login()
 7 SYSTEMPATH\CodeIgniter.php(502): CodeIgniter\CodeIgniter->runController(Object(App\Controllers\Admin\LoginControllers))
 8 SYSTEMPATH\CodeIgniter.php(361): CodeIgniter\CodeIgniter->handleRequest(null, Object(Config\Cache), false)
 9 FCPATH\index.php(81): CodeIgniter\CodeIgniter->run()
10 SYSTEMPATH\Commands\Server\rewrite.php(47): require_once('D:\\xampp\\file\\htdocs\\ComputerShop\\public\\index.php')
INFO - 2024-02-24 06:30:08 --> Session: Class initialized using 'CodeIgniter\Session\Handlers\FileHandler' driver.
INFO - 2024-02-24 06:30:08 --> Session: Class initialized using 'CodeIgniter\Session\Handlers\FileHandler' driver.
INFO - 2024-02-24 06:30:09 --> Session: Class initialized using 'CodeIgniter\Session\Handlers\FileHandler' driver.
WARNING - 2024-02-24 06:30:41 --> [DEPRECATED] preg_quote(): Passing null to parameter #1 ($str) of type string is deprecated in SYSTEMPATH\Validation\Validation.php on line 833.
 1 SYSTEMPATH\Validation\Validation.php(833): preg_quote(null, '/')
 2 [internal function]: CodeIgniter\Validation\Validation::CodeIgniter\Validation\{closure}('password')
 3 SYSTEMPATH\Validation\Validation.php(832): array_filter([...], Object(Closure), 2)
 4 APPPATH\Services\LoginService.php(30): CodeIgniter\Validation\Validation->getError()
 5 APPPATH\Controllers\Admin\LoginControllers.php(31): App\Services\LoginService->hasLoginInfo(Object(CodeIgniter\HTTP\IncomingRequest))
 6 SYSTEMPATH\CodeIgniter.php(942): App\Controllers\Admin\LoginControllers->login()
 7 SYSTEMPATH\CodeIgniter.php(502): CodeIgniter\CodeIgniter->runController(Object(App\Controllers\Admin\LoginControllers))
 8 SYSTEMPATH\CodeIgniter.php(361): CodeIgniter\CodeIgniter->handleRequest(null, Object(Config\Cache), false)
 9 FCPATH\index.php(81): CodeIgniter\CodeIgniter->run()
10 SYSTEMPATH\Commands\Server\rewrite.php(47): require_once('D:\\xampp\\file\\htdocs\\ComputerShop\\public\\index.php')
INFO - 2024-02-24 06:30:41 --> Session: Class initialized using 'CodeIgniter\Session\Handlers\FileHandler' driver.
INFO - 2024-02-24 06:30:42 --> Session: Class initialized using 'CodeIgniter\Session\Handlers\FileHandler' driver.
INFO - 2024-02-24 06:30:42 --> Session: Class initialized using 'CodeIgniter\Session\Handlers\FileHandler' driver.
INFO - 2024-02-24 06:33:22 --> Session: Class initialized using 'CodeIgniter\Session\Handlers\FileHandler' driver.
INFO - 2024-02-24 06:33:22 --> Session: Class initialized using 'CodeIgniter\Session\Handlers\FileHandler' driver.
WARNING - 2024-02-24 06:33:25 --> [DEPRECATED] preg_quote(): Passing null to parameter #1 ($str) of type string is deprecated in SYSTEMPATH\Validation\Validation.php on line 833.
 1 SYSTEMPATH\Validation\Validation.php(833): preg_quote(null, '/')
 2 [internal function]: CodeIgniter\Validation\Validation::CodeIgniter\Validation\{closure}('password')
 3 SYSTEMPATH\Validation\Validation.php(832): array_filter([...], Object(Closure), 2)
 4 APPPATH\Services\LoginService.php(30): CodeIgniter\Validation\Validation->getError()
 5 APPPATH\Controllers\Admin\LoginControllers.php(31): App\Services\LoginService->hasLoginInfo(Object(CodeIgniter\HTTP\IncomingRequest))
 6 SYSTEMPATH\CodeIgniter.php(942): App\Controllers\Admin\LoginControllers->login()
 7 SYSTEMPATH\CodeIgniter.php(502): CodeIgniter\CodeIgniter->runController(Object(App\Controllers\Admin\LoginControllers))
 8 SYSTEMPATH\CodeIgniter.php(361): CodeIgniter\CodeIgniter->handleRequest(null, Object(Config\Cache), false)
 9 FCPATH\index.php(81): CodeIgniter\CodeIgniter->run()
10 SYSTEMPATH\Commands\Server\rewrite.php(47): require_once('D:\\xampp\\file\\htdocs\\ComputerShop\\public\\index.php')
INFO - 2024-02-24 06:33:25 --> Session: Class initialized using 'CodeIgniter\Session\Handlers\FileHandler' driver.
INFO - 2024-02-24 06:33:25 --> Session: Class initialized using 'CodeIgniter\Session\Handlers\FileHandler' driver.
INFO - 2024-02-24 06:33:26 --> Session: Class initialized using 'CodeIgniter\Session\Handlers\FileHandler' driver.
WARNING - 2024-02-24 06:33:33 --> [DEPRECATED] preg_quote(): Passing null to parameter #1 ($str) of type string is deprecated in SYSTEMPATH\Validation\Validation.php on line 833.
 1 SYSTEMPATH\Validation\Validation.php(833): preg_quote(null, '/')
 2 [internal function]: CodeIgniter\Validation\Validation::CodeIgniter\Validation\{closure}('password')
 3 SYSTEMPATH\Validation\Validation.php(832): array_filter([...], Object(Closure), 2)
 4 APPPATH\Services\LoginService.php(30): CodeIgniter\Validation\Validation->getError()
 5 APPPATH\Controllers\Admin\LoginControllers.php(31): App\Services\LoginService->hasLoginInfo(Object(CodeIgniter\HTTP\IncomingRequest))
 6 SYSTEMPATH\CodeIgniter.php(942): App\Controllers\Admin\LoginControllers->login()
 7 SYSTEMPATH\CodeIgniter.php(502): CodeIgniter\CodeIgniter->runController(Object(App\Controllers\Admin\LoginControllers))
 8 SYSTEMPATH\CodeIgniter.php(361): CodeIgniter\CodeIgniter->handleRequest(null, Object(Config\Cache), false)
 9 FCPATH\index.php(81): CodeIgniter\CodeIgniter->run()
10 SYSTEMPATH\Commands\Server\rewrite.php(47): require_once('D:\\xampp\\file\\htdocs\\ComputerShop\\public\\index.php')
INFO - 2024-02-24 06:33:33 --> Session: Class initialized using 'CodeIgniter\Session\Handlers\FileHandler' driver.
INFO - 2024-02-24 06:33:33 --> Session: Class initialized using 'CodeIgniter\Session\Handlers\FileHandler' driver.
INFO - 2024-02-24 06:33:34 --> Session: Class initialized using 'CodeIgniter\Session\Handlers\FileHandler' driver.
WARNING - 2024-02-24 06:33:35 --> [DEPRECATED] preg_quote(): Passing null to parameter #1 ($str) of type string is deprecated in SYSTEMPATH\Validation\Validation.php on line 833.
 1 SYSTEMPATH\Validation\Validation.php(833): preg_quote(null, '/')
 2 [internal function]: CodeIgniter\Validation\Validation::CodeIgniter\Validation\{closure}('password')
 3 SYSTEMPATH\Validation\Validation.php(832): array_filter([...], Object(Closure), 2)
 4 APPPATH\Services\LoginService.php(30): CodeIgniter\Validation\Validation->getError()
 5 APPPATH\Controllers\Admin\LoginControllers.php(31): App\Services\LoginService->hasLoginInfo(Object(CodeIgniter\HTTP\IncomingRequest))
 6 SYSTEMPATH\CodeIgniter.php(942): App\Controllers\Admin\LoginControllers->login()
 7 SYSTEMPATH\CodeIgniter.php(502): CodeIgniter\CodeIgniter->runController(Object(App\Controllers\Admin\LoginControllers))
 8 SYSTEMPATH\CodeIgniter.php(361): CodeIgniter\CodeIgniter->handleRequest(null, Object(Config\Cache), false)
 9 FCPATH\index.php(81): CodeIgniter\CodeIgniter->run()
10 SYSTEMPATH\Commands\Server\rewrite.php(47): require_once('D:\\xampp\\file\\htdocs\\ComputerShop\\public\\index.php')
INFO - 2024-02-24 06:33:35 --> Session: Class initialized using 'CodeIgniter\Session\Handlers\FileHandler' driver.
INFO - 2024-02-24 06:33:36 --> Session: Class initialized using 'CodeIgniter\Session\Handlers\FileHandler' driver.
INFO - 2024-02-24 06:33:36 --> Session: Class initialized using 'CodeIgniter\Session\Handlers\FileHandler' driver.
INFO - 2024-02-24 06:38:31 --> Session: Class initialized using 'CodeIgniter\Session\Handlers\FileHandler' driver.
INFO - 2024-02-24 06:38:31 --> Session: Class initialized using 'CodeIgniter\Session\Handlers\FileHandler' driver.
WARNING - 2024-02-24 06:38:33 --> [DEPRECATED] preg_quote(): Passing null to parameter #1 ($str) of type string is deprecated in SYSTEMPATH\Validation\Validation.php on line 833.
 1 SYSTEMPATH\Validation\Validation.php(833): preg_quote(null, '/')
 2 [internal function]: CodeIgniter\Validation\Validation::CodeIgniter\Validation\{closure}('password')
 3 SYSTEMPATH\Validation\Validation.php(832): array_filter([...], Object(Closure), 2)
 4 APPPATH\Services\LoginService.php(30): CodeIgniter\Validation\Validation->getError()
 5 APPPATH\Controllers\Admin\LoginControllers.php(31): App\Services\LoginService->hasLoginInfo(Object(CodeIgniter\HTTP\IncomingRequest))
 6 SYSTEMPATH\CodeIgniter.php(942): App\Controllers\Admin\LoginControllers->login()
 7 SYSTEMPATH\CodeIgniter.php(502): CodeIgniter\CodeIgniter->runController(Object(App\Controllers\Admin\LoginControllers))
 8 SYSTEMPATH\CodeIgniter.php(361): CodeIgniter\CodeIgniter->handleRequest(null, Object(Config\Cache), false)
 9 FCPATH\index.php(81): CodeIgniter\CodeIgniter->run()
10 SYSTEMPATH\Commands\Server\rewrite.php(47): require_once('D:\\xampp\\file\\htdocs\\ComputerShop\\public\\index.php')
INFO - 2024-02-24 06:38:33 --> Session: Class initialized using 'CodeIgniter\Session\Handlers\FileHandler' driver.
INFO - 2024-02-24 06:38:33 --> Session: Class initialized using 'CodeIgniter\Session\Handlers\FileHandler' driver.
INFO - 2024-02-24 06:38:34 --> Session: Class initialized using 'CodeIgniter\Session\Handlers\FileHandler' driver.
WARNING - 2024-02-24 06:38:35 --> [DEPRECATED] preg_quote(): Passing null to parameter #1 ($str) of type string is deprecated in SYSTEMPATH\Validation\Validation.php on line 833.
 1 SYSTEMPATH\Validation\Validation.php(833): preg_quote(null, '/')
 2 [internal function]: CodeIgniter\Validation\Validation::CodeIgniter\Validation\{closure}('password')
 3 SYSTEMPATH\Validation\Validation.php(832): array_filter([...], Object(Closure), 2)
 4 APPPATH\Services\LoginService.php(30): CodeIgniter\Validation\Validation->getError()
 5 APPPATH\Controllers\Admin\LoginControllers.php(31): App\Services\LoginService->hasLoginInfo(Object(CodeIgniter\HTTP\IncomingRequest))
 6 SYSTEMPATH\CodeIgniter.php(942): App\Controllers\Admin\LoginControllers->login()
 7 SYSTEMPATH\CodeIgniter.php(502): CodeIgniter\CodeIgniter->runController(Object(App\Controllers\Admin\LoginControllers))
 8 SYSTEMPATH\CodeIgniter.php(361): CodeIgniter\CodeIgniter->handleRequest(null, Object(Config\Cache), false)
 9 FCPATH\index.php(81): CodeIgniter\CodeIgniter->run()
10 SYSTEMPATH\Commands\Server\rewrite.php(47): require_once('D:\\xampp\\file\\htdocs\\ComputerShop\\public\\index.php')
INFO - 2024-02-24 06:38:35 --> Session: Class initialized using 'CodeIgniter\Session\Handlers\FileHandler' driver.
INFO - 2024-02-24 06:38:36 --> Session: Class initialized using 'CodeIgniter\Session\Handlers\FileHandler' driver.
INFO - 2024-02-24 06:38:36 --> Session: Class initialized using 'CodeIgniter\Session\Handlers\FileHandler' driver.
INFO - 2024-02-24 06:41:55 --> Session: Class initialized using 'CodeIgniter\Session\Handlers\FileHandler' driver.
INFO - 2024-02-24 06:41:55 --> Session: Class initialized using 'CodeIgniter\Session\Handlers\FileHandler' driver.
INFO - 2024-02-24 06:42:01 --> Session: Class initialized using 'CodeIgniter\Session\Handlers\FileHandler' driver.
INFO - 2024-02-24 06:42:01 --> Session: Class initialized using 'CodeIgniter\Session\Handlers\FileHandler' driver.
INFO - 2024-02-24 06:42:02 --> Session: Class initialized using 'CodeIgniter\Session\Handlers\FileHandler' driver.
INFO - 2024-02-24 06:42:03 --> Session: Class initialized using 'CodeIgniter\Session\Handlers\FileHandler' driver.
INFO - 2024-02-24 06:42:04 --> Session: Class initialized using 'CodeIgniter\Session\Handlers\FileHandler' driver.
INFO - 2024-02-24 06:42:04 --> Session: Class initialized using 'CodeIgniter\Session\Handlers\FileHandler' driver.
INFO - 2024-02-24 06:42:05 --> Session: Class initialized using 'CodeIgniter\Session\Handlers\FileHandler' driver.
INFO - 2024-02-24 06:42:06 --> Session: Class initialized using 'CodeIgniter\Session\Handlers\FileHandler' driver.
INFO - 2024-02-24 06:42:40 --> Session: Class initialized using 'CodeIgniter\Session\Handlers\FileHandler' driver.
INFO - 2024-02-24 06:42:41 --> Session: Class initialized using 'CodeIgniter\Session\Handlers\FileHandler' driver.
INFO - 2024-02-24 06:42:42 --> Session: Class initialized using 'CodeIgniter\Session\Handlers\FileHandler' driver.
INFO - 2024-02-24 06:42:43 --> Session: Class initialized using 'CodeIgniter\Session\Handlers\FileHandler' driver.
WARNING - 2024-02-24 06:44:26 --> [DEPRECATED] preg_quote(): Passing null to parameter #1 ($str) of type string is deprecated in SYSTEMPATH\Validation\Validation.php on line 833.
 1 SYSTEMPATH\Validation\Validation.php(833): preg_quote(null, '/')
 2 [internal function]: CodeIgniter\Validation\Validation::CodeIgniter\Validation\{closure}('password')
 3 SYSTEMPATH\Validation\Validation.php(832): array_filter([...], Object(Closure), 2)
 4 APPPATH\Services\LoginService.php(30): CodeIgniter\Validation\Validation->getError()
 5 APPPATH\Controllers\Admin\LoginControllers.php(30): App\Services\LoginService->hasLoginInfo(Object(CodeIgniter\HTTP\IncomingRequest))
 6 SYSTEMPATH\CodeIgniter.php(942): App\Controllers\Admin\LoginControllers->login()
 7 SYSTEMPATH\CodeIgniter.php(502): CodeIgniter\CodeIgniter->runController(Object(App\Controllers\Admin\LoginControllers))
 8 SYSTEMPATH\CodeIgniter.php(361): CodeIgniter\CodeIgniter->handleRequest(null, Object(Config\Cache), false)
 9 FCPATH\index.php(81): CodeIgniter\CodeIgniter->run()
10 SYSTEMPATH\Commands\Server\rewrite.php(47): require_once('D:\\xampp\\file\\htdocs\\ComputerShop\\public\\index.php')
INFO - 2024-02-24 06:44:26 --> Session: Class initialized using 'CodeIgniter\Session\Handlers\FileHandler' driver.
INFO - 2024-02-24 06:44:27 --> Session: Class initialized using 'CodeIgniter\Session\Handlers\FileHandler' driver.
INFO - 2024-02-24 06:44:27 --> Session: Class initialized using 'CodeIgniter\Session\Handlers\FileHandler' driver.
WARNING - 2024-02-24 06:44:29 --> [DEPRECATED] preg_quote(): Passing null to parameter #1 ($str) of type string is deprecated in SYSTEMPATH\Validation\Validation.php on line 833.
 1 SYSTEMPATH\Validation\Validation.php(833): preg_quote(null, '/')
 2 [internal function]: CodeIgniter\Validation\Validation::CodeIgniter\Validation\{closure}('password')
 3 SYSTEMPATH\Validation\Validation.php(832): array_filter([...], Object(Closure), 2)
 4 APPPATH\Services\LoginService.php(30): CodeIgniter\Validation\Validation->getError()
 5 APPPATH\Controllers\Admin\LoginControllers.php(30): App\Services\LoginService->hasLoginInfo(Object(CodeIgniter\HTTP\IncomingRequest))
 6 SYSTEMPATH\CodeIgniter.php(942): App\Controllers\Admin\LoginControllers->login()
 7 SYSTEMPATH\CodeIgniter.php(502): CodeIgniter\CodeIgniter->runController(Object(App\Controllers\Admin\LoginControllers))
 8 SYSTEMPATH\CodeIgniter.php(361): CodeIgniter\CodeIgniter->handleRequest(null, Object(Config\Cache), false)
 9 FCPATH\index.php(81): CodeIgniter\CodeIgniter->run()
10 SYSTEMPATH\Commands\Server\rewrite.php(47): require_once('D:\\xampp\\file\\htdocs\\ComputerShop\\public\\index.php')
INFO - 2024-02-24 06:44:29 --> Session: Class initialized using 'CodeIgniter\Session\Handlers\FileHandler' driver.
INFO - 2024-02-24 06:44:29 --> Session: Class initialized using 'CodeIgniter\Session\Handlers\FileHandler' driver.
INFO - 2024-02-24 06:44:30 --> Session: Class initialized using 'CodeIgniter\Session\Handlers\FileHandler' driver.
INFO - 2024-02-24 06:44:46 --> Session: Class initialized using 'CodeIgniter\Session\Handlers\FileHandler' driver.
INFO - 2024-02-24 06:44:46 --> Session: Class initialized using 'CodeIgniter\Session\Handlers\FileHandler' driver.
WARNING - 2024-02-24 06:44:48 --> [DEPRECATED] preg_quote(): Passing null to parameter #1 ($str) of type string is deprecated in SYSTEMPATH\Validation\Validation.php on line 833.
 1 SYSTEMPATH\Validation\Validation.php(833): preg_quote(null, '/')
 2 [internal function]: CodeIgniter\Validation\Validation::CodeIgniter\Validation\{closure}('password')
 3 SYSTEMPATH\Validation\Validation.php(832): array_filter([...], Object(Closure), 2)
 4 APPPATH\Services\LoginService.php(30): CodeIgniter\Validation\Validation->getError()
 5 APPPATH\Controllers\Admin\LoginControllers.php(30): App\Services\LoginService->hasLoginInfo(Object(CodeIgniter\HTTP\IncomingRequest))
 6 SYSTEMPATH\CodeIgniter.php(942): App\Controllers\Admin\LoginControllers->login()
 7 SYSTEMPATH\CodeIgniter.php(502): CodeIgniter\CodeIgniter->runController(Object(App\Controllers\Admin\LoginControllers))
 8 SYSTEMPATH\CodeIgniter.php(361): CodeIgniter\CodeIgniter->handleRequest(null, Object(Config\Cache), false)
 9 FCPATH\index.php(81): CodeIgniter\CodeIgniter->run()
10 SYSTEMPATH\Commands\Server\rewrite.php(47): require_once('D:\\xampp\\file\\htdocs\\ComputerShop\\public\\index.php')
INFO - 2024-02-24 06:44:48 --> Session: Class initialized using 'CodeIgniter\Session\Handlers\FileHandler' driver.
INFO - 2024-02-24 06:44:48 --> Session: Class initialized using 'CodeIgniter\Session\Handlers\FileHandler' driver.
INFO - 2024-02-24 06:44:48 --> Session: Class initialized using 'CodeIgniter\Session\Handlers\FileHandler' driver.
INFO - 2024-02-24 10:04:43 --> Session: Class initialized using 'CodeIgniter\Session\Handlers\FileHandler' driver.
INFO - 2024-02-24 10:04:44 --> Session: Class initialized using 'CodeIgniter\Session\Handlers\FileHandler' driver.
INFO - 2024-02-24 10:05:53 --> Session: Class initialized using 'CodeIgniter\Session\Handlers\FileHandler' driver.
INFO - 2024-02-24 10:05:53 --> Session: Class initialized using 'CodeIgniter\Session\Handlers\FileHandler' driver.
INFO - 2024-02-24 10:08:40 --> Session: Class initialized using 'CodeIgniter\Session\Handlers\FileHandler' driver.
INFO - 2024-02-24 10:08:40 --> Session: Class initialized using 'CodeIgniter\Session\Handlers\FileHandler' driver.
INFO - 2024-02-24 10:12:05 --> Session: Class initialized using 'CodeIgniter\Session\Handlers\FileHandler' driver.
INFO - 2024-02-24 10:12:05 --> Session: Class initialized using 'CodeIgniter\Session\Handlers\FileHandler' driver.
INFO - 2024-02-24 10:12:31 --> Session: Class initialized using 'CodeIgniter\Session\Handlers\FileHandler' driver.
INFO - 2024-02-24 10:12:32 --> Session: Class initialized using 'CodeIgniter\Session\Handlers\FileHandler' driver.
INFO - 2024-02-24 10:12:55 --> Session: Class initialized using 'CodeIgniter\Session\Handlers\FileHandler' driver.
INFO - 2024-02-24 10:12:56 --> Session: Class initialized using 'CodeIgniter\Session\Handlers\FileHandler' driver.
INFO - 2024-02-24 10:12:57 --> Session: Class initialized using 'CodeIgniter\Session\Handlers\FileHandler' driver.
INFO - 2024-02-24 10:12:57 --> Session: Class initialized using 'CodeIgniter\Session\Handlers\FileHandler' driver.
INFO - 2024-02-24 10:13:17 --> Session: Class initialized using 'CodeIgniter\Session\Handlers\FileHandler' driver.
INFO - 2024-02-24 10:13:18 --> Session: Class initialized using 'CodeIgniter\Session\Handlers\FileHandler' driver.
INFO - 2024-02-24 10:14:39 --> Session: Class initialized using 'CodeIgniter\Session\Handlers\FileHandler' driver.
INFO - 2024-02-24 10:14:40 --> Session: Class initialized using 'CodeIgniter\Session\Handlers\FileHandler' driver.
INFO - 2024-02-24 10:15:12 --> Session: Class initialized using 'CodeIgniter\Session\Handlers\FileHandler' driver.
INFO - 2024-02-24 10:15:12 --> Session: Class initialized using 'CodeIgniter\Session\Handlers\FileHandler' driver.
INFO - 2024-02-24 10:16:01 --> Session: Class initialized using 'CodeIgniter\Session\Handlers\FileHandler' driver.
INFO - 2024-02-24 10:16:02 --> Session: Class initialized using 'CodeIgniter\Session\Handlers\FileHandler' driver.
INFO - 2024-02-24 10:16:22 --> Session: Class initialized using 'CodeIgniter\Session\Handlers\FileHandler' driver.
INFO - 2024-02-24 10:16:23 --> Session: Class initialized using 'CodeIgniter\Session\Handlers\FileHandler' driver.
INFO - 2024-02-24 10:17:16 --> Session: Class initialized using 'CodeIgniter\Session\Handlers\FileHandler' driver.
INFO - 2024-02-24 10:17:16 --> Session: Class initialized using 'CodeIgniter\Session\Handlers\FileHandler' driver.
INFO - 2024-02-24 10:17:26 --> Session: Class initialized using 'CodeIgniter\Session\Handlers\FileHandler' driver.
INFO - 2024-02-24 10:17:27 --> Session: Class initialized using 'CodeIgniter\Session\Handlers\FileHandler' driver.
INFO - 2024-02-24 10:18:45 --> Session: Class initialized using 'CodeIgniter\Session\Handlers\FileHandler' driver.
INFO - 2024-02-24 10:18:46 --> Session: Class initialized using 'CodeIgniter\Session\Handlers\FileHandler' driver.
INFO - 2024-02-24 10:19:11 --> Session: Class initialized using 'CodeIgniter\Session\Handlers\FileHandler' driver.
INFO - 2024-02-24 10:19:11 --> Session: Class initialized using 'CodeIgniter\Session\Handlers\FileHandler' driver.
INFO - 2024-02-24 10:19:22 --> Session: Class initialized using 'CodeIgniter\Session\Handlers\FileHandler' driver.
INFO - 2024-02-24 10:19:23 --> Session: Class initialized using 'CodeIgniter\Session\Handlers\FileHandler' driver.
INFO - 2024-02-24 10:19:34 --> Session: Class initialized using 'CodeIgniter\Session\Handlers\FileHandler' driver.
INFO - 2024-02-24 10:19:35 --> Session: Class initialized using 'CodeIgniter\Session\Handlers\FileHandler' driver.
INFO - 2024-02-24 10:19:39 --> Session: Class initialized using 'CodeIgniter\Session\Handlers\FileHandler' driver.
INFO - 2024-02-24 10:19:40 --> Session: Class initialized using 'CodeIgniter\Session\Handlers\FileHandler' driver.
INFO - 2024-02-24 10:30:04 --> Session: Class initialized using 'CodeIgniter\Session\Handlers\FileHandler' driver.
INFO - 2024-02-24 10:30:05 --> Session: Class initialized using 'CodeIgniter\Session\Handlers\FileHandler' driver.
INFO - 2024-02-24 10:30:58 --> Session: Class initialized using 'CodeIgniter\Session\Handlers\FileHandler' driver.
INFO - 2024-02-24 10:30:59 --> Session: Class initialized using 'CodeIgniter\Session\Handlers\FileHandler' driver.
INFO - 2024-02-24 10:31:05 --> Session: Class initialized using 'CodeIgniter\Session\Handlers\FileHandler' driver.
INFO - 2024-02-24 10:31:06 --> Session: Class initialized using 'CodeIgniter\Session\Handlers\FileHandler' driver.
INFO - 2024-02-24 10:31:09 --> Session: Class initialized using 'CodeIgniter\Session\Handlers\FileHandler' driver.
INFO - 2024-02-24 10:31:10 --> Session: Class initialized using 'CodeIgniter\Session\Handlers\FileHandler' driver.
INFO - 2024-02-24 10:31:27 --> Session: Class initialized using 'CodeIgniter\Session\Handlers\FileHandler' driver.
INFO - 2024-02-24 10:31:28 --> Session: Class initialized using 'CodeIgniter\Session\Handlers\FileHandler' driver.
INFO - 2024-02-24 10:31:36 --> Session: Class initialized using 'CodeIgniter\Session\Handlers\FileHandler' driver.
INFO - 2024-02-24 10:31:37 --> Session: Class initialized using 'CodeIgniter\Session\Handlers\FileHandler' driver.
CRITICAL - 2024-02-24 10:32:26 --> Invalid file: "login.php"
in SYSTEMPATH\Exceptions\FrameworkException.php on line 39.
 1 SYSTEMPATH\View\View.php(216): CodeIgniter\Exceptions\FrameworkException::forInvalidFile('login.php')
 2 SYSTEMPATH\Common.php(1190): CodeIgniter\View\View->render('login', [], true)
 3 APPPATH\Controllers\Users\HomeControllers.php(10): view('login')
 4 SYSTEMPATH\CodeIgniter.php(942): App\Controllers\Users\HomeControllers->index()
 5 SYSTEMPATH\CodeIgniter.php(502): CodeIgniter\CodeIgniter->runController(Object(App\Controllers\Users\HomeControllers))
 6 SYSTEMPATH\CodeIgniter.php(361): CodeIgniter\CodeIgniter->handleRequest(null, Object(Config\Cache), false)
 7 FCPATH\index.php(81): CodeIgniter\CodeIgniter->run()
 8 SYSTEMPATH\Commands\Server\rewrite.php(47): require_once('D:\\xampp\\file\\htdocs\\ComputerShop\\public\\index.php')
INFO - 2024-02-24 10:32:40 --> Session: Class initialized using 'CodeIgniter\Session\Handlers\FileHandler' driver.
INFO - 2024-02-24 10:32:40 --> Session: Class initialized using 'CodeIgniter\Session\Handlers\FileHandler' driver.
INFO - 2024-02-24 10:33:01 --> Session: Class initialized using 'CodeIgniter\Session\Handlers\FileHandler' driver.
INFO - 2024-02-24 10:33:01 --> Session: Class initialized using 'CodeIgniter\Session\Handlers\FileHandler' driver.
INFO - 2024-02-24 10:33:59 --> Session: Class initialized using 'CodeIgniter\Session\Handlers\FileHandler' driver.
INFO - 2024-02-24 10:34:00 --> Session: Class initialized using 'CodeIgniter\Session\Handlers\FileHandler' driver.
INFO - 2024-02-24 10:36:26 --> Session: Class initialized using 'CodeIgniter\Session\Handlers\FileHandler' driver.
INFO - 2024-02-24 10:36:27 --> Session: Class initialized using 'CodeIgniter\Session\Handlers\FileHandler' driver.
INFO - 2024-02-24 10:37:32 --> Session: Class initialized using 'CodeIgniter\Session\Handlers\FileHandler' driver.
INFO - 2024-02-24 10:37:33 --> Session: Class initialized using 'CodeIgniter\Session\Handlers\FileHandler' driver.
INFO - 2024-02-24 10:38:19 --> Session: Class initialized using 'CodeIgniter\Session\Handlers\FileHandler' driver.
INFO - 2024-02-24 10:38:20 --> Session: Class initialized using 'CodeIgniter\Session\Handlers\FileHandler' driver.
INFO - 2024-02-24 10:39:38 --> Session: Class initialized using 'CodeIgniter\Session\Handlers\FileHandler' driver.
INFO - 2024-02-24 10:39:38 --> Session: Class initialized using 'CodeIgniter\Session\Handlers\FileHandler' driver.
INFO - 2024-02-24 10:40:07 --> Session: Class initialized using 'CodeIgniter\Session\Handlers\FileHandler' driver.
INFO - 2024-02-24 10:40:07 --> Session: Class initialized using 'CodeIgniter\Session\Handlers\FileHandler' driver.
INFO - 2024-02-24 10:41:06 --> Session: Class initialized using 'CodeIgniter\Session\Handlers\FileHandler' driver.
INFO - 2024-02-24 10:41:06 --> Session: Class initialized using 'CodeIgniter\Session\Handlers\FileHandler' driver.
INFO - 2024-02-24 10:41:44 --> Session: Class initialized using 'CodeIgniter\Session\Handlers\FileHandler' driver.
INFO - 2024-02-24 10:41:45 --> Session: Class initialized using 'CodeIgniter\Session\Handlers\FileHandler' driver.
INFO - 2024-02-24 10:42:13 --> Session: Class initialized using 'CodeIgniter\Session\Handlers\FileHandler' driver.
INFO - 2024-02-24 10:42:14 --> Session: Class initialized using 'CodeIgniter\Session\Handlers\FileHandler' driver.
INFO - 2024-02-24 10:42:18 --> Session: Class initialized using 'CodeIgniter\Session\Handlers\FileHandler' driver.
INFO - 2024-02-24 10:42:18 --> Session: Class initialized using 'CodeIgniter\Session\Handlers\FileHandler' driver.
INFO - 2024-02-24 10:44:58 --> Session: Class initialized using 'CodeIgniter\Session\Handlers\FileHandler' driver.
INFO - 2024-02-24 10:44:59 --> Session: Class initialized using 'CodeIgniter\Session\Handlers\FileHandler' driver.
INFO - 2024-02-24 10:45:05 --> Session: Class initialized using 'CodeIgniter\Session\Handlers\FileHandler' driver.
INFO - 2024-02-24 10:45:05 --> Session: Class initialized using 'CodeIgniter\Session\Handlers\FileHandler' driver.
INFO - 2024-02-24 10:45:42 --> Session: Class initialized using 'CodeIgniter\Session\Handlers\FileHandler' driver.
INFO - 2024-02-24 10:45:42 --> Session: Class initialized using 'CodeIgniter\Session\Handlers\FileHandler' driver.
INFO - 2024-02-24 10:47:19 --> Session: Class initialized using 'CodeIgniter\Session\Handlers\FileHandler' driver.
INFO - 2024-02-24 10:47:19 --> Session: Class initialized using 'CodeIgniter\Session\Handlers\FileHandler' driver.
INFO - 2024-02-24 10:48:04 --> Session: Class initialized using 'CodeIgniter\Session\Handlers\FileHandler' driver.
INFO - 2024-02-24 10:48:04 --> Session: Class initialized using 'CodeIgniter\Session\Handlers\FileHandler' driver.
INFO - 2024-02-24 10:48:28 --> Session: Class initialized using 'CodeIgniter\Session\Handlers\FileHandler' driver.
INFO - 2024-02-24 10:48:28 --> Session: Class initialized using 'CodeIgniter\Session\Handlers\FileHandler' driver.
INFO - 2024-02-24 10:51:09 --> Session: Class initialized using 'CodeIgniter\Session\Handlers\FileHandler' driver.
INFO - 2024-02-24 10:51:09 --> Session: Class initialized using 'CodeIgniter\Session\Handlers\FileHandler' driver.
INFO - 2024-02-24 10:51:26 --> Session: Class initialized using 'CodeIgniter\Session\Handlers\FileHandler' driver.
INFO - 2024-02-24 10:51:27 --> Session: Class initialized using 'CodeIgniter\Session\Handlers\FileHandler' driver.
INFO - 2024-02-24 10:51:33 --> Session: Class initialized using 'CodeIgniter\Session\Handlers\FileHandler' driver.
INFO - 2024-02-24 10:51:34 --> Session: Class initialized using 'CodeIgniter\Session\Handlers\FileHandler' driver.
INFO - 2024-02-24 11:32:17 --> Session: Class initialized using 'CodeIgniter\Session\Handlers\FileHandler' driver.
INFO - 2024-02-24 11:32:17 --> Session: Class initialized using 'CodeIgniter\Session\Handlers\FileHandler' driver.
INFO - 2024-02-24 11:32:18 --> Session: Class initialized using 'CodeIgniter\Session\Handlers\FileHandler' driver.
INFO - 2024-02-24 11:32:18 --> Session: Class initialized using 'CodeIgniter\Session\Handlers\FileHandler' driver.
INFO - 2024-02-24 11:32:21 --> Session: Class initialized using 'CodeIgniter\Session\Handlers\FileHandler' driver.
INFO - 2024-02-24 11:32:21 --> Session: Class initialized using 'CodeIgniter\Session\Handlers\FileHandler' driver.
INFO - 2024-02-24 11:32:29 --> Session: Class initialized using 'CodeIgniter\Session\Handlers\FileHandler' driver.
INFO - 2024-02-24 11:32:29 --> Session: Class initialized using 'CodeIgniter\Session\Handlers\FileHandler' driver.
INFO - 2024-02-24 11:34:17 --> Session: Class initialized using 'CodeIgniter\Session\Handlers\FileHandler' driver.
INFO - 2024-02-24 11:34:18 --> Session: Class initialized using 'CodeIgniter\Session\Handlers\FileHandler' driver.
INFO - 2024-02-24 11:34:21 --> Session: Class initialized using 'CodeIgniter\Session\Handlers\FileHandler' driver.
INFO - 2024-02-24 11:34:21 --> Session: Class initialized using 'CodeIgniter\Session\Handlers\FileHandler' driver.
INFO - 2024-02-24 11:34:22 --> Session: Class initialized using 'CodeIgniter\Session\Handlers\FileHandler' driver.
INFO - 2024-02-24 11:34:23 --> Session: Class initialized using 'CodeIgniter\Session\Handlers\FileHandler' driver.
INFO - 2024-02-24 14:57:37 --> Session: Class initialized using 'CodeIgniter\Session\Handlers\FileHandler' driver.
INFO - 2024-02-24 14:57:37 --> Session: Class initialized using 'CodeIgniter\Session\Handlers\FileHandler' driver.
INFO - 2024-02-24 14:58:28 --> Session: Class initialized using 'CodeIgniter\Session\Handlers\FileHandler' driver.
INFO - 2024-02-24 14:58:29 --> Session: Class initialized using 'CodeIgniter\Session\Handlers\FileHandler' driver.
INFO - 2024-02-24 14:58:33 --> Session: Class initialized using 'CodeIgniter\Session\Handlers\FileHandler' driver.
INFO - 2024-02-24 14:58:34 --> Session: Class initialized using 'CodeIgniter\Session\Handlers\FileHandler' driver.
INFO - 2024-02-24 14:58:35 --> Session: Class initialized using 'CodeIgniter\Session\Handlers\FileHandler' driver.
INFO - 2024-02-24 14:58:36 --> Session: Class initialized using 'CodeIgniter\Session\Handlers\FileHandler' driver.
INFO - 2024-02-24 15:00:11 --> Session: Class initialized using 'CodeIgniter\Session\Handlers\FileHandler' driver.
INFO - 2024-02-24 15:00:12 --> Session: Class initialized using 'CodeIgniter\Session\Handlers\FileHandler' driver.
INFO - 2024-02-24 15:03:01 --> Session: Class initialized using 'CodeIgniter\Session\Handlers\FileHandler' driver.
INFO - 2024-02-24 15:03:01 --> Session: Class initialized using 'CodeIgniter\Session\Handlers\FileHandler' driver.
INFO - 2024-02-24 15:03:35 --> Session: Class initialized using 'CodeIgniter\Session\Handlers\FileHandler' driver.
INFO - 2024-02-24 15:03:36 --> Session: Class initialized using 'CodeIgniter\Session\Handlers\FileHandler' driver.
INFO - 2024-02-24 15:03:39 --> Session: Class initialized using 'CodeIgniter\Session\Handlers\FileHandler' driver.
INFO - 2024-02-24 15:03:40 --> Session: Class initialized using 'CodeIgniter\Session\Handlers\FileHandler' driver.
INFO - 2024-02-24 15:03:43 --> Session: Class initialized using 'CodeIgniter\Session\Handlers\FileHandler' driver.
INFO - 2024-02-24 15:03:44 --> Session: Class initialized using 'CodeIgniter\Session\Handlers\FileHandler' driver.
INFO - 2024-02-24 15:07:58 --> Session: Class initialized using 'CodeIgniter\Session\Handlers\FileHandler' driver.
INFO - 2024-02-24 15:07:59 --> Session: Class initialized using 'CodeIgniter\Session\Handlers\FileHandler' driver.
INFO - 2024-02-24 15:08:09 --> Session: Class initialized using 'CodeIgniter\Session\Handlers\FileHandler' driver.
INFO - 2024-02-24 15:08:10 --> Session: Class initialized using 'CodeIgniter\Session\Handlers\FileHandler' driver.
INFO - 2024-02-24 15:13:38 --> Session: Class initialized using 'CodeIgniter\Session\Handlers\FileHandler' driver.
INFO - 2024-02-24 15:13:39 --> Session: Class initialized using 'CodeIgniter\Session\Handlers\FileHandler' driver.
INFO - 2024-02-24 15:13:42 --> Session: Class initialized using 'CodeIgniter\Session\Handlers\FileHandler' driver.
INFO - 2024-02-24 15:13:43 --> Session: Class initialized using 'CodeIgniter\Session\Handlers\FileHandler' driver.
INFO - 2024-02-24 15:13:46 --> Session: Class initialized using 'CodeIgniter\Session\Handlers\FileHandler' driver.
INFO - 2024-02-24 15:13:46 --> Session: Class initialized using 'CodeIgniter\Session\Handlers\FileHandler' driver.
INFO - 2024-02-24 15:14:34 --> Session: Class initialized using 'CodeIgniter\Session\Handlers\FileHandler' driver.
INFO - 2024-02-24 15:14:34 --> Session: Class initialized using 'CodeIgniter\Session\Handlers\FileHandler' driver.
INFO - 2024-02-24 15:15:16 --> Session: Class initialized using 'CodeIgniter\Session\Handlers\FileHandler' driver.
INFO - 2024-02-24 15:15:17 --> Session: Class initialized using 'CodeIgniter\Session\Handlers\FileHandler' driver.
INFO - 2024-02-24 15:16:39 --> Session: Class initialized using 'CodeIgniter\Session\Handlers\FileHandler' driver.
INFO - 2024-02-24 15:16:40 --> Session: Class initialized using 'CodeIgniter\Session\Handlers\FileHandler' driver.
INFO - 2024-02-24 15:16:57 --> Session: Class initialized using 'CodeIgniter\Session\Handlers\FileHandler' driver.
INFO - 2024-02-24 15:16:58 --> Session: Class initialized using 'CodeIgniter\Session\Handlers\FileHandler' driver.
INFO - 2024-02-24 15:18:00 --> Session: Class initialized using 'CodeIgniter\Session\Handlers\FileHandler' driver.
INFO - 2024-02-24 15:18:01 --> Session: Class initialized using 'CodeIgniter\Session\Handlers\FileHandler' driver.
INFO - 2024-02-24 15:18:11 --> Session: Class initialized using 'CodeIgniter\Session\Handlers\FileHandler' driver.
INFO - 2024-02-24 15:18:11 --> Session: Class initialized using 'CodeIgniter\Session\Handlers\FileHandler' driver.
INFO - 2024-02-24 15:18:38 --> Session: Class initialized using 'CodeIgniter\Session\Handlers\FileHandler' driver.
INFO - 2024-02-24 15:18:39 --> Session: Class initialized using 'CodeIgniter\Session\Handlers\FileHandler' driver.
INFO - 2024-02-24 15:18:48 --> Session: Class initialized using 'CodeIgniter\Session\Handlers\FileHandler' driver.
INFO - 2024-02-24 15:18:49 --> Session: Class initialized using 'CodeIgniter\Session\Handlers\FileHandler' driver.
INFO - 2024-02-24 15:19:42 --> Session: Class initialized using 'CodeIgniter\Session\Handlers\FileHandler' driver.
INFO - 2024-02-24 15:19:43 --> Session: Class initialized using 'CodeIgniter\Session\Handlers\FileHandler' driver.
INFO - 2024-02-24 15:21:01 --> Session: Class initialized using 'CodeIgniter\Session\Handlers\FileHandler' driver.
INFO - 2024-02-24 15:21:02 --> Session: Class initialized using 'CodeIgniter\Session\Handlers\FileHandler' driver.
INFO - 2024-02-24 15:21:19 --> Session: Class initialized using 'CodeIgniter\Session\Handlers\FileHandler' driver.
INFO - 2024-02-24 15:21:19 --> Session: Class initialized using 'CodeIgniter\Session\Handlers\FileHandler' driver.
INFO - 2024-02-24 15:22:21 --> Session: Class initialized using 'CodeIgniter\Session\Handlers\FileHandler' driver.
INFO - 2024-02-24 15:22:21 --> Session: Class initialized using 'CodeIgniter\Session\Handlers\FileHandler' driver.
INFO - 2024-02-24 15:22:46 --> Session: Class initialized using 'CodeIgniter\Session\Handlers\FileHandler' driver.
INFO - 2024-02-24 15:22:47 --> Session: Class initialized using 'CodeIgniter\Session\Handlers\FileHandler' driver.
INFO - 2024-02-24 15:22:52 --> Session: Class initialized using 'CodeIgniter\Session\Handlers\FileHandler' driver.
INFO - 2024-02-24 15:22:53 --> Session: Class initialized using 'CodeIgniter\Session\Handlers\FileHandler' driver.
INFO - 2024-02-24 15:23:06 --> Session: Class initialized using 'CodeIgniter\Session\Handlers\FileHandler' driver.
INFO - 2024-02-24 15:23:07 --> Session: Class initialized using 'CodeIgniter\Session\Handlers\FileHandler' driver.
INFO - 2024-02-24 15:23:36 --> Session: Class initialized using 'CodeIgniter\Session\Handlers\FileHandler' driver.
INFO - 2024-02-24 15:23:36 --> Session: Class initialized using 'CodeIgniter\Session\Handlers\FileHandler' driver.
INFO - 2024-02-24 15:23:39 --> Session: Class initialized using 'CodeIgniter\Session\Handlers\FileHandler' driver.
INFO - 2024-02-24 15:23:40 --> Session: Class initialized using 'CodeIgniter\Session\Handlers\FileHandler' driver.
INFO - 2024-02-24 15:25:14 --> Session: Class initialized using 'CodeIgniter\Session\Handlers\FileHandler' driver.
INFO - 2024-02-24 15:25:15 --> Session: Class initialized using 'CodeIgniter\Session\Handlers\FileHandler' driver.
INFO - 2024-02-24 15:25:22 --> Session: Class initialized using 'CodeIgniter\Session\Handlers\FileHandler' driver.
INFO - 2024-02-24 15:25:22 --> Session: Class initialized using 'CodeIgniter\Session\Handlers\FileHandler' driver.
INFO - 2024-02-24 15:25:35 --> Session: Class initialized using 'CodeIgniter\Session\Handlers\FileHandler' driver.
INFO - 2024-02-24 15:25:36 --> Session: Class initialized using 'CodeIgniter\Session\Handlers\FileHandler' driver.
INFO - 2024-02-24 15:25:50 --> Session: Class initialized using 'CodeIgniter\Session\Handlers\FileHandler' driver.
INFO - 2024-02-24 15:25:51 --> Session: Class initialized using 'CodeIgniter\Session\Handlers\FileHandler' driver.
INFO - 2024-02-24 15:25:59 --> Session: Class initialized using 'CodeIgniter\Session\Handlers\FileHandler' driver.
INFO - 2024-02-24 15:26:00 --> Session: Class initialized using 'CodeIgniter\Session\Handlers\FileHandler' driver.
INFO - 2024-02-24 15:26:54 --> Session: Class initialized using 'CodeIgniter\Session\Handlers\FileHandler' driver.
INFO - 2024-02-24 15:26:55 --> Session: Class initialized using 'CodeIgniter\Session\Handlers\FileHandler' driver.
INFO - 2024-02-24 15:28:09 --> Session: Class initialized using 'CodeIgniter\Session\Handlers\FileHandler' driver.
INFO - 2024-02-24 15:28:10 --> Session: Class initialized using 'CodeIgniter\Session\Handlers\FileHandler' driver.
INFO - 2024-02-24 15:28:26 --> Session: Class initialized using 'CodeIgniter\Session\Handlers\FileHandler' driver.
INFO - 2024-02-24 15:28:27 --> Session: Class initialized using 'CodeIgniter\Session\Handlers\FileHandler' driver.
INFO - 2024-02-24 15:28:33 --> Session: Class initialized using 'CodeIgniter\Session\Handlers\FileHandler' driver.
INFO - 2024-02-24 15:28:33 --> Session: Class initialized using 'CodeIgniter\Session\Handlers\FileHandler' driver.
INFO - 2024-02-24 15:28:34 --> Session: Class initialized using 'CodeIgniter\Session\Handlers\FileHandler' driver.
INFO - 2024-02-24 15:28:35 --> Session: Class initialized using 'CodeIgniter\Session\Handlers\FileHandler' driver.
INFO - 2024-02-24 15:28:58 --> Session: Class initialized using 'CodeIgniter\Session\Handlers\FileHandler' driver.
INFO - 2024-02-24 15:28:59 --> Session: Class initialized using 'CodeIgniter\Session\Handlers\FileHandler' driver.
INFO - 2024-02-24 15:29:10 --> Session: Class initialized using 'CodeIgniter\Session\Handlers\FileHandler' driver.
INFO - 2024-02-24 15:29:11 --> Session: Class initialized using 'CodeIgniter\Session\Handlers\FileHandler' driver.
INFO - 2024-02-24 15:30:59 --> Session: Class initialized using 'CodeIgniter\Session\Handlers\FileHandler' driver.
INFO - 2024-02-24 15:30:59 --> Session: Class initialized using 'CodeIgniter\Session\Handlers\FileHandler' driver.
INFO - 2024-02-24 15:31:03 --> Session: Class initialized using 'CodeIgniter\Session\Handlers\FileHandler' driver.
INFO - 2024-02-24 15:31:04 --> Session: Class initialized using 'CodeIgniter\Session\Handlers\FileHandler' driver.
INFO - 2024-02-24 15:31:07 --> Session: Class initialized using 'CodeIgniter\Session\Handlers\FileHandler' driver.
INFO - 2024-02-24 15:31:07 --> Session: Class initialized using 'CodeIgniter\Session\Handlers\FileHandler' driver.
INFO - 2024-02-24 15:31:15 --> Session: Class initialized using 'CodeIgniter\Session\Handlers\FileHandler' driver.
INFO - 2024-02-24 15:31:16 --> Session: Class initialized using 'CodeIgniter\Session\Handlers\FileHandler' driver.
INFO - 2024-02-24 15:31:25 --> Session: Class initialized using 'CodeIgniter\Session\Handlers\FileHandler' driver.
INFO - 2024-02-24 15:31:25 --> Session: Class initialized using 'CodeIgniter\Session\Handlers\FileHandler' driver.
INFO - 2024-02-24 15:32:15 --> Session: Class initialized using 'CodeIgniter\Session\Handlers\FileHandler' driver.
INFO - 2024-02-24 15:32:16 --> Session: Class initialized using 'CodeIgniter\Session\Handlers\FileHandler' driver.
INFO - 2024-02-24 15:32:18 --> Session: Class initialized using 'CodeIgniter\Session\Handlers\FileHandler' driver.
INFO - 2024-02-24 15:32:19 --> Session: Class initialized using 'CodeIgniter\Session\Handlers\FileHandler' driver.
INFO - 2024-02-24 15:33:34 --> Session: Class initialized using 'CodeIgniter\Session\Handlers\FileHandler' driver.
INFO - 2024-02-24 15:33:35 --> Session: Class initialized using 'CodeIgniter\Session\Handlers\FileHandler' driver.
INFO - 2024-02-24 15:34:11 --> Session: Class initialized using 'CodeIgniter\Session\Handlers\FileHandler' driver.
INFO - 2024-02-24 15:34:12 --> Session: Class initialized using 'CodeIgniter\Session\Handlers\FileHandler' driver.
INFO - 2024-02-24 15:34:22 --> Session: Class initialized using 'CodeIgniter\Session\Handlers\FileHandler' driver.
INFO - 2024-02-24 15:34:23 --> Session: Class initialized using 'CodeIgniter\Session\Handlers\FileHandler' driver.
INFO - 2024-02-24 15:34:59 --> Session: Class initialized using 'CodeIgniter\Session\Handlers\FileHandler' driver.
INFO - 2024-02-24 15:35:00 --> Session: Class initialized using 'CodeIgniter\Session\Handlers\FileHandler' driver.
INFO - 2024-02-24 15:35:05 --> Session: Class initialized using 'CodeIgniter\Session\Handlers\FileHandler' driver.
INFO - 2024-02-24 15:35:06 --> Session: Class initialized using 'CodeIgniter\Session\Handlers\FileHandler' driver.
INFO - 2024-02-24 15:39:20 --> Session: Class initialized using 'CodeIgniter\Session\Handlers\FileHandler' driver.
INFO - 2024-02-24 15:39:20 --> Session: Class initialized using 'CodeIgniter\Session\Handlers\FileHandler' driver.
INFO - 2024-02-24 15:39:57 --> Session: Class initialized using 'CodeIgniter\Session\Handlers\FileHandler' driver.
INFO - 2024-02-24 15:39:58 --> Session: Class initialized using 'CodeIgniter\Session\Handlers\FileHandler' driver.
INFO - 2024-02-24 15:40:00 --> Session: Class initialized using 'CodeIgniter\Session\Handlers\FileHandler' driver.
INFO - 2024-02-24 15:40:03 --> Session: Class initialized using 'CodeIgniter\Session\Handlers\FileHandler' driver.
INFO - 2024-02-24 15:40:55 --> Session: Class initialized using 'CodeIgniter\Session\Handlers\FileHandler' driver.
INFO - 2024-02-24 15:40:59 --> Session: Class initialized using 'CodeIgniter\Session\Handlers\FileHandler' driver.
INFO - 2024-02-24 15:41:44 --> Session: Class initialized using 'CodeIgniter\Session\Handlers\FileHandler' driver.
INFO - 2024-02-24 15:41:44 --> Session: Class initialized using 'CodeIgniter\Session\Handlers\FileHandler' driver.
INFO - 2024-02-24 15:41:57 --> Session: Class initialized using 'CodeIgniter\Session\Handlers\FileHandler' driver.
INFO - 2024-02-24 15:41:58 --> Session: Class initialized using 'CodeIgniter\Session\Handlers\FileHandler' driver.
INFO - 2024-02-24 15:42:05 --> Session: Class initialized using 'CodeIgniter\Session\Handlers\FileHandler' driver.
INFO - 2024-02-24 15:42:10 --> Session: Class initialized using 'CodeIgniter\Session\Handlers\FileHandler' driver.
INFO - 2024-02-24 15:42:11 --> Session: Class initialized using 'CodeIgniter\Session\Handlers\FileHandler' driver.
INFO - 2024-02-24 15:42:12 --> Session: Class initialized using 'CodeIgniter\Session\Handlers\FileHandler' driver.
INFO - 2024-02-24 15:42:17 --> Session: Class initialized using 'CodeIgniter\Session\Handlers\FileHandler' driver.
INFO - 2024-02-24 15:42:17 --> Session: Class initialized using 'CodeIgniter\Session\Handlers\FileHandler' driver.
INFO - 2024-02-24 15:42:21 --> Session: Class initialized using 'CodeIgniter\Session\Handlers\FileHandler' driver.
INFO - 2024-02-24 15:42:22 --> Session: Class initialized using 'CodeIgniter\Session\Handlers\FileHandler' driver.
INFO - 2024-02-24 15:44:28 --> Session: Class initialized using 'CodeIgniter\Session\Handlers\FileHandler' driver.
INFO - 2024-02-24 15:44:31 --> Session: Class initialized using 'CodeIgniter\Session\Handlers\FileHandler' driver.
INFO - 2024-02-24 16:22:33 --> Session: Class initialized using 'CodeIgniter\Session\Handlers\FileHandler' driver.
INFO - 2024-02-24 16:22:34 --> Session: Class initialized using 'CodeIgniter\Session\Handlers\FileHandler' driver.
