INFO - 2024-03-26 04:14:17 --> Session: Class initialized using 'CodeIgniter\Session\Handlers\FileHandler' driver.
INFO - 2024-03-26 04:14:19 --> Session: Class initialized using 'CodeIgniter\Session\Handlers\FileHandler' driver.
WARNING - 2024-03-26 04:16:17 --> [DEPRECATED] Creation of dynamic property App\Controllers\Admin\HomeControllers::$db is deprecated in APPPATH\Controllers\Admin\HomeControllers.php on line 13.
 1 SYSTEMPATH\CodeIgniter.php(914): App\Controllers\Admin\HomeControllers->__construct()
 2 SYSTEMPATH\CodeIgniter.php(493): CodeIgniter\CodeIgniter->createController()
 3 SYSTEMPATH\CodeIgniter.php(361): CodeIgniter\CodeIgniter->handleRequest(null, Object(Config\Cache), false)
 4 FCPATH\index.php(81): CodeIgniter\CodeIgniter->run()
 5 SYSTEMPATH\Commands\Server\rewrite.php(47): require_once('D:\\xampp\\file\\htdocs\\ComputerShop\\public\\index.php')
INFO - 2024-03-26 04:16:17 --> Session: Class initialized using 'CodeIgniter\Session\Handlers\FileHandler' driver.
INFO - 2024-03-26 04:16:18 --> Session: Class initialized using 'CodeIgniter\Session\Handlers\FileHandler' driver.
INFO - 2024-03-26 04:16:29 --> Session: Class initialized using 'CodeIgniter\Session\Handlers\FileHandler' driver.
INFO - 2024-03-26 04:16:30 --> Session: Class initialized using 'CodeIgniter\Session\Handlers\FileHandler' driver.
INFO - 2024-03-26 04:16:36 --> Session: Class initialized using 'CodeIgniter\Session\Handlers\FileHandler' driver.
INFO - 2024-03-26 04:16:37 --> Session: Class initialized using 'CodeIgniter\Session\Handlers\FileHandler' driver.
INFO - 2024-03-26 04:18:07 --> Session: Class initialized using 'CodeIgniter\Session\Handlers\FileHandler' driver.
INFO - 2024-03-26 04:18:07 --> Session: Class initialized using 'CodeIgniter\Session\Handlers\FileHandler' driver.
INFO - 2024-03-26 04:18:40 --> Session: Class initialized using 'CodeIgniter\Session\Handlers\FileHandler' driver.
INFO - 2024-03-26 04:18:41 --> Session: Class initialized using 'CodeIgniter\Session\Handlers\FileHandler' driver.
INFO - 2024-03-26 04:36:50 --> Session: Class initialized using 'CodeIgniter\Session\Handlers\FileHandler' driver.
INFO - 2024-03-26 04:36:51 --> Session: Class initialized using 'CodeIgniter\Session\Handlers\FileHandler' driver.
INFO - 2024-03-26 04:36:56 --> Session: Class initialized using 'CodeIgniter\Session\Handlers\FileHandler' driver.
INFO - 2024-03-26 04:36:57 --> Session: Class initialized using 'CodeIgniter\Session\Handlers\FileHandler' driver.
CRITICAL - 2024-03-26 04:37:09 --> Cannot call constructor
in APPPATH\Controllers\Users\ProductsController.php on line 11.
 1 SYSTEMPATH\CodeIgniter.php(914): App\Controllers\Users\ProductsController->__construct()
 2 SYSTEMPATH\CodeIgniter.php(493): CodeIgniter\CodeIgniter->createController()
 3 SYSTEMPATH\CodeIgniter.php(361): CodeIgniter\CodeIgniter->handleRequest(null, Object(Config\Cache), false)
 4 FCPATH\index.php(81): CodeIgniter\CodeIgniter->run()
 5 SYSTEMPATH\Commands\Server\rewrite.php(47): require_once('D:\\xampp\\file\\htdocs\\ComputerShop\\public\\index.php')
CRITICAL - 2024-03-26 04:37:28 --> Undefined array key "id"
in APPPATH\Views\product_detail.php on line 164.
 1 APPPATH\Views\product_detail.php(164): CodeIgniter\Debug\Exceptions->errorHandler(2, 'Undefined array key "id"', 'D:\\xampp\\file\\htdocs\\ComputerShop\\app\\Views\\product_detail.php', 164)
 2 SYSTEMPATH\View\View.php(228): include('D:\\xampp\\file\\htdocs\\ComputerShop\\app\\Views\\product_detail.php')
 3 SYSTEMPATH\View\View.php(231): CodeIgniter\View\View->CodeIgniter\View\{closure}()
 4 SYSTEMPATH\Common.php(1190): CodeIgniter\View\View->render('product_detail', [], true)
 5 APPPATH\Controllers\Users\ProductsController.php(84): view('product_detail', [...])
 6 SYSTEMPATH\CodeIgniter.php(942): App\Controllers\Users\ProductsController->productDetail('12')
 7 SYSTEMPATH\CodeIgniter.php(502): CodeIgniter\CodeIgniter->runController(Object(App\Controllers\Users\ProductsController))
 8 SYSTEMPATH\CodeIgniter.php(361): CodeIgniter\CodeIgniter->handleRequest(null, Object(Config\Cache), false)
 9 FCPATH\index.php(81): CodeIgniter\CodeIgniter->run()
10 SYSTEMPATH\Commands\Server\rewrite.php(47): require_once('D:\\xampp\\file\\htdocs\\ComputerShop\\public\\index.php')
INFO - 2024-03-26 04:38:20 --> Session: Class initialized using 'CodeIgniter\Session\Handlers\FileHandler' driver.
INFO - 2024-03-26 04:38:21 --> Session: Class initialized using 'CodeIgniter\Session\Handlers\FileHandler' driver.
INFO - 2024-03-26 04:38:34 --> Session: Class initialized using 'CodeIgniter\Session\Handlers\FileHandler' driver.
INFO - 2024-03-26 04:38:35 --> Session: Class initialized using 'CodeIgniter\Session\Handlers\FileHandler' driver.
INFO - 2024-03-26 04:38:50 --> Session: Class initialized using 'CodeIgniter\Session\Handlers\FileHandler' driver.
INFO - 2024-03-26 04:38:51 --> Session: Class initialized using 'CodeIgniter\Session\Handlers\FileHandler' driver.
INFO - 2024-03-26 04:54:14 --> Session: Class initialized using 'CodeIgniter\Session\Handlers\FileHandler' driver.
INFO - 2024-03-26 04:54:15 --> Session: Class initialized using 'CodeIgniter\Session\Handlers\FileHandler' driver.
INFO - 2024-03-26 04:54:21 --> Session: Class initialized using 'CodeIgniter\Session\Handlers\FileHandler' driver.
INFO - 2024-03-26 04:54:22 --> Session: Class initialized using 'CodeIgniter\Session\Handlers\FileHandler' driver.
INFO - 2024-03-26 04:54:25 --> Session: Class initialized using 'CodeIgniter\Session\Handlers\FileHandler' driver.
INFO - 2024-03-26 04:54:26 --> Session: Class initialized using 'CodeIgniter\Session\Handlers\FileHandler' driver.
INFO - 2024-03-26 05:03:52 --> Session: Class initialized using 'CodeIgniter\Session\Handlers\FileHandler' driver.
INFO - 2024-03-26 05:03:53 --> Session: Class initialized using 'CodeIgniter\Session\Handlers\FileHandler' driver.
INFO - 2024-03-26 05:04:03 --> Session: Class initialized using 'CodeIgniter\Session\Handlers\FileHandler' driver.
INFO - 2024-03-26 05:04:04 --> Session: Class initialized using 'CodeIgniter\Session\Handlers\FileHandler' driver.
INFO - 2024-03-26 05:04:07 --> Session: Class initialized using 'CodeIgniter\Session\Handlers\FileHandler' driver.
INFO - 2024-03-26 05:04:08 --> Session: Class initialized using 'CodeIgniter\Session\Handlers\FileHandler' driver.
INFO - 2024-03-26 05:05:00 --> Session: Class initialized using 'CodeIgniter\Session\Handlers\FileHandler' driver.
INFO - 2024-03-26 05:05:01 --> Session: Class initialized using 'CodeIgniter\Session\Handlers\FileHandler' driver.
INFO - 2024-03-26 05:05:10 --> Session: Class initialized using 'CodeIgniter\Session\Handlers\FileHandler' driver.
INFO - 2024-03-26 05:05:10 --> Session: Class initialized using 'CodeIgniter\Session\Handlers\FileHandler' driver.
CRITICAL - 2024-03-26 05:05:57 --> Undefined array key "id"
in APPPATH\Views\product_detail.php on line 164.
 1 APPPATH\Views\product_detail.php(164): CodeIgniter\Debug\Exceptions->errorHandler(2, 'Undefined array key "id"', 'D:\\xampp\\file\\htdocs\\ComputerShop\\app\\Views\\product_detail.php', 164)
 2 SYSTEMPATH\View\View.php(228): include('D:\\xampp\\file\\htdocs\\ComputerShop\\app\\Views\\product_detail.php')
 3 SYSTEMPATH\View\View.php(231): CodeIgniter\View\View->CodeIgniter\View\{closure}()
 4 SYSTEMPATH\Common.php(1190): CodeIgniter\View\View->render('product_detail', [], true)
 5 APPPATH\Controllers\Users\ProductsController.php(84): view('product_detail', [...])
 6 SYSTEMPATH\CodeIgniter.php(942): App\Controllers\Users\ProductsController->productDetail('12')
 7 SYSTEMPATH\CodeIgniter.php(502): CodeIgniter\CodeIgniter->runController(Object(App\Controllers\Users\ProductsController))
 8 SYSTEMPATH\CodeIgniter.php(361): CodeIgniter\CodeIgniter->handleRequest(null, Object(Config\Cache), false)
 9 FCPATH\index.php(81): CodeIgniter\CodeIgniter->run()
10 SYSTEMPATH\Commands\Server\rewrite.php(47): require_once('D:\\xampp\\file\\htdocs\\ComputerShop\\public\\index.php')
CRITICAL - 2024-03-26 05:06:19 --> Undefined array key "id"
in APPPATH\Views\product_detail.php on line 164.
 1 APPPATH\Views\product_detail.php(164): CodeIgniter\Debug\Exceptions->errorHandler(2, 'Undefined array key "id"', 'D:\\xampp\\file\\htdocs\\ComputerShop\\app\\Views\\product_detail.php', 164)
 2 SYSTEMPATH\View\View.php(228): include('D:\\xampp\\file\\htdocs\\ComputerShop\\app\\Views\\product_detail.php')
 3 SYSTEMPATH\View\View.php(231): CodeIgniter\View\View->CodeIgniter\View\{closure}()
 4 SYSTEMPATH\Common.php(1190): CodeIgniter\View\View->render('product_detail', [], true)
 5 APPPATH\Controllers\Users\ProductsController.php(84): view('product_detail', [...])
 6 SYSTEMPATH\CodeIgniter.php(942): App\Controllers\Users\ProductsController->productDetail('12')
 7 SYSTEMPATH\CodeIgniter.php(502): CodeIgniter\CodeIgniter->runController(Object(App\Controllers\Users\ProductsController))
 8 SYSTEMPATH\CodeIgniter.php(361): CodeIgniter\CodeIgniter->handleRequest(null, Object(Config\Cache), false)
 9 FCPATH\index.php(81): CodeIgniter\CodeIgniter->run()
10 SYSTEMPATH\Commands\Server\rewrite.php(47): require_once('D:\\xampp\\file\\htdocs\\ComputerShop\\public\\index.php')
INFO - 2024-03-26 05:08:48 --> Session: Class initialized using 'CodeIgniter\Session\Handlers\FileHandler' driver.
INFO - 2024-03-26 05:08:49 --> Session: Class initialized using 'CodeIgniter\Session\Handlers\FileHandler' driver.
INFO - 2024-03-26 05:09:10 --> Session: Class initialized using 'CodeIgniter\Session\Handlers\FileHandler' driver.
INFO - 2024-03-26 05:09:11 --> Session: Class initialized using 'CodeIgniter\Session\Handlers\FileHandler' driver.
CRITICAL - 2024-03-26 05:09:38 --> Undefined array key "id"
in APPPATH\Views\product_detail.php on line 164.
 1 APPPATH\Views\product_detail.php(164): CodeIgniter\Debug\Exceptions->errorHandler(2, 'Undefined array key "id"', 'D:\\xampp\\file\\htdocs\\ComputerShop\\app\\Views\\product_detail.php', 164)
 2 SYSTEMPATH\View\View.php(228): include('D:\\xampp\\file\\htdocs\\ComputerShop\\app\\Views\\product_detail.php')
 3 SYSTEMPATH\View\View.php(231): CodeIgniter\View\View->CodeIgniter\View\{closure}()
 4 SYSTEMPATH\Common.php(1190): CodeIgniter\View\View->render('product_detail', [], true)
 5 APPPATH\Controllers\Users\ProductsController.php(84): view('product_detail', [...])
 6 SYSTEMPATH\CodeIgniter.php(942): App\Controllers\Users\ProductsController->productDetail('12')
 7 SYSTEMPATH\CodeIgniter.php(502): CodeIgniter\CodeIgniter->runController(Object(App\Controllers\Users\ProductsController))
 8 SYSTEMPATH\CodeIgniter.php(361): CodeIgniter\CodeIgniter->handleRequest(null, Object(Config\Cache), false)
 9 FCPATH\index.php(81): CodeIgniter\CodeIgniter->run()
10 SYSTEMPATH\Commands\Server\rewrite.php(47): require_once('D:\\xampp\\file\\htdocs\\ComputerShop\\public\\index.php')
INFO - 2024-03-26 05:09:47 --> Session: Class initialized using 'CodeIgniter\Session\Handlers\FileHandler' driver.
INFO - 2024-03-26 05:09:48 --> Session: Class initialized using 'CodeIgniter\Session\Handlers\FileHandler' driver.
INFO - 2024-03-26 05:13:21 --> Session: Class initialized using 'CodeIgniter\Session\Handlers\FileHandler' driver.
INFO - 2024-03-26 05:13:22 --> Session: Class initialized using 'CodeIgniter\Session\Handlers\FileHandler' driver.
INFO - 2024-03-26 05:13:58 --> Session: Class initialized using 'CodeIgniter\Session\Handlers\FileHandler' driver.
INFO - 2024-03-26 05:13:59 --> Session: Class initialized using 'CodeIgniter\Session\Handlers\FileHandler' driver.
INFO - 2024-03-26 05:15:05 --> Session: Class initialized using 'CodeIgniter\Session\Handlers\FileHandler' driver.
INFO - 2024-03-26 05:15:06 --> Session: Class initialized using 'CodeIgniter\Session\Handlers\FileHandler' driver.
CRITICAL - 2024-03-26 05:15:10 --> Undefined array key "id"
in APPPATH\Views\product_detail.php on line 164.
 1 APPPATH\Views\product_detail.php(164): CodeIgniter\Debug\Exceptions->errorHandler(2, 'Undefined array key "id"', 'D:\\xampp\\file\\htdocs\\ComputerShop\\app\\Views\\product_detail.php', 164)
 2 SYSTEMPATH\View\View.php(228): include('D:\\xampp\\file\\htdocs\\ComputerShop\\app\\Views\\product_detail.php')
 3 SYSTEMPATH\View\View.php(231): CodeIgniter\View\View->CodeIgniter\View\{closure}()
 4 SYSTEMPATH\Common.php(1190): CodeIgniter\View\View->render('product_detail', [], true)
 5 APPPATH\Controllers\Users\ProductsController.php(84): view('product_detail', [...])
 6 SYSTEMPATH\CodeIgniter.php(942): App\Controllers\Users\ProductsController->productDetail('5')
 7 SYSTEMPATH\CodeIgniter.php(502): CodeIgniter\CodeIgniter->runController(Object(App\Controllers\Users\ProductsController))
 8 SYSTEMPATH\CodeIgniter.php(361): CodeIgniter\CodeIgniter->handleRequest(null, Object(Config\Cache), false)
 9 FCPATH\index.php(81): CodeIgniter\CodeIgniter->run()
10 SYSTEMPATH\Commands\Server\rewrite.php(47): require_once('D:\\xampp\\file\\htdocs\\ComputerShop\\public\\index.php')
INFO - 2024-03-26 05:15:39 --> Session: Class initialized using 'CodeIgniter\Session\Handlers\FileHandler' driver.
INFO - 2024-03-26 05:15:40 --> Session: Class initialized using 'CodeIgniter\Session\Handlers\FileHandler' driver.
INFO - 2024-03-26 05:16:46 --> Session: Class initialized using 'CodeIgniter\Session\Handlers\FileHandler' driver.
INFO - 2024-03-26 05:16:47 --> Session: Class initialized using 'CodeIgniter\Session\Handlers\FileHandler' driver.
INFO - 2024-03-26 05:34:04 --> Session: Class initialized using 'CodeIgniter\Session\Handlers\FileHandler' driver.
INFO - 2024-03-26 05:34:04 --> Session: Class initialized using 'CodeIgniter\Session\Handlers\FileHandler' driver.
INFO - 2024-03-26 05:37:54 --> Session: Class initialized using 'CodeIgniter\Session\Handlers\FileHandler' driver.
INFO - 2024-03-26 05:37:55 --> Session: Class initialized using 'CodeIgniter\Session\Handlers\FileHandler' driver.
CRITICAL - 2024-03-26 05:47:03 --> Undefined variable $products
in APPPATH\Views\cart.php on line 26.
 1 APPPATH\Views\cart.php(26): CodeIgniter\Debug\Exceptions->errorHandler(2, 'Undefined variable $products', 'D:\\xampp\\file\\htdocs\\ComputerShop\\app\\Views\\cart.php', 26)
 2 SYSTEMPATH\View\View.php(228): include('D:\\xampp\\file\\htdocs\\ComputerShop\\app\\Views\\cart.php')
 3 SYSTEMPATH\View\View.php(231): CodeIgniter\View\View->CodeIgniter\View\{closure}()
 4 SYSTEMPATH\Common.php(1190): CodeIgniter\View\View->render('cart', [], true)
 5 APPPATH\Controllers\Users\HomeControllers.php(63): view('cart')
 6 SYSTEMPATH\CodeIgniter.php(942): App\Controllers\Users\HomeControllers->cart()
 7 SYSTEMPATH\CodeIgniter.php(502): CodeIgniter\CodeIgniter->runController(Object(App\Controllers\Users\HomeControllers))
 8 SYSTEMPATH\CodeIgniter.php(361): CodeIgniter\CodeIgniter->handleRequest(null, Object(Config\Cache), false)
 9 FCPATH\index.php(81): CodeIgniter\CodeIgniter->run()
10 SYSTEMPATH\Commands\Server\rewrite.php(47): require_once('D:\\xampp\\file\\htdocs\\ComputerShop\\public\\index.php')
CRITICAL - 2024-03-26 05:50:44 --> Undefined variable $products
in APPPATH\Views\cart.php on line 27.
 1 APPPATH\Views\cart.php(27): CodeIgniter\Debug\Exceptions->errorHandler(2, 'Undefined variable $products', 'D:\\xampp\\file\\htdocs\\ComputerShop\\app\\Views\\cart.php', 27)
 2 SYSTEMPATH\View\View.php(228): include('D:\\xampp\\file\\htdocs\\ComputerShop\\app\\Views\\cart.php')
 3 SYSTEMPATH\View\View.php(231): CodeIgniter\View\View->CodeIgniter\View\{closure}()
 4 SYSTEMPATH\Common.php(1190): CodeIgniter\View\View->render('cart', [], true)
 5 APPPATH\Controllers\Users\HomeControllers.php(63): view('cart')
 6 SYSTEMPATH\CodeIgniter.php(942): App\Controllers\Users\HomeControllers->cart()
 7 SYSTEMPATH\CodeIgniter.php(502): CodeIgniter\CodeIgniter->runController(Object(App\Controllers\Users\HomeControllers))
 8 SYSTEMPATH\CodeIgniter.php(361): CodeIgniter\CodeIgniter->handleRequest(null, Object(Config\Cache), false)
 9 FCPATH\index.php(81): CodeIgniter\CodeIgniter->run()
10 SYSTEMPATH\Commands\Server\rewrite.php(47): require_once('D:\\xampp\\file\\htdocs\\ComputerShop\\public\\index.php')
CRITICAL - 2024-03-26 05:53:07 --> Undefined variable $products
in APPPATH\Views\cart.php on line 27.
 1 APPPATH\Views\cart.php(27): CodeIgniter\Debug\Exceptions->errorHandler(2, 'Undefined variable $products', 'D:\\xampp\\file\\htdocs\\ComputerShop\\app\\Views\\cart.php', 27)
 2 SYSTEMPATH\View\View.php(228): include('D:\\xampp\\file\\htdocs\\ComputerShop\\app\\Views\\cart.php')
 3 SYSTEMPATH\View\View.php(231): CodeIgniter\View\View->CodeIgniter\View\{closure}()
 4 SYSTEMPATH\Common.php(1190): CodeIgniter\View\View->render('cart', [], true)
 5 APPPATH\Controllers\Users\HomeControllers.php(63): view('cart')
 6 SYSTEMPATH\CodeIgniter.php(942): App\Controllers\Users\HomeControllers->cart()
 7 SYSTEMPATH\CodeIgniter.php(502): CodeIgniter\CodeIgniter->runController(Object(App\Controllers\Users\HomeControllers))
 8 SYSTEMPATH\CodeIgniter.php(361): CodeIgniter\CodeIgniter->handleRequest(null, Object(Config\Cache), false)
 9 FCPATH\index.php(81): CodeIgniter\CodeIgniter->run()
10 SYSTEMPATH\Commands\Server\rewrite.php(47): require_once('D:\\xampp\\file\\htdocs\\ComputerShop\\public\\index.php')
INFO - 2024-03-26 05:54:06 --> Session: Class initialized using 'CodeIgniter\Session\Handlers\FileHandler' driver.
INFO - 2024-03-26 05:54:06 --> Session: Class initialized using 'CodeIgniter\Session\Handlers\FileHandler' driver.
INFO - 2024-03-26 05:54:20 --> Session: Class initialized using 'CodeIgniter\Session\Handlers\FileHandler' driver.
INFO - 2024-03-26 05:54:21 --> Session: Class initialized using 'CodeIgniter\Session\Handlers\FileHandler' driver.
INFO - 2024-03-26 05:54:23 --> Session: Class initialized using 'CodeIgniter\Session\Handlers\FileHandler' driver.
INFO - 2024-03-26 05:54:24 --> Session: Class initialized using 'CodeIgniter\Session\Handlers\FileHandler' driver.
INFO - 2024-03-26 05:54:28 --> Session: Class initialized using 'CodeIgniter\Session\Handlers\FileHandler' driver.
INFO - 2024-03-26 05:54:29 --> Session: Class initialized using 'CodeIgniter\Session\Handlers\FileHandler' driver.
INFO - 2024-03-26 05:56:13 --> Session: Class initialized using 'CodeIgniter\Session\Handlers\FileHandler' driver.
INFO - 2024-03-26 05:56:14 --> Session: Class initialized using 'CodeIgniter\Session\Handlers\FileHandler' driver.
INFO - 2024-03-26 05:56:16 --> Session: Class initialized using 'CodeIgniter\Session\Handlers\FileHandler' driver.
INFO - 2024-03-26 05:56:17 --> Session: Class initialized using 'CodeIgniter\Session\Handlers\FileHandler' driver.
CRITICAL - 2024-03-26 06:02:30 --> Undefined array key "id"
in APPPATH\Views\product_detail.php on line 164.
 1 APPPATH\Views\product_detail.php(164): CodeIgniter\Debug\Exceptions->errorHandler(2, 'Undefined array key "id"', 'D:\\xampp\\file\\htdocs\\ComputerShop\\app\\Views\\product_detail.php', 164)
 2 SYSTEMPATH\View\View.php(228): include('D:\\xampp\\file\\htdocs\\ComputerShop\\app\\Views\\product_detail.php')
 3 SYSTEMPATH\View\View.php(231): CodeIgniter\View\View->CodeIgniter\View\{closure}()
 4 SYSTEMPATH\Common.php(1190): CodeIgniter\View\View->render('product_detail', [], true)
 5 APPPATH\Controllers\Users\ProductsController.php(84): view('product_detail', [...])
 6 SYSTEMPATH\CodeIgniter.php(942): App\Controllers\Users\ProductsController->productDetail('5')
 7 SYSTEMPATH\CodeIgniter.php(502): CodeIgniter\CodeIgniter->runController(Object(App\Controllers\Users\ProductsController))
 8 SYSTEMPATH\CodeIgniter.php(361): CodeIgniter\CodeIgniter->handleRequest(null, Object(Config\Cache), false)
 9 FCPATH\index.php(81): CodeIgniter\CodeIgniter->run()
10 SYSTEMPATH\Commands\Server\rewrite.php(47): require_once('D:\\xampp\\file\\htdocs\\ComputerShop\\public\\index.php')
CRITICAL - 2024-03-26 06:03:56 --> Undefined array key "id_products"
in APPPATH\Views\product_detail.php on line 164.
 1 APPPATH\Views\product_detail.php(164): CodeIgniter\Debug\Exceptions->errorHandler(2, 'Undefined array key "id_products"', 'D:\\xampp\\file\\htdocs\\ComputerShop\\app\\Views\\product_detail.php', 164)
 2 SYSTEMPATH\View\View.php(228): include('D:\\xampp\\file\\htdocs\\ComputerShop\\app\\Views\\product_detail.php')
 3 SYSTEMPATH\View\View.php(231): CodeIgniter\View\View->CodeIgniter\View\{closure}()
 4 SYSTEMPATH\Common.php(1190): CodeIgniter\View\View->render('product_detail', [], true)
 5 APPPATH\Controllers\Users\ProductsController.php(84): view('product_detail', [...])
 6 SYSTEMPATH\CodeIgniter.php(942): App\Controllers\Users\ProductsController->productDetail('5')
 7 SYSTEMPATH\CodeIgniter.php(502): CodeIgniter\CodeIgniter->runController(Object(App\Controllers\Users\ProductsController))
 8 SYSTEMPATH\CodeIgniter.php(361): CodeIgniter\CodeIgniter->handleRequest(null, Object(Config\Cache), false)
 9 FCPATH\index.php(81): CodeIgniter\CodeIgniter->run()
10 SYSTEMPATH\Commands\Server\rewrite.php(47): require_once('D:\\xampp\\file\\htdocs\\ComputerShop\\public\\index.php')
CRITICAL - 2024-03-26 06:07:45 --> Undefined array key "id_products"
in APPPATH\Views\product_detail.php on line 165.
 1 APPPATH\Views\product_detail.php(165): CodeIgniter\Debug\Exceptions->errorHandler(2, 'Undefined array key "id_products"', 'D:\\xampp\\file\\htdocs\\ComputerShop\\app\\Views\\product_detail.php', 165)
 2 SYSTEMPATH\View\View.php(228): include('D:\\xampp\\file\\htdocs\\ComputerShop\\app\\Views\\product_detail.php')
 3 SYSTEMPATH\View\View.php(231): CodeIgniter\View\View->CodeIgniter\View\{closure}()
 4 SYSTEMPATH\Common.php(1190): CodeIgniter\View\View->render('product_detail', [], true)
 5 APPPATH\Controllers\Users\ProductsController.php(84): view('product_detail', [...])
 6 SYSTEMPATH\CodeIgniter.php(942): App\Controllers\Users\ProductsController->productDetail('5')
 7 SYSTEMPATH\CodeIgniter.php(502): CodeIgniter\CodeIgniter->runController(Object(App\Controllers\Users\ProductsController))
 8 SYSTEMPATH\CodeIgniter.php(361): CodeIgniter\CodeIgniter->handleRequest(null, Object(Config\Cache), false)
 9 FCPATH\index.php(81): CodeIgniter\CodeIgniter->run()
10 SYSTEMPATH\Commands\Server\rewrite.php(47): require_once('D:\\xampp\\file\\htdocs\\ComputerShop\\public\\index.php')
CRITICAL - 2024-03-26 06:10:06 --> Undefined array key "id_products"
in APPPATH\Views\product_detail.php on line 165.
 1 APPPATH\Views\product_detail.php(165): CodeIgniter\Debug\Exceptions->errorHandler(2, 'Undefined array key "id_products"', 'D:\\xampp\\file\\htdocs\\ComputerShop\\app\\Views\\product_detail.php', 165)
 2 SYSTEMPATH\View\View.php(228): include('D:\\xampp\\file\\htdocs\\ComputerShop\\app\\Views\\product_detail.php')
 3 SYSTEMPATH\View\View.php(231): CodeIgniter\View\View->CodeIgniter\View\{closure}()
 4 SYSTEMPATH\Common.php(1190): CodeIgniter\View\View->render('product_detail', [], true)
 5 APPPATH\Controllers\Users\ProductsController.php(84): view('product_detail', [...])
 6 SYSTEMPATH\CodeIgniter.php(942): App\Controllers\Users\ProductsController->productDetail('5')
 7 SYSTEMPATH\CodeIgniter.php(502): CodeIgniter\CodeIgniter->runController(Object(App\Controllers\Users\ProductsController))
 8 SYSTEMPATH\CodeIgniter.php(361): CodeIgniter\CodeIgniter->handleRequest(null, Object(Config\Cache), false)
 9 FCPATH\index.php(81): CodeIgniter\CodeIgniter->run()
10 SYSTEMPATH\Commands\Server\rewrite.php(47): require_once('D:\\xampp\\file\\htdocs\\ComputerShop\\public\\index.php')
CRITICAL - 2024-03-26 06:10:48 --> Undefined array key "id_products"
in APPPATH\Views\product_detail.php on line 165.
 1 APPPATH\Views\product_detail.php(165): CodeIgniter\Debug\Exceptions->errorHandler(2, 'Undefined array key "id_products"', 'D:\\xampp\\file\\htdocs\\ComputerShop\\app\\Views\\product_detail.php', 165)
 2 SYSTEMPATH\View\View.php(228): include('D:\\xampp\\file\\htdocs\\ComputerShop\\app\\Views\\product_detail.php')
 3 SYSTEMPATH\View\View.php(231): CodeIgniter\View\View->CodeIgniter\View\{closure}()
 4 SYSTEMPATH\Common.php(1190): CodeIgniter\View\View->render('product_detail', [], true)
 5 APPPATH\Controllers\Users\ProductsController.php(84): view('product_detail', [...])
 6 SYSTEMPATH\CodeIgniter.php(942): App\Controllers\Users\ProductsController->productDetail('5')
 7 SYSTEMPATH\CodeIgniter.php(502): CodeIgniter\CodeIgniter->runController(Object(App\Controllers\Users\ProductsController))
 8 SYSTEMPATH\CodeIgniter.php(361): CodeIgniter\CodeIgniter->handleRequest(null, Object(Config\Cache), false)
 9 FCPATH\index.php(81): CodeIgniter\CodeIgniter->run()
10 SYSTEMPATH\Commands\Server\rewrite.php(47): require_once('D:\\xampp\\file\\htdocs\\ComputerShop\\public\\index.php')
INFO - 2024-03-26 06:10:49 --> Session: Class initialized using 'CodeIgniter\Session\Handlers\FileHandler' driver.
INFO - 2024-03-26 06:10:50 --> Session: Class initialized using 'CodeIgniter\Session\Handlers\FileHandler' driver.
INFO - 2024-03-26 06:10:52 --> Session: Class initialized using 'CodeIgniter\Session\Handlers\FileHandler' driver.
INFO - 2024-03-26 06:10:53 --> Session: Class initialized using 'CodeIgniter\Session\Handlers\FileHandler' driver.
CRITICAL - 2024-03-26 06:10:58 --> Undefined array key "id_products"
in APPPATH\Views\product.php on line 164.
 1 APPPATH\Views\product.php(164): CodeIgniter\Debug\Exceptions->errorHandler(2, 'Undefined array key "id_products"', 'D:\\xampp\\file\\htdocs\\ComputerShop\\app\\Views\\product.php', 164)
 2 SYSTEMPATH\View\View.php(228): include('D:\\xampp\\file\\htdocs\\ComputerShop\\app\\Views\\product.php')
 3 SYSTEMPATH\View\View.php(231): CodeIgniter\View\View->CodeIgniter\View\{closure}()
 4 SYSTEMPATH\Common.php(1190): CodeIgniter\View\View->render('product', [], true)
 5 APPPATH\Controllers\Users\HomeControllers.php(55): view('product', [...])
 6 SYSTEMPATH\CodeIgniter.php(942): App\Controllers\Users\HomeControllers->product()
 7 SYSTEMPATH\CodeIgniter.php(502): CodeIgniter\CodeIgniter->runController(Object(App\Controllers\Users\HomeControllers))
 8 SYSTEMPATH\CodeIgniter.php(361): CodeIgniter\CodeIgniter->handleRequest(null, Object(Config\Cache), false)
 9 FCPATH\index.php(81): CodeIgniter\CodeIgniter->run()
10 SYSTEMPATH\Commands\Server\rewrite.php(47): require_once('D:\\xampp\\file\\htdocs\\ComputerShop\\public\\index.php')
INFO - 2024-03-26 06:11:15 --> Session: Class initialized using 'CodeIgniter\Session\Handlers\FileHandler' driver.
INFO - 2024-03-26 06:11:16 --> Session: Class initialized using 'CodeIgniter\Session\Handlers\FileHandler' driver.
INFO - 2024-03-26 06:11:59 --> Session: Class initialized using 'CodeIgniter\Session\Handlers\FileHandler' driver.
INFO - 2024-03-26 06:11:59 --> Session: Class initialized using 'CodeIgniter\Session\Handlers\FileHandler' driver.
INFO - 2024-03-26 06:12:08 --> Session: Class initialized using 'CodeIgniter\Session\Handlers\FileHandler' driver.
INFO - 2024-03-26 06:12:09 --> Session: Class initialized using 'CodeIgniter\Session\Handlers\FileHandler' driver.
INFO - 2024-03-26 06:12:25 --> Session: Class initialized using 'CodeIgniter\Session\Handlers\FileHandler' driver.
INFO - 2024-03-26 06:12:27 --> Session: Class initialized using 'CodeIgniter\Session\Handlers\FileHandler' driver.
INFO - 2024-03-26 06:13:06 --> Session: Class initialized using 'CodeIgniter\Session\Handlers\FileHandler' driver.
INFO - 2024-03-26 06:13:07 --> Session: Class initialized using 'CodeIgniter\Session\Handlers\FileHandler' driver.
INFO - 2024-03-26 06:13:08 --> Session: Class initialized using 'CodeIgniter\Session\Handlers\FileHandler' driver.
INFO - 2024-03-26 06:13:09 --> Session: Class initialized using 'CodeIgniter\Session\Handlers\FileHandler' driver.
INFO - 2024-03-26 06:13:58 --> Session: Class initialized using 'CodeIgniter\Session\Handlers\FileHandler' driver.
INFO - 2024-03-26 06:13:59 --> Session: Class initialized using 'CodeIgniter\Session\Handlers\FileHandler' driver.
INFO - 2024-03-26 06:13:59 --> Session: Class initialized using 'CodeIgniter\Session\Handlers\FileHandler' driver.
INFO - 2024-03-26 06:14:00 --> Session: Class initialized using 'CodeIgniter\Session\Handlers\FileHandler' driver.
INFO - 2024-03-26 06:14:47 --> Session: Class initialized using 'CodeIgniter\Session\Handlers\FileHandler' driver.
INFO - 2024-03-26 06:14:48 --> Session: Class initialized using 'CodeIgniter\Session\Handlers\FileHandler' driver.
INFO - 2024-03-26 06:14:49 --> Session: Class initialized using 'CodeIgniter\Session\Handlers\FileHandler' driver.
INFO - 2024-03-26 06:14:50 --> Session: Class initialized using 'CodeIgniter\Session\Handlers\FileHandler' driver.
CRITICAL - 2024-03-26 06:15:02 --> Undefined variable $products
in APPPATH\Views\cart.php on line 27.
 1 APPPATH\Views\cart.php(27): CodeIgniter\Debug\Exceptions->errorHandler(2, 'Undefined variable $products', 'D:\\xampp\\file\\htdocs\\ComputerShop\\app\\Views\\cart.php', 27)
 2 SYSTEMPATH\View\View.php(228): include('D:\\xampp\\file\\htdocs\\ComputerShop\\app\\Views\\cart.php')
 3 SYSTEMPATH\View\View.php(231): CodeIgniter\View\View->CodeIgniter\View\{closure}()
 4 SYSTEMPATH\Common.php(1190): CodeIgniter\View\View->render('cart', [], true)
 5 APPPATH\Controllers\Users\HomeControllers.php(63): view('cart')
 6 SYSTEMPATH\CodeIgniter.php(942): App\Controllers\Users\HomeControllers->cart('20')
 7 SYSTEMPATH\CodeIgniter.php(502): CodeIgniter\CodeIgniter->runController(Object(App\Controllers\Users\HomeControllers))
 8 SYSTEMPATH\CodeIgniter.php(361): CodeIgniter\CodeIgniter->handleRequest(null, Object(Config\Cache), false)
 9 FCPATH\index.php(81): CodeIgniter\CodeIgniter->run()
10 SYSTEMPATH\Commands\Server\rewrite.php(47): require_once('D:\\xampp\\file\\htdocs\\ComputerShop\\public\\index.php')
INFO - 2024-03-26 06:16:17 --> Session: Class initialized using 'CodeIgniter\Session\Handlers\FileHandler' driver.
INFO - 2024-03-26 06:16:18 --> Session: Class initialized using 'CodeIgniter\Session\Handlers\FileHandler' driver.
INFO - 2024-03-26 06:16:39 --> Session: Class initialized using 'CodeIgniter\Session\Handlers\FileHandler' driver.
INFO - 2024-03-26 06:16:40 --> Session: Class initialized using 'CodeIgniter\Session\Handlers\FileHandler' driver.
INFO - 2024-03-26 06:16:43 --> Session: Class initialized using 'CodeIgniter\Session\Handlers\FileHandler' driver.
INFO - 2024-03-26 06:16:43 --> Session: Class initialized using 'CodeIgniter\Session\Handlers\FileHandler' driver.
INFO - 2024-03-26 06:17:13 --> Session: Class initialized using 'CodeIgniter\Session\Handlers\FileHandler' driver.
INFO - 2024-03-26 06:17:14 --> Session: Class initialized using 'CodeIgniter\Session\Handlers\FileHandler' driver.
INFO - 2024-03-26 06:22:31 --> Session: Class initialized using 'CodeIgniter\Session\Handlers\FileHandler' driver.
INFO - 2024-03-26 06:22:31 --> Session: Class initialized using 'CodeIgniter\Session\Handlers\FileHandler' driver.
INFO - 2024-03-26 06:22:33 --> Session: Class initialized using 'CodeIgniter\Session\Handlers\FileHandler' driver.
INFO - 2024-03-26 06:22:34 --> Session: Class initialized using 'CodeIgniter\Session\Handlers\FileHandler' driver.
INFO - 2024-03-26 06:22:37 --> Session: Class initialized using 'CodeIgniter\Session\Handlers\FileHandler' driver.
INFO - 2024-03-26 06:22:38 --> Session: Class initialized using 'CodeIgniter\Session\Handlers\FileHandler' driver.
CRITICAL - 2024-03-26 06:25:06 --> Undefined variable $products
in APPPATH\Views\cart.php on line 24.
 1 APPPATH\Views\cart.php(24): CodeIgniter\Debug\Exceptions->errorHandler(2, 'Undefined variable $products', 'D:\\xampp\\file\\htdocs\\ComputerShop\\app\\Views\\cart.php', 24)
 2 SYSTEMPATH\View\View.php(228): include('D:\\xampp\\file\\htdocs\\ComputerShop\\app\\Views\\cart.php')
 3 SYSTEMPATH\View\View.php(231): CodeIgniter\View\View->CodeIgniter\View\{closure}()
 4 SYSTEMPATH\Common.php(1190): CodeIgniter\View\View->render('cart', [], true)
 5 APPPATH\Controllers\Users\HomeControllers.php(63): view('cart')
 6 SYSTEMPATH\CodeIgniter.php(942): App\Controllers\Users\HomeControllers->cart('23')
 7 SYSTEMPATH\CodeIgniter.php(502): CodeIgniter\CodeIgniter->runController(Object(App\Controllers\Users\HomeControllers))
 8 SYSTEMPATH\CodeIgniter.php(361): CodeIgniter\CodeIgniter->handleRequest(null, Object(Config\Cache), false)
 9 FCPATH\index.php(81): CodeIgniter\CodeIgniter->run()
10 SYSTEMPATH\Commands\Server\rewrite.php(47): require_once('D:\\xampp\\file\\htdocs\\ComputerShop\\public\\index.php')
INFO - 2024-03-26 06:30:28 --> Session: Class initialized using 'CodeIgniter\Session\Handlers\FileHandler' driver.
INFO - 2024-03-26 06:30:29 --> Session: Class initialized using 'CodeIgniter\Session\Handlers\FileHandler' driver.
INFO - 2024-03-26 06:36:41 --> Session: Class initialized using 'CodeIgniter\Session\Handlers\FileHandler' driver.
INFO - 2024-03-26 06:36:42 --> Session: Class initialized using 'CodeIgniter\Session\Handlers\FileHandler' driver.
INFO - 2024-03-26 06:39:21 --> Session: Class initialized using 'CodeIgniter\Session\Handlers\FileHandler' driver.
INFO - 2024-03-26 06:39:22 --> Session: Class initialized using 'CodeIgniter\Session\Handlers\FileHandler' driver.
INFO - 2024-03-26 06:40:39 --> Session: Class initialized using 'CodeIgniter\Session\Handlers\FileHandler' driver.
INFO - 2024-03-26 06:40:40 --> Session: Class initialized using 'CodeIgniter\Session\Handlers\FileHandler' driver.
INFO - 2024-03-26 06:40:45 --> Session: Class initialized using 'CodeIgniter\Session\Handlers\FileHandler' driver.
INFO - 2024-03-26 06:40:46 --> Session: Class initialized using 'CodeIgniter\Session\Handlers\FileHandler' driver.
INFO - 2024-03-26 06:41:20 --> Session: Class initialized using 'CodeIgniter\Session\Handlers\FileHandler' driver.
INFO - 2024-03-26 06:41:21 --> Session: Class initialized using 'CodeIgniter\Session\Handlers\FileHandler' driver.
INFO - 2024-03-26 06:41:35 --> Session: Class initialized using 'CodeIgniter\Session\Handlers\FileHandler' driver.
INFO - 2024-03-26 06:41:36 --> Session: Class initialized using 'CodeIgniter\Session\Handlers\FileHandler' driver.
INFO - 2024-03-26 07:37:54 --> Session: Class initialized using 'CodeIgniter\Session\Handlers\FileHandler' driver.
INFO - 2024-03-26 07:37:55 --> Session: Class initialized using 'CodeIgniter\Session\Handlers\FileHandler' driver.
INFO - 2024-03-26 07:40:10 --> Session: Class initialized using 'CodeIgniter\Session\Handlers\FileHandler' driver.
INFO - 2024-03-26 07:40:11 --> Session: Class initialized using 'CodeIgniter\Session\Handlers\FileHandler' driver.
INFO - 2024-03-26 07:41:44 --> Session: Class initialized using 'CodeIgniter\Session\Handlers\FileHandler' driver.
INFO - 2024-03-26 07:41:45 --> Session: Class initialized using 'CodeIgniter\Session\Handlers\FileHandler' driver.
INFO - 2024-03-26 07:43:33 --> Session: Class initialized using 'CodeIgniter\Session\Handlers\FileHandler' driver.
INFO - 2024-03-26 07:46:53 --> Session: Class initialized using 'CodeIgniter\Session\Handlers\FileHandler' driver.
CRITICAL - 2024-03-26 07:48:29 --> Class "App\Controllers\Users\ResourceController" not found
in APPPATH\Controllers\Users\HomeControllers.php on line 79.
 1 SYSTEMPATH\Autoloader\Autoloader.php(312): include_once()
 2 SYSTEMPATH\Autoloader\Autoloader.php(291): CodeIgniter\Autoloader\Autoloader->includeFile('D:\\xampp\\file\\htdocs\\ComputerShop\\app\\Controllers\\Users\\HomeControllers.php')
 3 SYSTEMPATH\Autoloader\Autoloader.php(269): CodeIgniter\Autoloader\Autoloader->loadInNamespace('App\\Controllers\\Users\\HomeControllers')
 4 [internal function]: CodeIgniter\Autoloader\Autoloader->loadClass('App\\Controllers\\Users\\HomeControllers')
 5 SYSTEMPATH\CodeIgniter.php(900): class_exists('\\App\\Controllers\\Users\\HomeControllers', true)
 6 SYSTEMPATH\CodeIgniter.php(489): CodeIgniter\CodeIgniter->startController()
 7 SYSTEMPATH\CodeIgniter.php(361): CodeIgniter\CodeIgniter->handleRequest(null, Object(Config\Cache), false)
 8 FCPATH\index.php(81): CodeIgniter\CodeIgniter->run()
 9 SYSTEMPATH\Commands\Server\rewrite.php(47): require_once('D:\\xampp\\file\\htdocs\\ComputerShop\\public\\index.php')
INFO - 2024-03-26 07:48:59 --> Session: Class initialized using 'CodeIgniter\Session\Handlers\FileHandler' driver.
INFO - 2024-03-26 07:49:00 --> Session: Class initialized using 'CodeIgniter\Session\Handlers\FileHandler' driver.
CRITICAL - 2024-03-26 07:57:04 --> Undefined property: App\Controllers\Users\AuthControllers::$userModel
in APPPATH\Controllers\Users\AuthControllers.php on line 26.
 1 APPPATH\Controllers\Users\AuthControllers.php(26): CodeIgniter\Debug\Exceptions->errorHandler(2, 'Undefined property: App\\Controllers\\Users\\AuthControllers::$userModel', 'D:\\xampp\\file\\htdocs\\ComputerShop\\app\\Controllers\\Users\\AuthControllers.php', 26)
 2 SYSTEMPATH\CodeIgniter.php(942): App\Controllers\Users\AuthControllers->register()
 3 SYSTEMPATH\CodeIgniter.php(502): CodeIgniter\CodeIgniter->runController(Object(App\Controllers\Users\AuthControllers))
 4 SYSTEMPATH\CodeIgniter.php(361): CodeIgniter\CodeIgniter->handleRequest(null, Object(Config\Cache), false)
 5 FCPATH\index.php(81): CodeIgniter\CodeIgniter->run()
 6 SYSTEMPATH\Commands\Server\rewrite.php(47): require_once('D:\\xampp\\file\\htdocs\\ComputerShop\\public\\index.php')
WARNING - 2024-03-26 07:57:50 --> [DEPRECATED] Creation of dynamic property App\Controllers\Users\AuthControllers::$UserModel is deprecated in APPPATH\Controllers\Users\AuthControllers.php on line 16.
 1 SYSTEMPATH\CodeIgniter.php(914): App\Controllers\Users\AuthControllers->__construct()
 2 SYSTEMPATH\CodeIgniter.php(493): CodeIgniter\CodeIgniter->createController()
 3 SYSTEMPATH\CodeIgniter.php(361): CodeIgniter\CodeIgniter->handleRequest(null, Object(Config\Cache), false)
 4 FCPATH\index.php(81): CodeIgniter\CodeIgniter->run()
 5 SYSTEMPATH\Commands\Server\rewrite.php(47): require_once('D:\\xampp\\file\\htdocs\\ComputerShop\\public\\index.php')
CRITICAL - 2024-03-26 07:57:50 --> Undefined property: App\Controllers\Users\AuthControllers::$userModel
in APPPATH\Controllers\Users\AuthControllers.php on line 26.
 1 APPPATH\Controllers\Users\AuthControllers.php(26): CodeIgniter\Debug\Exceptions->errorHandler(2, 'Undefined property: App\\Controllers\\Users\\AuthControllers::$userModel', 'D:\\xampp\\file\\htdocs\\ComputerShop\\app\\Controllers\\Users\\AuthControllers.php', 26)
 2 SYSTEMPATH\CodeIgniter.php(942): App\Controllers\Users\AuthControllers->register()
 3 SYSTEMPATH\CodeIgniter.php(502): CodeIgniter\CodeIgniter->runController(Object(App\Controllers\Users\AuthControllers))
 4 SYSTEMPATH\CodeIgniter.php(361): CodeIgniter\CodeIgniter->handleRequest(null, Object(Config\Cache), false)
 5 FCPATH\index.php(81): CodeIgniter\CodeIgniter->run()
 6 SYSTEMPATH\Commands\Server\rewrite.php(47): require_once('D:\\xampp\\file\\htdocs\\ComputerShop\\public\\index.php')
WARNING - 2024-03-26 07:59:42 --> [DEPRECATED] Creation of dynamic property App\Controllers\Users\AuthControllers::$UserModel is deprecated in APPPATH\Controllers\Users\AuthControllers.php on line 16.
 1 SYSTEMPATH\CodeIgniter.php(914): App\Controllers\Users\AuthControllers->__construct()
 2 SYSTEMPATH\CodeIgniter.php(493): CodeIgniter\CodeIgniter->createController()
 3 SYSTEMPATH\CodeIgniter.php(361): CodeIgniter\CodeIgniter->handleRequest(null, Object(Config\Cache), false)
 4 FCPATH\index.php(81): CodeIgniter\CodeIgniter->run()
 5 SYSTEMPATH\Commands\Server\rewrite.php(47): require_once('D:\\xampp\\file\\htdocs\\ComputerShop\\public\\index.php')
CRITICAL - 2024-03-26 07:59:42 --> Call to a member function insert() on null
in APPPATH\Controllers\Users\AuthControllers.php on line 26.
 1 SYSTEMPATH\CodeIgniter.php(942): App\Controllers\Users\AuthControllers->register()
 2 SYSTEMPATH\CodeIgniter.php(502): CodeIgniter\CodeIgniter->runController(Object(App\Controllers\Users\AuthControllers))
 3 SYSTEMPATH\CodeIgniter.php(361): CodeIgniter\CodeIgniter->handleRequest(null, Object(Config\Cache), false)
 4 FCPATH\index.php(81): CodeIgniter\CodeIgniter->run()
 5 SYSTEMPATH\Commands\Server\rewrite.php(47): require_once('D:\\xampp\\file\\htdocs\\ComputerShop\\public\\index.php')
CRITICAL - 2024-03-26 08:01:11 --> There is no data to insert.
in SYSTEMPATH\BaseModel.php on line 1726.
 1 SYSTEMPATH\BaseModel.php(1726): CodeIgniter\Database\Exceptions\DataException::forEmptyDataset('insert')
 2 SYSTEMPATH\BaseModel.php(748): CodeIgniter\BaseModel->transformDataToArray(null, 'insert')
 3 SYSTEMPATH\Model.php(715): CodeIgniter\BaseModel->insert(null, true)
 4 APPPATH\Controllers\Users\AuthControllers.php(26): CodeIgniter\Model->insert(null)
 5 SYSTEMPATH\CodeIgniter.php(942): App\Controllers\Users\AuthControllers->register()
 6 SYSTEMPATH\CodeIgniter.php(502): CodeIgniter\CodeIgniter->runController(Object(App\Controllers\Users\AuthControllers))
 7 SYSTEMPATH\CodeIgniter.php(361): CodeIgniter\CodeIgniter->handleRequest(null, Object(Config\Cache), false)
 8 FCPATH\index.php(81): CodeIgniter\CodeIgniter->run()
 9 SYSTEMPATH\Commands\Server\rewrite.php(47): require_once('D:\\xampp\\file\\htdocs\\ComputerShop\\public\\index.php')
CRITICAL - 2024-03-26 08:01:40 --> There is no data to insert.
in SYSTEMPATH\BaseModel.php on line 1726.
 1 SYSTEMPATH\BaseModel.php(1726): CodeIgniter\Database\Exceptions\DataException::forEmptyDataset('insert')
 2 SYSTEMPATH\BaseModel.php(748): CodeIgniter\BaseModel->transformDataToArray(null, 'insert')
 3 SYSTEMPATH\Model.php(715): CodeIgniter\BaseModel->insert(null, true)
 4 APPPATH\Controllers\Users\AuthControllers.php(26): CodeIgniter\Model->insert(null)
 5 SYSTEMPATH\CodeIgniter.php(942): App\Controllers\Users\AuthControllers->register()
 6 SYSTEMPATH\CodeIgniter.php(502): CodeIgniter\CodeIgniter->runController(Object(App\Controllers\Users\AuthControllers))
 7 SYSTEMPATH\CodeIgniter.php(361): CodeIgniter\CodeIgniter->handleRequest(null, Object(Config\Cache), false)
 8 FCPATH\index.php(81): CodeIgniter\CodeIgniter->run()
 9 SYSTEMPATH\Commands\Server\rewrite.php(47): require_once('D:\\xampp\\file\\htdocs\\ComputerShop\\public\\index.php')
CRITICAL - 2024-03-26 08:05:47 --> There is no data to insert.
in SYSTEMPATH\BaseModel.php on line 1726.
 1 SYSTEMPATH\BaseModel.php(1726): CodeIgniter\Database\Exceptions\DataException::forEmptyDataset('insert')
 2 SYSTEMPATH\BaseModel.php(748): CodeIgniter\BaseModel->transformDataToArray(null, 'insert')
 3 SYSTEMPATH\Model.php(715): CodeIgniter\BaseModel->insert(null, true)
 4 APPPATH\Controllers\Users\AuthControllers.php(27): CodeIgniter\Model->insert(null)
 5 SYSTEMPATH\CodeIgniter.php(942): App\Controllers\Users\AuthControllers->register()
 6 SYSTEMPATH\CodeIgniter.php(502): CodeIgniter\CodeIgniter->runController(Object(App\Controllers\Users\AuthControllers))
 7 SYSTEMPATH\CodeIgniter.php(361): CodeIgniter\CodeIgniter->handleRequest(null, Object(Config\Cache), false)
 8 FCPATH\index.php(81): CodeIgniter\CodeIgniter->run()
 9 SYSTEMPATH\Commands\Server\rewrite.php(47): require_once('D:\\xampp\\file\\htdocs\\ComputerShop\\public\\index.php')
CRITICAL - 2024-03-26 08:08:53 --> There is no data to insert.
in SYSTEMPATH\BaseModel.php on line 1726.
 1 SYSTEMPATH\BaseModel.php(1726): CodeIgniter\Database\Exceptions\DataException::forEmptyDataset('insert')
 2 SYSTEMPATH\BaseModel.php(748): CodeIgniter\BaseModel->transformDataToArray(null, 'insert')
 3 SYSTEMPATH\Model.php(715): CodeIgniter\BaseModel->insert(null, true)
 4 APPPATH\Controllers\Users\AuthControllers.php(31): CodeIgniter\Model->insert(null)
 5 SYSTEMPATH\CodeIgniter.php(942): App\Controllers\Users\AuthControllers->register()
 6 SYSTEMPATH\CodeIgniter.php(502): CodeIgniter\CodeIgniter->runController(Object(App\Controllers\Users\AuthControllers))
 7 SYSTEMPATH\CodeIgniter.php(361): CodeIgniter\CodeIgniter->handleRequest(null, Object(Config\Cache), false)
 8 FCPATH\index.php(81): CodeIgniter\CodeIgniter->run()
 9 SYSTEMPATH\Commands\Server\rewrite.php(47): require_once('D:\\xampp\\file\\htdocs\\ComputerShop\\public\\index.php')
CRITICAL - 2024-03-26 08:10:19 --> There is no data to insert.
in SYSTEMPATH\BaseModel.php on line 1726.
 1 SYSTEMPATH\BaseModel.php(1726): CodeIgniter\Database\Exceptions\DataException::forEmptyDataset('insert')
 2 SYSTEMPATH\BaseModel.php(748): CodeIgniter\BaseModel->transformDataToArray(null, 'insert')
 3 SYSTEMPATH\Model.php(715): CodeIgniter\BaseModel->insert(null, true)
 4 APPPATH\Controllers\Users\AuthControllers.php(31): CodeIgniter\Model->insert(null)
 5 SYSTEMPATH\CodeIgniter.php(942): App\Controllers\Users\AuthControllers->register()
 6 SYSTEMPATH\CodeIgniter.php(502): CodeIgniter\CodeIgniter->runController(Object(App\Controllers\Users\AuthControllers))
 7 SYSTEMPATH\CodeIgniter.php(361): CodeIgniter\CodeIgniter->handleRequest(null, Object(Config\Cache), false)
 8 FCPATH\index.php(81): CodeIgniter\CodeIgniter->run()
 9 SYSTEMPATH\Commands\Server\rewrite.php(47): require_once('D:\\xampp\\file\\htdocs\\ComputerShop\\public\\index.php')
INFO - 2024-03-26 08:14:53 --> Session: Class initialized using 'CodeIgniter\Session\Handlers\FileHandler' driver.
INFO - 2024-03-26 08:16:12 --> Session: Class initialized using 'CodeIgniter\Session\Handlers\FileHandler' driver.
INFO - 2024-03-26 08:17:38 --> Session: Class initialized using 'CodeIgniter\Session\Handlers\FileHandler' driver.
INFO - 2024-03-26 08:17:47 --> Session: Class initialized using 'CodeIgniter\Session\Handlers\FileHandler' driver.
INFO - 2024-03-26 08:17:53 --> Session: Class initialized using 'CodeIgniter\Session\Handlers\FileHandler' driver.
INFO - 2024-03-26 08:34:10 --> Session: Class initialized using 'CodeIgniter\Session\Handlers\FileHandler' driver.
INFO - 2024-03-26 08:34:11 --> Session: Class initialized using 'CodeIgniter\Session\Handlers\FileHandler' driver.
INFO - 2024-03-26 08:34:18 --> Session: Class initialized using 'CodeIgniter\Session\Handlers\FileHandler' driver.
INFO - 2024-03-26 08:34:18 --> Session: Class initialized using 'CodeIgniter\Session\Handlers\FileHandler' driver.
INFO - 2024-03-26 08:35:00 --> Session: Class initialized using 'CodeIgniter\Session\Handlers\FileHandler' driver.
INFO - 2024-03-26 08:35:01 --> Session: Class initialized using 'CodeIgniter\Session\Handlers\FileHandler' driver.
INFO - 2024-03-26 08:35:02 --> Session: Class initialized using 'CodeIgniter\Session\Handlers\FileHandler' driver.
INFO - 2024-03-26 08:35:03 --> Session: Class initialized using 'CodeIgniter\Session\Handlers\FileHandler' driver.
INFO - 2024-03-26 08:42:51 --> Session: Class initialized using 'CodeIgniter\Session\Handlers\FileHandler' driver.
INFO - 2024-03-26 08:42:52 --> Session: Class initialized using 'CodeIgniter\Session\Handlers\FileHandler' driver.
INFO - 2024-03-26 08:42:53 --> Session: Class initialized using 'CodeIgniter\Session\Handlers\FileHandler' driver.
INFO - 2024-03-26 08:42:54 --> Session: Class initialized using 'CodeIgniter\Session\Handlers\FileHandler' driver.
CRITICAL - 2024-03-26 08:58:30 --> "cors" filter must have a matching alias defined.
in SYSTEMPATH\Filters\Filters.php on line 580.
 1 SYSTEMPATH\Filters\Filters.php(580): CodeIgniter\Filters\Exceptions\FilterException::forNoAlias('cors')
 2 SYSTEMPATH\Filters\Filters.php(263): CodeIgniter\Filters\Filters->processAliasesToClass('before')
 3 SYSTEMPATH\Filters\Filters.php(174): CodeIgniter\Filters\Filters->initialize('views/login')
 4 SYSTEMPATH\CodeIgniter.php(474): CodeIgniter\Filters\Filters->run('views/login', 'before')
 5 SYSTEMPATH\CodeIgniter.php(361): CodeIgniter\CodeIgniter->handleRequest(null, Object(Config\Cache), false)
 6 FCPATH\index.php(81): CodeIgniter\CodeIgniter->run()
 7 SYSTEMPATH\Commands\Server\rewrite.php(47): require_once('D:\\xampp\\file\\htdocs\\ComputerShop\\public\\index.php')
INFO - 2024-03-26 08:58:47 --> Session: Class initialized using 'CodeIgniter\Session\Handlers\FileHandler' driver.
CRITICAL - 2024-03-26 08:58:47 --> Call to undefined function set_value()
in APPPATH\Views\login.php on line 24.
 1 SYSTEMPATH\View\View.php(228): include()
 2 SYSTEMPATH\View\View.php(231): CodeIgniter\View\View->CodeIgniter\View\{closure}()
 3 SYSTEMPATH\Common.php(1190): CodeIgniter\View\View->render('login', [], true)
 4 APPPATH\Controllers\Users\HomeControllers.php(23): view('login')
 5 SYSTEMPATH\CodeIgniter.php(942): App\Controllers\Users\HomeControllers->login()
 6 SYSTEMPATH\CodeIgniter.php(502): CodeIgniter\CodeIgniter->runController(Object(App\Controllers\Users\HomeControllers))
 7 SYSTEMPATH\CodeIgniter.php(361): CodeIgniter\CodeIgniter->handleRequest(null, Object(Config\Cache), false)
 8 FCPATH\index.php(81): CodeIgniter\CodeIgniter->run()
 9 SYSTEMPATH\Commands\Server\rewrite.php(47): require_once('D:\\xampp\\file\\htdocs\\ComputerShop\\public\\index.php')
INFO - 2024-03-26 08:59:04 --> Session: Class initialized using 'CodeIgniter\Session\Handlers\FileHandler' driver.
INFO - 2024-03-26 08:59:05 --> Session: Class initialized using 'CodeIgniter\Session\Handlers\FileHandler' driver.
INFO - 2024-03-26 09:02:09 --> Session: Class initialized using 'CodeIgniter\Session\Handlers\FileHandler' driver.
INFO - 2024-03-26 09:02:10 --> Session: Class initialized using 'CodeIgniter\Session\Handlers\FileHandler' driver.
INFO - 2024-03-26 09:02:16 --> Session: Class initialized using 'CodeIgniter\Session\Handlers\FileHandler' driver.
INFO - 2024-03-26 09:02:17 --> Session: Class initialized using 'CodeIgniter\Session\Handlers\FileHandler' driver.
INFO - 2024-03-26 09:02:20 --> Session: Class initialized using 'CodeIgniter\Session\Handlers\FileHandler' driver.
INFO - 2024-03-26 09:02:21 --> Session: Class initialized using 'CodeIgniter\Session\Handlers\FileHandler' driver.
INFO - 2024-03-26 09:04:35 --> Session: Class initialized using 'CodeIgniter\Session\Handlers\FileHandler' driver.
INFO - 2024-03-26 09:04:35 --> Session: Class initialized using 'CodeIgniter\Session\Handlers\FileHandler' driver.
INFO - 2024-03-26 09:06:19 --> Session: Class initialized using 'CodeIgniter\Session\Handlers\FileHandler' driver.
INFO - 2024-03-26 09:06:20 --> Session: Class initialized using 'CodeIgniter\Session\Handlers\FileHandler' driver.
INFO - 2024-03-26 09:06:23 --> Session: Class initialized using 'CodeIgniter\Session\Handlers\FileHandler' driver.
INFO - 2024-03-26 09:06:24 --> Session: Class initialized using 'CodeIgniter\Session\Handlers\FileHandler' driver.
INFO - 2024-03-26 09:08:36 --> Session: Class initialized using 'CodeIgniter\Session\Handlers\FileHandler' driver.
INFO - 2024-03-26 09:08:37 --> Session: Class initialized using 'CodeIgniter\Session\Handlers\FileHandler' driver.
INFO - 2024-03-26 09:08:39 --> Session: Class initialized using 'CodeIgniter\Session\Handlers\FileHandler' driver.
INFO - 2024-03-26 09:08:40 --> Session: Class initialized using 'CodeIgniter\Session\Handlers\FileHandler' driver.
INFO - 2024-03-26 09:09:36 --> Session: Class initialized using 'CodeIgniter\Session\Handlers\FileHandler' driver.
INFO - 2024-03-26 09:09:36 --> Session: Class initialized using 'CodeIgniter\Session\Handlers\FileHandler' driver.
INFO - 2024-03-26 09:09:52 --> Session: Class initialized using 'CodeIgniter\Session\Handlers\FileHandler' driver.
INFO - 2024-03-26 09:09:53 --> Session: Class initialized using 'CodeIgniter\Session\Handlers\FileHandler' driver.
INFO - 2024-03-26 09:09:54 --> Session: Class initialized using 'CodeIgniter\Session\Handlers\FileHandler' driver.
INFO - 2024-03-26 09:09:55 --> Session: Class initialized using 'CodeIgniter\Session\Handlers\FileHandler' driver.
INFO - 2024-03-26 09:10:40 --> Session: Class initialized using 'CodeIgniter\Session\Handlers\FileHandler' driver.
INFO - 2024-03-26 09:10:41 --> Session: Class initialized using 'CodeIgniter\Session\Handlers\FileHandler' driver.
INFO - 2024-03-26 09:10:42 --> Session: Class initialized using 'CodeIgniter\Session\Handlers\FileHandler' driver.
INFO - 2024-03-26 09:10:43 --> Session: Class initialized using 'CodeIgniter\Session\Handlers\FileHandler' driver.
INFO - 2024-03-26 09:11:39 --> Session: Class initialized using 'CodeIgniter\Session\Handlers\FileHandler' driver.
INFO - 2024-03-26 09:11:40 --> Session: Class initialized using 'CodeIgniter\Session\Handlers\FileHandler' driver.
INFO - 2024-03-26 09:11:40 --> Session: Class initialized using 'CodeIgniter\Session\Handlers\FileHandler' driver.
INFO - 2024-03-26 09:11:41 --> Session: Class initialized using 'CodeIgniter\Session\Handlers\FileHandler' driver.
INFO - 2024-03-26 09:11:42 --> Session: Class initialized using 'CodeIgniter\Session\Handlers\FileHandler' driver.
INFO - 2024-03-26 09:11:43 --> Session: Class initialized using 'CodeIgniter\Session\Handlers\FileHandler' driver.
CRITICAL - 2024-03-26 09:11:45 --> Invalid file: "contact/email.php"
in SYSTEMPATH\Exceptions\FrameworkException.php on line 39.
 1 SYSTEMPATH\View\View.php(216): CodeIgniter\Exceptions\FrameworkException::forInvalidFile('contact/email.php')
 2 SYSTEMPATH\Common.php(1190): CodeIgniter\View\View->render('contact/email', [], true)
 3 APPPATH\Controllers\Users\EmailController.php(11): view('contact/email')
 4 SYSTEMPATH\CodeIgniter.php(942): App\Controllers\Users\EmailController->index()
 5 SYSTEMPATH\CodeIgniter.php(502): CodeIgniter\CodeIgniter->runController(Object(App\Controllers\Users\EmailController))
 6 SYSTEMPATH\CodeIgniter.php(361): CodeIgniter\CodeIgniter->handleRequest(null, Object(Config\Cache), false)
 7 FCPATH\index.php(81): CodeIgniter\CodeIgniter->run()
INFO - 2024-03-26 09:11:55 --> Session: Class initialized using 'CodeIgniter\Session\Handlers\FileHandler' driver.
INFO - 2024-03-26 09:11:56 --> Session: Class initialized using 'CodeIgniter\Session\Handlers\FileHandler' driver.
CRITICAL - 2024-03-26 09:11:59 --> Invalid file: "contact/email.php"
in SYSTEMPATH\Exceptions\FrameworkException.php on line 39.
 1 SYSTEMPATH\View\View.php(216): CodeIgniter\Exceptions\FrameworkException::forInvalidFile('contact/email.php')
 2 SYSTEMPATH\Common.php(1190): CodeIgniter\View\View->render('contact/email', [], true)
 3 APPPATH\Controllers\Users\EmailController.php(11): view('contact/email')
 4 SYSTEMPATH\CodeIgniter.php(942): App\Controllers\Users\EmailController->index()
 5 SYSTEMPATH\CodeIgniter.php(502): CodeIgniter\CodeIgniter->runController(Object(App\Controllers\Users\EmailController))
 6 SYSTEMPATH\CodeIgniter.php(361): CodeIgniter\CodeIgniter->handleRequest(null, Object(Config\Cache), false)
 7 FCPATH\index.php(81): CodeIgniter\CodeIgniter->run()
CRITICAL - 2024-03-26 09:12:56 --> Invalid file: "contact/email.php"
in SYSTEMPATH\Exceptions\FrameworkException.php on line 39.
 1 SYSTEMPATH\View\View.php(216): CodeIgniter\Exceptions\FrameworkException::forInvalidFile('contact/email.php')
 2 SYSTEMPATH\Common.php(1190): CodeIgniter\View\View->render('contact/email', [], true)
 3 APPPATH\Controllers\Users\EmailController.php(11): view('contact/email')
 4 SYSTEMPATH\CodeIgniter.php(942): App\Controllers\Users\EmailController->index()
 5 SYSTEMPATH\CodeIgniter.php(502): CodeIgniter\CodeIgniter->runController(Object(App\Controllers\Users\EmailController))
 6 SYSTEMPATH\CodeIgniter.php(361): CodeIgniter\CodeIgniter->handleRequest(null, Object(Config\Cache), false)
 7 FCPATH\index.php(81): CodeIgniter\CodeIgniter->run()
INFO - 2024-03-26 09:12:57 --> Session: Class initialized using 'CodeIgniter\Session\Handlers\FileHandler' driver.
INFO - 2024-03-26 09:12:58 --> Session: Class initialized using 'CodeIgniter\Session\Handlers\FileHandler' driver.
CRITICAL - 2024-03-26 09:13:03 --> Invalid file: "contact/email.php"
in SYSTEMPATH\Exceptions\FrameworkException.php on line 39.
 1 SYSTEMPATH\View\View.php(216): CodeIgniter\Exceptions\FrameworkException::forInvalidFile('contact/email.php')
 2 SYSTEMPATH\Common.php(1190): CodeIgniter\View\View->render('contact/email', [], true)
 3 APPPATH\Controllers\Users\EmailController.php(11): view('contact/email')
 4 SYSTEMPATH\CodeIgniter.php(942): App\Controllers\Users\EmailController->index()
 5 SYSTEMPATH\CodeIgniter.php(502): CodeIgniter\CodeIgniter->runController(Object(App\Controllers\Users\EmailController))
 6 SYSTEMPATH\CodeIgniter.php(361): CodeIgniter\CodeIgniter->handleRequest(null, Object(Config\Cache), false)
 7 FCPATH\index.php(81): CodeIgniter\CodeIgniter->run()
INFO - 2024-03-26 09:13:22 --> Session: Class initialized using 'CodeIgniter\Session\Handlers\FileHandler' driver.
INFO - 2024-03-26 09:13:23 --> Session: Class initialized using 'CodeIgniter\Session\Handlers\FileHandler' driver.
CRITICAL - 2024-03-26 09:38:13 --> Class "CodeIgniter\Shield\Config\ShieldAuth" not found
in APPPATH\Config\Auth.php on line 31.
 1 SYSTEMPATH\Autoloader\Autoloader.php(312): include_once()
 2 SYSTEMPATH\Autoloader\Autoloader.php(291): CodeIgniter\Autoloader\Autoloader->includeFile('D:\\xampp\\file\\htdocs\\ComputerShop\\app\\Config\\Auth.php')
 3 SYSTEMPATH\Autoloader\Autoloader.php(269): CodeIgniter\Autoloader\Autoloader->loadInNamespace('Config\\Auth')
 4 [internal function]: CodeIgniter\Autoloader\Autoloader->loadClass('Config\\Auth')
 5 SYSTEMPATH\Config\Factories.php(276): class_exists('Config\\Auth')
 6 SYSTEMPATH\Config\Factories.php(202): CodeIgniter\Config\Factories::locateClass([...], 'Auth')
 7 SYSTEMPATH\Config\Factories.php(161): CodeIgniter\Config\Factories::getDefinedInstance([...], 'Auth', [])
 8 SYSTEMPATH\Common.php(217): CodeIgniter\Config\Factories::__callStatic('config', [])
 9 VENDORPATH\codeigniter4\shield\src\Config\Services.php(34): config('Auth')
10 SYSTEMPATH\Config\BaseService.php(258): CodeIgniter\Shield\Config\Services::auth(false)
11 SYSTEMPATH\Config\BaseService.php(199): CodeIgniter\Config\BaseService::__callStatic('auth', [...])
12 VENDORPATH\codeigniter4\shield\src\Config\Services.php(30): CodeIgniter\Config\BaseService::getSharedInstance('auth')
13 SYSTEMPATH\Config\BaseService.php(258): CodeIgniter\Shield\Config\Services::auth()
14 SYSTEMPATH\Common.php(1022): CodeIgniter\Config\BaseService::__callStatic('auth', [])
15 APPPATH\Config\Routes.php(29): service('auth')
16 SYSTEMPATH\Router\RouteCollection.php(344): require('D:\\xampp\\file\\htdocs\\ComputerShop\\app\\Config\\Routes.php')
17 SYSTEMPATH\CLI\Console.php(39): CodeIgniter\Router\RouteCollection->loadRoutes()
18 ROOTPATH\spark(102): CodeIgniter\CLI\Console->run()
INFO - 2024-03-26 09:44:44 --> Session: Class initialized using 'CodeIgniter\Session\Handlers\FileHandler' driver.
INFO - 2024-03-26 09:44:46 --> Session: Class initialized using 'CodeIgniter\Session\Handlers\FileHandler' driver.
INFO - 2024-03-26 09:44:48 --> Session: Class initialized using 'CodeIgniter\Session\Handlers\FileHandler' driver.
INFO - 2024-03-26 09:44:49 --> Session: Class initialized using 'CodeIgniter\Session\Handlers\FileHandler' driver.
INFO - 2024-03-26 09:44:51 --> Session: Class initialized using 'CodeIgniter\Session\Handlers\FileHandler' driver.
INFO - 2024-03-26 09:44:52 --> Session: Class initialized using 'CodeIgniter\Session\Handlers\FileHandler' driver.
