INFO - 2023-12-30 03:50:07 --> Session: Class initialized using 'CodeIgniter\Session\Handlers\FileHandler' driver.
INFO - 2023-12-30 04:03:06 --> Session: Class initialized using 'CodeIgniter\Session\Handlers\FileHandler' driver.
CRITICAL - 2023-12-30 04:04:07 --> Invalid file: "errors/html/erorr_404.php"
in SYSTEMPATH\Exceptions\FrameworkException.php on line 39.
 1 SYSTEMPATH\View\View.php(216): CodeIgniter\Exceptions\FrameworkException::forInvalidFile('errors/html/erorr_404.php')
 2 SYSTEMPATH\Common.php(1190): CodeIgniter\View\View->render('errors/html/erorr_404', [], true)
 3 APPPATH\Config\Routes.php(11): view('errors/html/erorr_404')
 4 SYSTEMPATH\CodeIgniter.php(891): CodeIgniter\Router\RouteCollection->{closure}()
 5 SYSTEMPATH\CodeIgniter.php(489): CodeIgniter\CodeIgniter->startController()
 6 SYSTEMPATH\CodeIgniter.php(361): CodeIgniter\CodeIgniter->handleRequest(null, Object(Config\Cache), false)
 7 FCPATH\index.php(81): CodeIgniter\CodeIgniter->run()
 8 SYSTEMPATH\Commands\Server\rewrite.php(47): require_once('D:\\xampp\\file\\htdocs\\ComputerShop\\public\\index.php')
CRITICAL - 2023-12-30 04:05:34 --> Undefined variable $message
in APPPATH\Views\errors\html\error_404.php on line 77.
 1 APPPATH\Views\errors\html\error_404.php(77): CodeIgniter\Debug\Exceptions->errorHandler(2, 'Undefined variable $message', 'D:\\xampp\\file\\htdocs\\ComputerShop\\app\\Views\\errors\\html\\error_404.php', 77)
 2 SYSTEMPATH\View\View.php(228): include('D:\\xampp\\file\\htdocs\\ComputerShop\\app\\Views\\errors\\html\\error_404.php')
 3 SYSTEMPATH\View\View.php(231): CodeIgniter\View\View->CodeIgniter\View\{closure}()
 4 SYSTEMPATH\Common.php(1190): CodeIgniter\View\View->render('errors/html/error_404', [], true)
 5 APPPATH\Config\Routes.php(11): view('errors/html/error_404')
 6 SYSTEMPATH\CodeIgniter.php(891): CodeIgniter\Router\RouteCollection->{closure}()
 7 SYSTEMPATH\CodeIgniter.php(489): CodeIgniter\CodeIgniter->startController()
 8 SYSTEMPATH\CodeIgniter.php(361): CodeIgniter\CodeIgniter->handleRequest(null, Object(Config\Cache), false)
 9 FCPATH\index.php(81): CodeIgniter\CodeIgniter->run()
10 SYSTEMPATH\Commands\Server\rewrite.php(47): require_once('D:\\xampp\\file\\htdocs\\ComputerShop\\public\\index.php')
CRITICAL - 2023-12-30 04:06:11 --> Undefined variable $message
in APPPATH\Views\errors\html\error_404.php on line 77.
 1 APPPATH\Views\errors\html\error_404.php(77): CodeIgniter\Debug\Exceptions->errorHandler(2, 'Undefined variable $message', 'D:\\xampp\\file\\htdocs\\ComputerShop\\app\\Views\\errors\\html\\error_404.php', 77)
 2 SYSTEMPATH\View\View.php(228): include('D:\\xampp\\file\\htdocs\\ComputerShop\\app\\Views\\errors\\html\\error_404.php')
 3 SYSTEMPATH\View\View.php(231): CodeIgniter\View\View->CodeIgniter\View\{closure}()
 4 SYSTEMPATH\Common.php(1190): CodeIgniter\View\View->render('errors/html/error_404', [], true)
 5 APPPATH\Config\Routes.php(11): view('errors/html/error_404')
 6 SYSTEMPATH\CodeIgniter.php(891): CodeIgniter\Router\RouteCollection->{closure}()
 7 SYSTEMPATH\CodeIgniter.php(489): CodeIgniter\CodeIgniter->startController()
 8 SYSTEMPATH\CodeIgniter.php(361): CodeIgniter\CodeIgniter->handleRequest(null, Object(Config\Cache), false)
 9 FCPATH\index.php(81): CodeIgniter\CodeIgniter->run()
10 SYSTEMPATH\Commands\Server\rewrite.php(47): require_once('D:\\xampp\\file\\htdocs\\ComputerShop\\public\\index.php')
CRITICAL - 2023-12-30 04:07:17 --> Undefined variable $message
in APPPATH\Views\errors\html\error_404.php on line 77.
 1 APPPATH\Views\errors\html\error_404.php(77): CodeIgniter\Debug\Exceptions->errorHandler(2, 'Undefined variable $message', 'D:\\xampp\\file\\htdocs\\ComputerShop\\app\\Views\\errors\\html\\error_404.php', 77)
 2 SYSTEMPATH\View\View.php(228): include('D:\\xampp\\file\\htdocs\\ComputerShop\\app\\Views\\errors\\html\\error_404.php')
 3 SYSTEMPATH\View\View.php(231): CodeIgniter\View\View->CodeIgniter\View\{closure}()
 4 SYSTEMPATH\Common.php(1190): CodeIgniter\View\View->render('errors/html/error_404', [], true)
 5 APPPATH\Config\Routes.php(11): view('errors/html/error_404')
 6 SYSTEMPATH\CodeIgniter.php(891): CodeIgniter\Router\RouteCollection->{closure}()
 7 SYSTEMPATH\CodeIgniter.php(489): CodeIgniter\CodeIgniter->startController()
 8 SYSTEMPATH\CodeIgniter.php(361): CodeIgniter\CodeIgniter->handleRequest(null, Object(Config\Cache), false)
 9 FCPATH\index.php(81): CodeIgniter\CodeIgniter->run()
10 SYSTEMPATH\Commands\Server\rewrite.php(47): require_once('D:\\xampp\\file\\htdocs\\ComputerShop\\public\\index.php')
INFO - 2023-12-30 04:07:43 --> Session: Class initialized using 'CodeIgniter\Session\Handlers\FileHandler' driver.
INFO - 2023-12-30 04:08:56 --> Session: Class initialized using 'CodeIgniter\Session\Handlers\FileHandler' driver.
INFO - 2023-12-30 04:11:25 --> Session: Class initialized using 'CodeIgniter\Session\Handlers\FileHandler' driver.
INFO - 2023-12-30 04:11:56 --> Session: Class initialized using 'CodeIgniter\Session\Handlers\FileHandler' driver.
INFO - 2023-12-30 04:16:15 --> Session: Class initialized using 'CodeIgniter\Session\Handlers\FileHandler' driver.
INFO - 2023-12-30 04:17:17 --> Session: Class initialized using 'CodeIgniter\Session\Handlers\FileHandler' driver.
INFO - 2023-12-30 04:24:10 --> Session: Class initialized using 'CodeIgniter\Session\Handlers\FileHandler' driver.
INFO - 2023-12-30 04:26:36 --> Session: Class initialized using 'CodeIgniter\Session\Handlers\FileHandler' driver.
INFO - 2023-12-30 04:26:53 --> Session: Class initialized using 'CodeIgniter\Session\Handlers\FileHandler' driver.
INFO - 2023-12-30 04:27:33 --> Session: Class initialized using 'CodeIgniter\Session\Handlers\FileHandler' driver.
INFO - 2023-12-30 04:28:42 --> Session: Class initialized using 'CodeIgniter\Session\Handlers\FileHandler' driver.
INFO - 2023-12-30 04:36:01 --> Session: Class initialized using 'CodeIgniter\Session\Handlers\FileHandler' driver.
INFO - 2023-12-30 04:36:04 --> Session: Class initialized using 'CodeIgniter\Session\Handlers\FileHandler' driver.
INFO - 2023-12-30 04:38:37 --> Session: Class initialized using 'CodeIgniter\Session\Handlers\FileHandler' driver.
INFO - 2023-12-30 04:38:45 --> Session: Class initialized using 'CodeIgniter\Session\Handlers\FileHandler' driver.
INFO - 2023-12-30 04:38:48 --> Session: Class initialized using 'CodeIgniter\Session\Handlers\FileHandler' driver.
INFO - 2023-12-30 04:40:45 --> Session: Class initialized using 'CodeIgniter\Session\Handlers\FileHandler' driver.
INFO - 2023-12-30 04:40:59 --> Session: Class initialized using 'CodeIgniter\Session\Handlers\FileHandler' driver.
INFO - 2023-12-30 04:41:05 --> Session: Class initialized using 'CodeIgniter\Session\Handlers\FileHandler' driver.
INFO - 2023-12-30 04:43:22 --> Session: Class initialized using 'CodeIgniter\Session\Handlers\FileHandler' driver.
INFO - 2023-12-30 04:43:44 --> Session: Class initialized using 'CodeIgniter\Session\Handlers\FileHandler' driver.
INFO - 2023-12-30 06:26:53 --> Session: Class initialized using 'CodeIgniter\Session\Handlers\FileHandler' driver.
INFO - 2023-12-30 06:42:20 --> Session: Class initialized using 'CodeIgniter\Session\Handlers\FileHandler' driver.
INFO - 2023-12-30 06:42:24 --> Session: Class initialized using 'CodeIgniter\Session\Handlers\FileHandler' driver.
INFO - 2023-12-30 06:42:28 --> Session: Class initialized using 'CodeIgniter\Session\Handlers\FileHandler' driver.
INFO - 2023-12-30 06:43:27 --> Session: Class initialized using 'CodeIgniter\Session\Handlers\FileHandler' driver.
INFO - 2023-12-30 06:43:43 --> Session: Class initialized using 'CodeIgniter\Session\Handlers\FileHandler' driver.
INFO - 2023-12-30 06:43:52 --> Session: Class initialized using 'CodeIgniter\Session\Handlers\FileHandler' driver.
INFO - 2023-12-30 06:44:02 --> Session: Class initialized using 'CodeIgniter\Session\Handlers\FileHandler' driver.
INFO - 2023-12-30 06:44:51 --> Session: Class initialized using 'CodeIgniter\Session\Handlers\FileHandler' driver.
INFO - 2023-12-30 06:46:54 --> Session: Class initialized using 'CodeIgniter\Session\Handlers\FileHandler' driver.
INFO - 2023-12-30 06:47:02 --> Session: Class initialized using 'CodeIgniter\Session\Handlers\FileHandler' driver.
INFO - 2023-12-30 06:47:18 --> Session: Class initialized using 'CodeIgniter\Session\Handlers\FileHandler' driver.
INFO - 2023-12-30 06:47:23 --> Session: Class initialized using 'CodeIgniter\Session\Handlers\FileHandler' driver.
INFO - 2023-12-30 06:54:06 --> Session: Class initialized using 'CodeIgniter\Session\Handlers\FileHandler' driver.
INFO - 2023-12-30 06:54:20 --> Session: Class initialized using 'CodeIgniter\Session\Handlers\FileHandler' driver.
INFO - 2023-12-30 06:55:05 --> Session: Class initialized using 'CodeIgniter\Session\Handlers\FileHandler' driver.
INFO - 2023-12-30 06:55:20 --> Session: Class initialized using 'CodeIgniter\Session\Handlers\FileHandler' driver.
