CRITICAL - 2023-12-18 15:10:00 --> Too few arguments to function App\Controllers\BaseController::loadMasterLayout(), 1 passed in D:\xampp\file\htdocs\ComputerShop\app\Controllers\Admin\HomeControllers.php on line 11 and exactly 2 expected
in APPPATH\Controllers\BaseController.php on line 60.
 1 APPPATH\Controllers\Admin\HomeControllers.php(11): App\Controllers\BaseController->loadMasterLayout([])
 2 SYSTEMPATH\CodeIgniter.php(942): App\Controllers\Admin\HomeControllers->index()
 3 SYSTEMPATH\CodeIgniter.php(502): CodeIgniter\CodeIgniter->runController(Object(App\Controllers\Admin\HomeControllers))
 4 SYSTEMPATH\CodeIgniter.php(361): CodeIgniter\CodeIgniter->handleRequest(null, Object(Config\Cache), false)
 5 FCPATH\index.php(81): CodeIgniter\CodeIgniter->run()
 6 SYSTEMPATH\Commands\Server\rewrite.php(47): require_once('D:\\xampp\\file\\htdocs\\ComputerShop\\public\\index.php')
CRITICAL - 2023-12-18 15:12:36 --> view(): Argument #1 ($name) must be of type string, array given, called in D:\xampp\file\htdocs\ComputerShop\app\Controllers\BaseController.php on line 65
in SYSTEMPATH\Common.php on line 1178.
 1 APPPATH\Controllers\BaseController.php(65): view([])
 2 APPPATH\Controllers\Admin\HomeControllers.php(11): App\Controllers\BaseController->loadMasterLayout([])
 3 SYSTEMPATH\CodeIgniter.php(942): App\Controllers\Admin\HomeControllers->index()
 4 SYSTEMPATH\CodeIgniter.php(502): CodeIgniter\CodeIgniter->runController(Object(App\Controllers\Admin\HomeControllers))
 5 SYSTEMPATH\CodeIgniter.php(361): CodeIgniter\CodeIgniter->handleRequest(null, Object(Config\Cache), false)
 6 FCPATH\index.php(81): CodeIgniter\CodeIgniter->run()
 7 SYSTEMPATH\Commands\Server\rewrite.php(47): require_once('D:\\xampp\\file\\htdocs\\ComputerShop\\public\\index.php')
CRITICAL - 2023-12-18 15:13:35 --> view(): Argument #1 ($name) must be of type string, array given, called in D:\xampp\file\htdocs\ComputerShop\app\Controllers\BaseController.php on line 65
in SYSTEMPATH\Common.php on line 1178.
 1 APPPATH\Controllers\BaseController.php(65): view([])
 2 APPPATH\Controllers\Admin\HomeControllers.php(11): App\Controllers\BaseController->loadMasterLayout([])
 3 SYSTEMPATH\CodeIgniter.php(942): App\Controllers\Admin\HomeControllers->index()
 4 SYSTEMPATH\CodeIgniter.php(502): CodeIgniter\CodeIgniter->runController(Object(App\Controllers\Admin\HomeControllers))
 5 SYSTEMPATH\CodeIgniter.php(361): CodeIgniter\CodeIgniter->handleRequest(null, Object(Config\Cache), false)
 6 FCPATH\index.php(81): CodeIgniter\CodeIgniter->run()
 7 SYSTEMPATH\Commands\Server\rewrite.php(47): require_once('D:\\xampp\\file\\htdocs\\ComputerShop\\public\\index.php')
CRITICAL - 2023-12-18 15:20:06 --> view(): Argument #1 ($name) must be of type string, array given, called in D:\xampp\file\htdocs\ComputerShop\app\Controllers\BaseController.php on line 65
in SYSTEMPATH\Common.php on line 1178.
 1 APPPATH\Controllers\BaseController.php(65): view([])
 2 APPPATH\Controllers\Admin\HomeControllers.php(11): App\Controllers\BaseController->loadMasterLayout([])
 3 SYSTEMPATH\CodeIgniter.php(942): App\Controllers\Admin\HomeControllers->index()
 4 SYSTEMPATH\CodeIgniter.php(502): CodeIgniter\CodeIgniter->runController(Object(App\Controllers\Admin\HomeControllers))
 5 SYSTEMPATH\CodeIgniter.php(361): CodeIgniter\CodeIgniter->handleRequest(null, Object(Config\Cache), false)
 6 FCPATH\index.php(81): CodeIgniter\CodeIgniter->run()
 7 SYSTEMPATH\Commands\Server\rewrite.php(47): require_once('D:\\xampp\\file\\htdocs\\ComputerShop\\public\\index.php')
CRITICAL - 2023-12-18 15:20:07 --> view(): Argument #1 ($name) must be of type string, array given, called in D:\xampp\file\htdocs\ComputerShop\app\Controllers\BaseController.php on line 65
in SYSTEMPATH\Common.php on line 1178.
 1 APPPATH\Controllers\BaseController.php(65): view([])
 2 APPPATH\Controllers\Admin\HomeControllers.php(11): App\Controllers\BaseController->loadMasterLayout([])
 3 SYSTEMPATH\CodeIgniter.php(942): App\Controllers\Admin\HomeControllers->index()
 4 SYSTEMPATH\CodeIgniter.php(502): CodeIgniter\CodeIgniter->runController(Object(App\Controllers\Admin\HomeControllers))
 5 SYSTEMPATH\CodeIgniter.php(361): CodeIgniter\CodeIgniter->handleRequest(null, Object(Config\Cache), false)
 6 FCPATH\index.php(81): CodeIgniter\CodeIgniter->run()
 7 SYSTEMPATH\Commands\Server\rewrite.php(47): require_once('D:\\xampp\\file\\htdocs\\ComputerShop\\public\\index.php')
CRITICAL - 2023-12-18 15:20:29 --> view(): Argument #1 ($name) must be of type string, array given, called in D:\xampp\file\htdocs\ComputerShop\app\Controllers\BaseController.php on line 65
in SYSTEMPATH\Common.php on line 1178.
 1 APPPATH\Controllers\BaseController.php(65): view([])
 2 APPPATH\Controllers\Admin\HomeControllers.php(11): App\Controllers\BaseController->loadMasterLayout([])
 3 SYSTEMPATH\CodeIgniter.php(942): App\Controllers\Admin\HomeControllers->index()
 4 SYSTEMPATH\CodeIgniter.php(502): CodeIgniter\CodeIgniter->runController(Object(App\Controllers\Admin\HomeControllers))
 5 SYSTEMPATH\CodeIgniter.php(361): CodeIgniter\CodeIgniter->handleRequest(null, Object(Config\Cache), false)
 6 FCPATH\index.php(81): CodeIgniter\CodeIgniter->run()
 7 SYSTEMPATH\Commands\Server\rewrite.php(47): require_once('D:\\xampp\\file\\htdocs\\ComputerShop\\public\\index.php')
CRITICAL - 2023-12-18 15:20:31 --> view(): Argument #1 ($name) must be of type string, array given, called in D:\xampp\file\htdocs\ComputerShop\app\Controllers\BaseController.php on line 65
in SYSTEMPATH\Common.php on line 1178.
 1 APPPATH\Controllers\BaseController.php(65): view([])
 2 APPPATH\Controllers\Admin\HomeControllers.php(11): App\Controllers\BaseController->loadMasterLayout([])
 3 SYSTEMPATH\CodeIgniter.php(942): App\Controllers\Admin\HomeControllers->index()
 4 SYSTEMPATH\CodeIgniter.php(502): CodeIgniter\CodeIgniter->runController(Object(App\Controllers\Admin\HomeControllers))
 5 SYSTEMPATH\CodeIgniter.php(361): CodeIgniter\CodeIgniter->handleRequest(null, Object(Config\Cache), false)
 6 FCPATH\index.php(81): CodeIgniter\CodeIgniter->run()
 7 SYSTEMPATH\Commands\Server\rewrite.php(47): require_once('D:\\xampp\\file\\htdocs\\ComputerShop\\public\\index.php')
CRITICAL - 2023-12-18 15:20:31 --> view(): Argument #1 ($name) must be of type string, array given, called in D:\xampp\file\htdocs\ComputerShop\app\Controllers\BaseController.php on line 65
in SYSTEMPATH\Common.php on line 1178.
 1 APPPATH\Controllers\BaseController.php(65): view([])
 2 APPPATH\Controllers\Admin\HomeControllers.php(11): App\Controllers\BaseController->loadMasterLayout([])
 3 SYSTEMPATH\CodeIgniter.php(942): App\Controllers\Admin\HomeControllers->index()
 4 SYSTEMPATH\CodeIgniter.php(502): CodeIgniter\CodeIgniter->runController(Object(App\Controllers\Admin\HomeControllers))
 5 SYSTEMPATH\CodeIgniter.php(361): CodeIgniter\CodeIgniter->handleRequest(null, Object(Config\Cache), false)
 6 FCPATH\index.php(81): CodeIgniter\CodeIgniter->run()
 7 SYSTEMPATH\Commands\Server\rewrite.php(47): require_once('D:\\xampp\\file\\htdocs\\ComputerShop\\public\\index.php')
CRITICAL - 2023-12-18 15:25:24 --> view(): Argument #1 ($name) must be of type string, array given, called in D:\xampp\file\htdocs\ComputerShop\app\Controllers\BaseController.php on line 65
in SYSTEMPATH\Common.php on line 1178.
 1 APPPATH\Controllers\BaseController.php(65): view([])
 2 APPPATH\Controllers\Admin\HomeControllers.php(11): App\Controllers\BaseController->loadMasterLayout([])
 3 SYSTEMPATH\CodeIgniter.php(942): App\Controllers\Admin\HomeControllers->index()
 4 SYSTEMPATH\CodeIgniter.php(502): CodeIgniter\CodeIgniter->runController(Object(App\Controllers\Admin\HomeControllers))
 5 SYSTEMPATH\CodeIgniter.php(361): CodeIgniter\CodeIgniter->handleRequest(null, Object(Config\Cache), false)
 6 FCPATH\index.php(81): CodeIgniter\CodeIgniter->run()
 7 SYSTEMPATH\Commands\Server\rewrite.php(47): require_once('D:\\xampp\\file\\htdocs\\ComputerShop\\public\\index.php')
CRITICAL - 2023-12-18 15:25:25 --> view(): Argument #1 ($name) must be of type string, array given, called in D:\xampp\file\htdocs\ComputerShop\app\Controllers\BaseController.php on line 65
in SYSTEMPATH\Common.php on line 1178.
 1 APPPATH\Controllers\BaseController.php(65): view([])
 2 APPPATH\Controllers\Admin\HomeControllers.php(11): App\Controllers\BaseController->loadMasterLayout([])
 3 SYSTEMPATH\CodeIgniter.php(942): App\Controllers\Admin\HomeControllers->index()
 4 SYSTEMPATH\CodeIgniter.php(502): CodeIgniter\CodeIgniter->runController(Object(App\Controllers\Admin\HomeControllers))
 5 SYSTEMPATH\CodeIgniter.php(361): CodeIgniter\CodeIgniter->handleRequest(null, Object(Config\Cache), false)
 6 FCPATH\index.php(81): CodeIgniter\CodeIgniter->run()
 7 SYSTEMPATH\Commands\Server\rewrite.php(47): require_once('D:\\xampp\\file\\htdocs\\ComputerShop\\public\\index.php')
CRITICAL - 2023-12-18 15:25:25 --> view(): Argument #1 ($name) must be of type string, array given, called in D:\xampp\file\htdocs\ComputerShop\app\Controllers\BaseController.php on line 65
in SYSTEMPATH\Common.php on line 1178.
 1 APPPATH\Controllers\BaseController.php(65): view([])
 2 APPPATH\Controllers\Admin\HomeControllers.php(11): App\Controllers\BaseController->loadMasterLayout([])
 3 SYSTEMPATH\CodeIgniter.php(942): App\Controllers\Admin\HomeControllers->index()
 4 SYSTEMPATH\CodeIgniter.php(502): CodeIgniter\CodeIgniter->runController(Object(App\Controllers\Admin\HomeControllers))
 5 SYSTEMPATH\CodeIgniter.php(361): CodeIgniter\CodeIgniter->handleRequest(null, Object(Config\Cache), false)
 6 FCPATH\index.php(81): CodeIgniter\CodeIgniter->run()
 7 SYSTEMPATH\Commands\Server\rewrite.php(47): require_once('D:\\xampp\\file\\htdocs\\ComputerShop\\public\\index.php')
CRITICAL - 2023-12-18 15:25:26 --> view(): Argument #1 ($name) must be of type string, array given, called in D:\xampp\file\htdocs\ComputerShop\app\Controllers\BaseController.php on line 65
in SYSTEMPATH\Common.php on line 1178.
 1 APPPATH\Controllers\BaseController.php(65): view([])
 2 APPPATH\Controllers\Admin\HomeControllers.php(11): App\Controllers\BaseController->loadMasterLayout([])
 3 SYSTEMPATH\CodeIgniter.php(942): App\Controllers\Admin\HomeControllers->index()
 4 SYSTEMPATH\CodeIgniter.php(502): CodeIgniter\CodeIgniter->runController(Object(App\Controllers\Admin\HomeControllers))
 5 SYSTEMPATH\CodeIgniter.php(361): CodeIgniter\CodeIgniter->handleRequest(null, Object(Config\Cache), false)
 6 FCPATH\index.php(81): CodeIgniter\CodeIgniter->run()
 7 SYSTEMPATH\Commands\Server\rewrite.php(47): require_once('D:\\xampp\\file\\htdocs\\ComputerShop\\public\\index.php')
CRITICAL - 2023-12-18 15:34:07 --> Invalid file: "admin/pages/main.php"
in SYSTEMPATH\Exceptions\FrameworkException.php on line 39.
 1 SYSTEMPATH\View\View.php(216): CodeIgniter\Exceptions\FrameworkException::forInvalidFile('admin/pages/main.php')
 2 SYSTEMPATH\Common.php(1190): CodeIgniter\View\View->render('admin/pages/main', [], true)
 3 APPPATH\Controllers\Admin\HomeControllers.php(13): view('admin/pages/main', [...])
 4 SYSTEMPATH\CodeIgniter.php(942): App\Controllers\Admin\HomeControllers->index()
 5 SYSTEMPATH\CodeIgniter.php(502): CodeIgniter\CodeIgniter->runController(Object(App\Controllers\Admin\HomeControllers))
 6 SYSTEMPATH\CodeIgniter.php(361): CodeIgniter\CodeIgniter->handleRequest(null, Object(Config\Cache), false)
 7 FCPATH\index.php(81): CodeIgniter\CodeIgniter->run()
 8 SYSTEMPATH\Commands\Server\rewrite.php(47): require_once('D:\\xampp\\file\\htdocs\\ComputerShop\\public\\index.php')
CRITICAL - 2023-12-18 15:35:18 --> Invalid file: "admin/pages/main.php"
in SYSTEMPATH\Exceptions\FrameworkException.php on line 39.
 1 SYSTEMPATH\View\View.php(216): CodeIgniter\Exceptions\FrameworkException::forInvalidFile('admin/pages/main.php')
 2 SYSTEMPATH\Common.php(1190): CodeIgniter\View\View->render('admin/pages/main', [], true)
 3 APPPATH\Controllers\Admin\HomeControllers.php(16): view('admin/pages/main', [...])
 4 SYSTEMPATH\CodeIgniter.php(942): App\Controllers\Admin\HomeControllers->index()
 5 SYSTEMPATH\CodeIgniter.php(502): CodeIgniter\CodeIgniter->runController(Object(App\Controllers\Admin\HomeControllers))
 6 SYSTEMPATH\CodeIgniter.php(361): CodeIgniter\CodeIgniter->handleRequest(null, Object(Config\Cache), false)
 7 FCPATH\index.php(81): CodeIgniter\CodeIgniter->run()
 8 SYSTEMPATH\Commands\Server\rewrite.php(47): require_once('D:\\xampp\\file\\htdocs\\ComputerShop\\public\\index.php')
CRITICAL - 2023-12-18 15:35:19 --> Invalid file: "admin/pages/main.php"
in SYSTEMPATH\Exceptions\FrameworkException.php on line 39.
 1 SYSTEMPATH\View\View.php(216): CodeIgniter\Exceptions\FrameworkException::forInvalidFile('admin/pages/main.php')
 2 SYSTEMPATH\Common.php(1190): CodeIgniter\View\View->render('admin/pages/main', [], true)
 3 APPPATH\Controllers\Admin\HomeControllers.php(16): view('admin/pages/main', [...])
 4 SYSTEMPATH\CodeIgniter.php(942): App\Controllers\Admin\HomeControllers->index()
 5 SYSTEMPATH\CodeIgniter.php(502): CodeIgniter\CodeIgniter->runController(Object(App\Controllers\Admin\HomeControllers))
 6 SYSTEMPATH\CodeIgniter.php(361): CodeIgniter\CodeIgniter->handleRequest(null, Object(Config\Cache), false)
 7 FCPATH\index.php(81): CodeIgniter\CodeIgniter->run()
 8 SYSTEMPATH\Commands\Server\rewrite.php(47): require_once('D:\\xampp\\file\\htdocs\\ComputerShop\\public\\index.php')
CRITICAL - 2023-12-18 15:35:20 --> Invalid file: "admin/pages/main.php"
in SYSTEMPATH\Exceptions\FrameworkException.php on line 39.
 1 SYSTEMPATH\View\View.php(216): CodeIgniter\Exceptions\FrameworkException::forInvalidFile('admin/pages/main.php')
 2 SYSTEMPATH\Common.php(1190): CodeIgniter\View\View->render('admin/pages/main', [], true)
 3 APPPATH\Controllers\Admin\HomeControllers.php(16): view('admin/pages/main', [...])
 4 SYSTEMPATH\CodeIgniter.php(942): App\Controllers\Admin\HomeControllers->index()
 5 SYSTEMPATH\CodeIgniter.php(502): CodeIgniter\CodeIgniter->runController(Object(App\Controllers\Admin\HomeControllers))
 6 SYSTEMPATH\CodeIgniter.php(361): CodeIgniter\CodeIgniter->handleRequest(null, Object(Config\Cache), false)
 7 FCPATH\index.php(81): CodeIgniter\CodeIgniter->run()
 8 SYSTEMPATH\Commands\Server\rewrite.php(47): require_once('D:\\xampp\\file\\htdocs\\ComputerShop\\public\\index.php')
CRITICAL - 2023-12-18 15:35:42 --> Invalid file: "admin/pages/main.php"
in SYSTEMPATH\Exceptions\FrameworkException.php on line 39.
 1 SYSTEMPATH\View\View.php(216): CodeIgniter\Exceptions\FrameworkException::forInvalidFile('admin/pages/main.php')
 2 SYSTEMPATH\Common.php(1190): CodeIgniter\View\View->render('admin/pages/main', [], true)
 3 APPPATH\Controllers\Admin\HomeControllers.php(16): view('admin/pages/main', [...])
 4 SYSTEMPATH\CodeIgniter.php(942): App\Controllers\Admin\HomeControllers->index()
 5 SYSTEMPATH\CodeIgniter.php(502): CodeIgniter\CodeIgniter->runController(Object(App\Controllers\Admin\HomeControllers))
 6 SYSTEMPATH\CodeIgniter.php(361): CodeIgniter\CodeIgniter->handleRequest(null, Object(Config\Cache), false)
 7 FCPATH\index.php(81): CodeIgniter\CodeIgniter->run()
 8 SYSTEMPATH\Commands\Server\rewrite.php(47): require_once('D:\\xampp\\file\\htdocs\\ComputerShop\\public\\index.php')
CRITICAL - 2023-12-18 15:35:43 --> Invalid file: "admin/pages/main.php"
in SYSTEMPATH\Exceptions\FrameworkException.php on line 39.
 1 SYSTEMPATH\View\View.php(216): CodeIgniter\Exceptions\FrameworkException::forInvalidFile('admin/pages/main.php')
 2 SYSTEMPATH\Common.php(1190): CodeIgniter\View\View->render('admin/pages/main', [], true)
 3 APPPATH\Controllers\Admin\HomeControllers.php(16): view('admin/pages/main', [...])
 4 SYSTEMPATH\CodeIgniter.php(942): App\Controllers\Admin\HomeControllers->index()
 5 SYSTEMPATH\CodeIgniter.php(502): CodeIgniter\CodeIgniter->runController(Object(App\Controllers\Admin\HomeControllers))
 6 SYSTEMPATH\CodeIgniter.php(361): CodeIgniter\CodeIgniter->handleRequest(null, Object(Config\Cache), false)
 7 FCPATH\index.php(81): CodeIgniter\CodeIgniter->run()
 8 SYSTEMPATH\Commands\Server\rewrite.php(47): require_once('D:\\xampp\\file\\htdocs\\ComputerShop\\public\\index.php')
CRITICAL - 2023-12-18 15:35:43 --> Invalid file: "admin/pages/main.php"
in SYSTEMPATH\Exceptions\FrameworkException.php on line 39.
 1 SYSTEMPATH\View\View.php(216): CodeIgniter\Exceptions\FrameworkException::forInvalidFile('admin/pages/main.php')
 2 SYSTEMPATH\Common.php(1190): CodeIgniter\View\View->render('admin/pages/main', [], true)
 3 APPPATH\Controllers\Admin\HomeControllers.php(16): view('admin/pages/main', [...])
 4 SYSTEMPATH\CodeIgniter.php(942): App\Controllers\Admin\HomeControllers->index()
 5 SYSTEMPATH\CodeIgniter.php(502): CodeIgniter\CodeIgniter->runController(Object(App\Controllers\Admin\HomeControllers))
 6 SYSTEMPATH\CodeIgniter.php(361): CodeIgniter\CodeIgniter->handleRequest(null, Object(Config\Cache), false)
 7 FCPATH\index.php(81): CodeIgniter\CodeIgniter->run()
 8 SYSTEMPATH\Commands\Server\rewrite.php(47): require_once('D:\\xampp\\file\\htdocs\\ComputerShop\\public\\index.php')
