INFO - 2023-12-27 01:34:53 --> Session: Class initialized using 'CodeIgniter\Session\Handlers\FileHandler' driver.
INFO - 2023-12-27 01:35:24 --> Session: Class initialized using 'CodeIgniter\Session\Handlers\FileHandler' driver.
INFO - 2023-12-27 02:13:29 --> Session: Class initialized using 'CodeIgniter\Session\Handlers\FileHandler' driver.
INFO - 2023-12-27 02:13:45 --> Session: Class initialized using 'CodeIgniter\Session\Handlers\FileHandler' driver.
INFO - 2023-12-27 02:13:55 --> Session: Class initialized using 'CodeIgniter\Session\Handlers\FileHandler' driver.
WARNING - 2023-12-27 02:18:25 --> [DEPRECATED] preg_quote(): Passing null to parameter #1 ($str) of type string is deprecated in SYSTEMPATH\Validation\Validation.php on line 833.
 1 SYSTEMPATH\Validation\Validation.php(833): preg_quote(null, '/')
 2 [internal function]: CodeIgniter\Validation\Validation::CodeIgniter\Validation\{closure}('email')
 3 SYSTEMPATH\Validation\Validation.php(832): array_filter([...], Object(Closure), 2)
 4 APPPATH\Services\UserService.php(32): CodeIgniter\Validation\Validation->getError()
 5 APPPATH\Controllers\Admin\UserControllers.php(51): App\Services\UserService->addUserInfo(Object(CodeIgniter\HTTP\IncomingRequest))
 6 SYSTEMPATH\CodeIgniter.php(942): App\Controllers\Admin\UserControllers->create()
 7 SYSTEMPATH\CodeIgniter.php(502): CodeIgniter\CodeIgniter->runController(Object(App\Controllers\Admin\UserControllers))
 8 SYSTEMPATH\CodeIgniter.php(361): CodeIgniter\CodeIgniter->handleRequest(null, Object(Config\Cache), false)
 9 FCPATH\index.php(81): CodeIgniter\CodeIgniter->run()
10 SYSTEMPATH\Commands\Server\rewrite.php(47): require_once('D:\\xampp\\file\\htdocs\\ComputerShop\\public\\index.php')
INFO - 2023-12-27 02:18:25 --> Session: Class initialized using 'CodeIgniter\Session\Handlers\FileHandler' driver.
INFO - 2023-12-27 02:18:25 --> Session: Class initialized using 'CodeIgniter\Session\Handlers\FileHandler' driver.
WARNING - 2023-12-27 02:18:30 --> [DEPRECATED] preg_quote(): Passing null to parameter #1 ($str) of type string is deprecated in SYSTEMPATH\Validation\Validation.php on line 833.
 1 SYSTEMPATH\Validation\Validation.php(833): preg_quote(null, '/')
 2 [internal function]: CodeIgniter\Validation\Validation::CodeIgniter\Validation\{closure}('email')
 3 SYSTEMPATH\Validation\Validation.php(832): array_filter([...], Object(Closure), 2)
 4 APPPATH\Services\UserService.php(32): CodeIgniter\Validation\Validation->getError()
 5 APPPATH\Controllers\Admin\UserControllers.php(51): App\Services\UserService->addUserInfo(Object(CodeIgniter\HTTP\IncomingRequest))
 6 SYSTEMPATH\CodeIgniter.php(942): App\Controllers\Admin\UserControllers->create()
 7 SYSTEMPATH\CodeIgniter.php(502): CodeIgniter\CodeIgniter->runController(Object(App\Controllers\Admin\UserControllers))
 8 SYSTEMPATH\CodeIgniter.php(361): CodeIgniter\CodeIgniter->handleRequest(null, Object(Config\Cache), false)
 9 FCPATH\index.php(81): CodeIgniter\CodeIgniter->run()
10 SYSTEMPATH\Commands\Server\rewrite.php(47): require_once('D:\\xampp\\file\\htdocs\\ComputerShop\\public\\index.php')
INFO - 2023-12-27 02:18:30 --> Session: Class initialized using 'CodeIgniter\Session\Handlers\FileHandler' driver.
INFO - 2023-12-27 02:18:30 --> Session: Class initialized using 'CodeIgniter\Session\Handlers\FileHandler' driver.
WARNING - 2023-12-27 02:18:37 --> [DEPRECATED] preg_quote(): Passing null to parameter #1 ($str) of type string is deprecated in SYSTEMPATH\Validation\Validation.php on line 833.
 1 SYSTEMPATH\Validation\Validation.php(833): preg_quote(null, '/')
 2 [internal function]: CodeIgniter\Validation\Validation::CodeIgniter\Validation\{closure}('email')
 3 SYSTEMPATH\Validation\Validation.php(832): array_filter([...], Object(Closure), 2)
 4 APPPATH\Services\UserService.php(32): CodeIgniter\Validation\Validation->getError()
 5 APPPATH\Controllers\Admin\UserControllers.php(51): App\Services\UserService->addUserInfo(Object(CodeIgniter\HTTP\IncomingRequest))
 6 SYSTEMPATH\CodeIgniter.php(942): App\Controllers\Admin\UserControllers->create()
 7 SYSTEMPATH\CodeIgniter.php(502): CodeIgniter\CodeIgniter->runController(Object(App\Controllers\Admin\UserControllers))
 8 SYSTEMPATH\CodeIgniter.php(361): CodeIgniter\CodeIgniter->handleRequest(null, Object(Config\Cache), false)
 9 FCPATH\index.php(81): CodeIgniter\CodeIgniter->run()
10 SYSTEMPATH\Commands\Server\rewrite.php(47): require_once('D:\\xampp\\file\\htdocs\\ComputerShop\\public\\index.php')
INFO - 2023-12-27 02:18:37 --> Session: Class initialized using 'CodeIgniter\Session\Handlers\FileHandler' driver.
INFO - 2023-12-27 02:18:37 --> Session: Class initialized using 'CodeIgniter\Session\Handlers\FileHandler' driver.
INFO - 2023-12-27 02:35:16 --> Session: Class initialized using 'CodeIgniter\Session\Handlers\FileHandler' driver.
INFO - 2023-12-27 02:35:47 --> Session: Class initialized using 'CodeIgniter\Session\Handlers\FileHandler' driver.
INFO - 2023-12-27 02:35:48 --> Session: Class initialized using 'CodeIgniter\Session\Handlers\FileHandler' driver.
WARNING - 2023-12-27 02:36:05 --> [DEPRECATED] preg_quote(): Passing null to parameter #1 ($str) of type string is deprecated in SYSTEMPATH\Validation\Validation.php on line 833.
 1 SYSTEMPATH\Validation\Validation.php(833): preg_quote(null, '/')
 2 [internal function]: CodeIgniter\Validation\Validation::CodeIgniter\Validation\{closure}('password')
 3 SYSTEMPATH\Validation\Validation.php(832): array_filter([...], Object(Closure), 2)
 4 APPPATH\Services\UserService.php(32): CodeIgniter\Validation\Validation->getError()
 5 APPPATH\Controllers\Admin\UserControllers.php(51): App\Services\UserService->addUserInfo(Object(CodeIgniter\HTTP\IncomingRequest))
 6 SYSTEMPATH\CodeIgniter.php(942): App\Controllers\Admin\UserControllers->create()
 7 SYSTEMPATH\CodeIgniter.php(502): CodeIgniter\CodeIgniter->runController(Object(App\Controllers\Admin\UserControllers))
 8 SYSTEMPATH\CodeIgniter.php(361): CodeIgniter\CodeIgniter->handleRequest(null, Object(Config\Cache), false)
 9 FCPATH\index.php(81): CodeIgniter\CodeIgniter->run()
10 SYSTEMPATH\Commands\Server\rewrite.php(47): require_once('D:\\xampp\\file\\htdocs\\ComputerShop\\public\\index.php')
WARNING - 2023-12-27 02:36:05 --> [DEPRECATED] preg_quote(): Passing null to parameter #1 ($str) of type string is deprecated in SYSTEMPATH\Validation\Validation.php on line 833.
 1 SYSTEMPATH\Validation\Validation.php(833): preg_quote(null, '/')
 2 [internal function]: CodeIgniter\Validation\Validation::CodeIgniter\Validation\{closure}('password_confirm')
 3 SYSTEMPATH\Validation\Validation.php(832): array_filter([...], Object(Closure), 2)
 4 APPPATH\Services\UserService.php(32): CodeIgniter\Validation\Validation->getError()
 5 APPPATH\Controllers\Admin\UserControllers.php(51): App\Services\UserService->addUserInfo(Object(CodeIgniter\HTTP\IncomingRequest))
 6 SYSTEMPATH\CodeIgniter.php(942): App\Controllers\Admin\UserControllers->create()
 7 SYSTEMPATH\CodeIgniter.php(502): CodeIgniter\CodeIgniter->runController(Object(App\Controllers\Admin\UserControllers))
 8 SYSTEMPATH\CodeIgniter.php(361): CodeIgniter\CodeIgniter->handleRequest(null, Object(Config\Cache), false)
 9 FCPATH\index.php(81): CodeIgniter\CodeIgniter->run()
10 SYSTEMPATH\Commands\Server\rewrite.php(47): require_once('D:\\xampp\\file\\htdocs\\ComputerShop\\public\\index.php')
INFO - 2023-12-27 02:36:05 --> Session: Class initialized using 'CodeIgniter\Session\Handlers\FileHandler' driver.
INFO - 2023-12-27 02:36:05 --> Session: Class initialized using 'CodeIgniter\Session\Handlers\FileHandler' driver.
INFO - 2023-12-27 02:37:59 --> Session: Class initialized using 'CodeIgniter\Session\Handlers\FileHandler' driver.
INFO - 2023-12-27 02:38:00 --> Session: Class initialized using 'CodeIgniter\Session\Handlers\FileHandler' driver.
INFO - 2023-12-27 02:38:19 --> Session: Class initialized using 'CodeIgniter\Session\Handlers\FileHandler' driver.
WARNING - 2023-12-27 02:38:25 --> [DEPRECATED] preg_quote(): Passing null to parameter #1 ($str) of type string is deprecated in SYSTEMPATH\Validation\Validation.php on line 833.
 1 SYSTEMPATH\Validation\Validation.php(833): preg_quote(null, '/')
 2 [internal function]: CodeIgniter\Validation\Validation::CodeIgniter\Validation\{closure}('password_confirm')
 3 SYSTEMPATH\Validation\Validation.php(832): array_filter([...], Object(Closure), 2)
 4 APPPATH\Services\UserService.php(32): CodeIgniter\Validation\Validation->getError()
 5 APPPATH\Controllers\Admin\UserControllers.php(51): App\Services\UserService->addUserInfo(Object(CodeIgniter\HTTP\IncomingRequest))
 6 SYSTEMPATH\CodeIgniter.php(942): App\Controllers\Admin\UserControllers->create()
 7 SYSTEMPATH\CodeIgniter.php(502): CodeIgniter\CodeIgniter->runController(Object(App\Controllers\Admin\UserControllers))
 8 SYSTEMPATH\CodeIgniter.php(361): CodeIgniter\CodeIgniter->handleRequest(null, Object(Config\Cache), false)
 9 FCPATH\index.php(81): CodeIgniter\CodeIgniter->run()
10 SYSTEMPATH\Commands\Server\rewrite.php(47): require_once('D:\\xampp\\file\\htdocs\\ComputerShop\\public\\index.php')
INFO - 2023-12-27 02:38:25 --> Session: Class initialized using 'CodeIgniter\Session\Handlers\FileHandler' driver.
INFO - 2023-12-27 02:38:25 --> Session: Class initialized using 'CodeIgniter\Session\Handlers\FileHandler' driver.
WARNING - 2023-12-27 02:38:27 --> [DEPRECATED] preg_quote(): Passing null to parameter #1 ($str) of type string is deprecated in SYSTEMPATH\Validation\Validation.php on line 833.
 1 SYSTEMPATH\Validation\Validation.php(833): preg_quote(null, '/')
 2 [internal function]: CodeIgniter\Validation\Validation::CodeIgniter\Validation\{closure}('password_confirm')
 3 SYSTEMPATH\Validation\Validation.php(832): array_filter([...], Object(Closure), 2)
 4 APPPATH\Services\UserService.php(32): CodeIgniter\Validation\Validation->getError()
 5 APPPATH\Controllers\Admin\UserControllers.php(51): App\Services\UserService->addUserInfo(Object(CodeIgniter\HTTP\IncomingRequest))
 6 SYSTEMPATH\CodeIgniter.php(942): App\Controllers\Admin\UserControllers->create()
 7 SYSTEMPATH\CodeIgniter.php(502): CodeIgniter\CodeIgniter->runController(Object(App\Controllers\Admin\UserControllers))
 8 SYSTEMPATH\CodeIgniter.php(361): CodeIgniter\CodeIgniter->handleRequest(null, Object(Config\Cache), false)
 9 FCPATH\index.php(81): CodeIgniter\CodeIgniter->run()
10 SYSTEMPATH\Commands\Server\rewrite.php(47): require_once('D:\\xampp\\file\\htdocs\\ComputerShop\\public\\index.php')
INFO - 2023-12-27 02:38:27 --> Session: Class initialized using 'CodeIgniter\Session\Handlers\FileHandler' driver.
INFO - 2023-12-27 02:38:27 --> Session: Class initialized using 'CodeIgniter\Session\Handlers\FileHandler' driver.
WARNING - 2023-12-27 02:38:31 --> [DEPRECATED] preg_quote(): Passing null to parameter #1 ($str) of type string is deprecated in SYSTEMPATH\Validation\Validation.php on line 833.
 1 SYSTEMPATH\Validation\Validation.php(833): preg_quote(null, '/')
 2 [internal function]: CodeIgniter\Validation\Validation::CodeIgniter\Validation\{closure}('password_confirm')
 3 SYSTEMPATH\Validation\Validation.php(832): array_filter([...], Object(Closure), 2)
 4 APPPATH\Services\UserService.php(32): CodeIgniter\Validation\Validation->getError()
 5 APPPATH\Controllers\Admin\UserControllers.php(51): App\Services\UserService->addUserInfo(Object(CodeIgniter\HTTP\IncomingRequest))
 6 SYSTEMPATH\CodeIgniter.php(942): App\Controllers\Admin\UserControllers->create()
 7 SYSTEMPATH\CodeIgniter.php(502): CodeIgniter\CodeIgniter->runController(Object(App\Controllers\Admin\UserControllers))
 8 SYSTEMPATH\CodeIgniter.php(361): CodeIgniter\CodeIgniter->handleRequest(null, Object(Config\Cache), false)
 9 FCPATH\index.php(81): CodeIgniter\CodeIgniter->run()
10 SYSTEMPATH\Commands\Server\rewrite.php(47): require_once('D:\\xampp\\file\\htdocs\\ComputerShop\\public\\index.php')
INFO - 2023-12-27 02:38:31 --> Session: Class initialized using 'CodeIgniter\Session\Handlers\FileHandler' driver.
INFO - 2023-12-27 02:38:32 --> Session: Class initialized using 'CodeIgniter\Session\Handlers\FileHandler' driver.
WARNING - 2023-12-27 02:38:38 --> [DEPRECATED] preg_quote(): Passing null to parameter #1 ($str) of type string is deprecated in SYSTEMPATH\Validation\Validation.php on line 833.
 1 SYSTEMPATH\Validation\Validation.php(833): preg_quote(null, '/')
 2 [internal function]: CodeIgniter\Validation\Validation::CodeIgniter\Validation\{closure}('password_confirm')
 3 SYSTEMPATH\Validation\Validation.php(832): array_filter([...], Object(Closure), 2)
 4 APPPATH\Services\UserService.php(32): CodeIgniter\Validation\Validation->getError()
 5 APPPATH\Controllers\Admin\UserControllers.php(51): App\Services\UserService->addUserInfo(Object(CodeIgniter\HTTP\IncomingRequest))
 6 SYSTEMPATH\CodeIgniter.php(942): App\Controllers\Admin\UserControllers->create()
 7 SYSTEMPATH\CodeIgniter.php(502): CodeIgniter\CodeIgniter->runController(Object(App\Controllers\Admin\UserControllers))
 8 SYSTEMPATH\CodeIgniter.php(361): CodeIgniter\CodeIgniter->handleRequest(null, Object(Config\Cache), false)
 9 FCPATH\index.php(81): CodeIgniter\CodeIgniter->run()
10 SYSTEMPATH\Commands\Server\rewrite.php(47): require_once('D:\\xampp\\file\\htdocs\\ComputerShop\\public\\index.php')
INFO - 2023-12-27 02:38:38 --> Session: Class initialized using 'CodeIgniter\Session\Handlers\FileHandler' driver.
INFO - 2023-12-27 02:38:38 --> Session: Class initialized using 'CodeIgniter\Session\Handlers\FileHandler' driver.
WARNING - 2023-12-27 02:38:40 --> [DEPRECATED] preg_quote(): Passing null to parameter #1 ($str) of type string is deprecated in SYSTEMPATH\Validation\Validation.php on line 833.
 1 SYSTEMPATH\Validation\Validation.php(833): preg_quote(null, '/')
 2 [internal function]: CodeIgniter\Validation\Validation::CodeIgniter\Validation\{closure}('password_confirm')
 3 SYSTEMPATH\Validation\Validation.php(832): array_filter([...], Object(Closure), 2)
 4 APPPATH\Services\UserService.php(32): CodeIgniter\Validation\Validation->getError()
 5 APPPATH\Controllers\Admin\UserControllers.php(51): App\Services\UserService->addUserInfo(Object(CodeIgniter\HTTP\IncomingRequest))
 6 SYSTEMPATH\CodeIgniter.php(942): App\Controllers\Admin\UserControllers->create()
 7 SYSTEMPATH\CodeIgniter.php(502): CodeIgniter\CodeIgniter->runController(Object(App\Controllers\Admin\UserControllers))
 8 SYSTEMPATH\CodeIgniter.php(361): CodeIgniter\CodeIgniter->handleRequest(null, Object(Config\Cache), false)
 9 FCPATH\index.php(81): CodeIgniter\CodeIgniter->run()
10 SYSTEMPATH\Commands\Server\rewrite.php(47): require_once('D:\\xampp\\file\\htdocs\\ComputerShop\\public\\index.php')
INFO - 2023-12-27 02:38:40 --> Session: Class initialized using 'CodeIgniter\Session\Handlers\FileHandler' driver.
INFO - 2023-12-27 02:38:40 --> Session: Class initialized using 'CodeIgniter\Session\Handlers\FileHandler' driver.
WARNING - 2023-12-27 02:38:58 --> [DEPRECATED] preg_quote(): Passing null to parameter #1 ($str) of type string is deprecated in SYSTEMPATH\Validation\Validation.php on line 833.
 1 SYSTEMPATH\Validation\Validation.php(833): preg_quote(null, '/')
 2 [internal function]: CodeIgniter\Validation\Validation::CodeIgniter\Validation\{closure}('email')
 3 SYSTEMPATH\Validation\Validation.php(832): array_filter([...], Object(Closure), 2)
 4 APPPATH\Services\UserService.php(32): CodeIgniter\Validation\Validation->getError()
 5 APPPATH\Controllers\Admin\UserControllers.php(51): App\Services\UserService->addUserInfo(Object(CodeIgniter\HTTP\IncomingRequest))
 6 SYSTEMPATH\CodeIgniter.php(942): App\Controllers\Admin\UserControllers->create()
 7 SYSTEMPATH\CodeIgniter.php(502): CodeIgniter\CodeIgniter->runController(Object(App\Controllers\Admin\UserControllers))
 8 SYSTEMPATH\CodeIgniter.php(361): CodeIgniter\CodeIgniter->handleRequest(null, Object(Config\Cache), false)
 9 FCPATH\index.php(81): CodeIgniter\CodeIgniter->run()
10 SYSTEMPATH\Commands\Server\rewrite.php(47): require_once('D:\\xampp\\file\\htdocs\\ComputerShop\\public\\index.php')
WARNING - 2023-12-27 02:38:58 --> [DEPRECATED] preg_quote(): Passing null to parameter #1 ($str) of type string is deprecated in SYSTEMPATH\Validation\Validation.php on line 833.
 1 SYSTEMPATH\Validation\Validation.php(833): preg_quote(null, '/')
 2 [internal function]: CodeIgniter\Validation\Validation::CodeIgniter\Validation\{closure}('password_confirm')
 3 SYSTEMPATH\Validation\Validation.php(832): array_filter([...], Object(Closure), 2)
 4 APPPATH\Services\UserService.php(32): CodeIgniter\Validation\Validation->getError()
 5 APPPATH\Controllers\Admin\UserControllers.php(51): App\Services\UserService->addUserInfo(Object(CodeIgniter\HTTP\IncomingRequest))
 6 SYSTEMPATH\CodeIgniter.php(942): App\Controllers\Admin\UserControllers->create()
 7 SYSTEMPATH\CodeIgniter.php(502): CodeIgniter\CodeIgniter->runController(Object(App\Controllers\Admin\UserControllers))
 8 SYSTEMPATH\CodeIgniter.php(361): CodeIgniter\CodeIgniter->handleRequest(null, Object(Config\Cache), false)
 9 FCPATH\index.php(81): CodeIgniter\CodeIgniter->run()
10 SYSTEMPATH\Commands\Server\rewrite.php(47): require_once('D:\\xampp\\file\\htdocs\\ComputerShop\\public\\index.php')
INFO - 2023-12-27 02:38:58 --> Session: Class initialized using 'CodeIgniter\Session\Handlers\FileHandler' driver.
INFO - 2023-12-27 02:38:58 --> Session: Class initialized using 'CodeIgniter\Session\Handlers\FileHandler' driver.
WARNING - 2023-12-27 02:41:02 --> [DEPRECATED] preg_quote(): Passing null to parameter #1 ($str) of type string is deprecated in SYSTEMPATH\Validation\Validation.php on line 833.
 1 SYSTEMPATH\Validation\Validation.php(833): preg_quote(null, '/')
 2 [internal function]: CodeIgniter\Validation\Validation::CodeIgniter\Validation\{closure}('password_confirm')
 3 SYSTEMPATH\Validation\Validation.php(832): array_filter([...], Object(Closure), 2)
 4 APPPATH\Services\UserService.php(32): CodeIgniter\Validation\Validation->getError()
 5 APPPATH\Controllers\Admin\UserControllers.php(51): App\Services\UserService->addUserInfo(Object(CodeIgniter\HTTP\IncomingRequest))
 6 SYSTEMPATH\CodeIgniter.php(942): App\Controllers\Admin\UserControllers->create()
 7 SYSTEMPATH\CodeIgniter.php(502): CodeIgniter\CodeIgniter->runController(Object(App\Controllers\Admin\UserControllers))
 8 SYSTEMPATH\CodeIgniter.php(361): CodeIgniter\CodeIgniter->handleRequest(null, Object(Config\Cache), false)
 9 FCPATH\index.php(81): CodeIgniter\CodeIgniter->run()
10 SYSTEMPATH\Commands\Server\rewrite.php(47): require_once('D:\\xampp\\file\\htdocs\\ComputerShop\\public\\index.php')
INFO - 2023-12-27 02:41:02 --> Session: Class initialized using 'CodeIgniter\Session\Handlers\FileHandler' driver.
INFO - 2023-12-27 02:41:02 --> Session: Class initialized using 'CodeIgniter\Session\Handlers\FileHandler' driver.
WARNING - 2023-12-27 02:41:19 --> [DEPRECATED] preg_quote(): Passing null to parameter #1 ($str) of type string is deprecated in SYSTEMPATH\Validation\Validation.php on line 833.
 1 SYSTEMPATH\Validation\Validation.php(833): preg_quote(null, '/')
 2 [internal function]: CodeIgniter\Validation\Validation::CodeIgniter\Validation\{closure}('password_confirm')
 3 SYSTEMPATH\Validation\Validation.php(832): array_filter([...], Object(Closure), 2)
 4 APPPATH\Services\UserService.php(32): CodeIgniter\Validation\Validation->getError()
 5 APPPATH\Controllers\Admin\UserControllers.php(51): App\Services\UserService->addUserInfo(Object(CodeIgniter\HTTP\IncomingRequest))
 6 SYSTEMPATH\CodeIgniter.php(942): App\Controllers\Admin\UserControllers->create()
 7 SYSTEMPATH\CodeIgniter.php(502): CodeIgniter\CodeIgniter->runController(Object(App\Controllers\Admin\UserControllers))
 8 SYSTEMPATH\CodeIgniter.php(361): CodeIgniter\CodeIgniter->handleRequest(null, Object(Config\Cache), false)
 9 FCPATH\index.php(81): CodeIgniter\CodeIgniter->run()
10 SYSTEMPATH\Commands\Server\rewrite.php(47): require_once('D:\\xampp\\file\\htdocs\\ComputerShop\\public\\index.php')
INFO - 2023-12-27 02:41:19 --> Session: Class initialized using 'CodeIgniter\Session\Handlers\FileHandler' driver.
INFO - 2023-12-27 02:41:19 --> Session: Class initialized using 'CodeIgniter\Session\Handlers\FileHandler' driver.
WARNING - 2023-12-27 02:41:30 --> [DEPRECATED] preg_quote(): Passing null to parameter #1 ($str) of type string is deprecated in SYSTEMPATH\Validation\Validation.php on line 833.
 1 SYSTEMPATH\Validation\Validation.php(833): preg_quote(null, '/')
 2 [internal function]: CodeIgniter\Validation\Validation::CodeIgniter\Validation\{closure}('password_confirm')
 3 SYSTEMPATH\Validation\Validation.php(832): array_filter([...], Object(Closure), 2)
 4 APPPATH\Services\UserService.php(32): CodeIgniter\Validation\Validation->getError()
 5 APPPATH\Controllers\Admin\UserControllers.php(51): App\Services\UserService->addUserInfo(Object(CodeIgniter\HTTP\IncomingRequest))
 6 SYSTEMPATH\CodeIgniter.php(942): App\Controllers\Admin\UserControllers->create()
 7 SYSTEMPATH\CodeIgniter.php(502): CodeIgniter\CodeIgniter->runController(Object(App\Controllers\Admin\UserControllers))
 8 SYSTEMPATH\CodeIgniter.php(361): CodeIgniter\CodeIgniter->handleRequest(null, Object(Config\Cache), false)
 9 FCPATH\index.php(81): CodeIgniter\CodeIgniter->run()
10 SYSTEMPATH\Commands\Server\rewrite.php(47): require_once('D:\\xampp\\file\\htdocs\\ComputerShop\\public\\index.php')
INFO - 2023-12-27 02:41:30 --> Session: Class initialized using 'CodeIgniter\Session\Handlers\FileHandler' driver.
INFO - 2023-12-27 02:41:30 --> Session: Class initialized using 'CodeIgniter\Session\Handlers\FileHandler' driver.
WARNING - 2023-12-27 02:41:56 --> [DEPRECATED] preg_quote(): Passing null to parameter #1 ($str) of type string is deprecated in SYSTEMPATH\Validation\Validation.php on line 833.
 1 SYSTEMPATH\Validation\Validation.php(833): preg_quote(null, '/')
 2 [internal function]: CodeIgniter\Validation\Validation::CodeIgniter\Validation\{closure}('email')
 3 SYSTEMPATH\Validation\Validation.php(832): array_filter([...], Object(Closure), 2)
 4 APPPATH\Services\UserService.php(32): CodeIgniter\Validation\Validation->getError()
 5 APPPATH\Controllers\Admin\UserControllers.php(51): App\Services\UserService->addUserInfo(Object(CodeIgniter\HTTP\IncomingRequest))
 6 SYSTEMPATH\CodeIgniter.php(942): App\Controllers\Admin\UserControllers->create()
 7 SYSTEMPATH\CodeIgniter.php(502): CodeIgniter\CodeIgniter->runController(Object(App\Controllers\Admin\UserControllers))
 8 SYSTEMPATH\CodeIgniter.php(361): CodeIgniter\CodeIgniter->handleRequest(null, Object(Config\Cache), false)
 9 FCPATH\index.php(81): CodeIgniter\CodeIgniter->run()
10 SYSTEMPATH\Commands\Server\rewrite.php(47): require_once('D:\\xampp\\file\\htdocs\\ComputerShop\\public\\index.php')
WARNING - 2023-12-27 02:41:56 --> [DEPRECATED] preg_quote(): Passing null to parameter #1 ($str) of type string is deprecated in SYSTEMPATH\Validation\Validation.php on line 833.
 1 SYSTEMPATH\Validation\Validation.php(833): preg_quote(null, '/')
 2 [internal function]: CodeIgniter\Validation\Validation::CodeIgniter\Validation\{closure}('password_confirm')
 3 SYSTEMPATH\Validation\Validation.php(832): array_filter([...], Object(Closure), 2)
 4 APPPATH\Services\UserService.php(32): CodeIgniter\Validation\Validation->getError()
 5 APPPATH\Controllers\Admin\UserControllers.php(51): App\Services\UserService->addUserInfo(Object(CodeIgniter\HTTP\IncomingRequest))
 6 SYSTEMPATH\CodeIgniter.php(942): App\Controllers\Admin\UserControllers->create()
 7 SYSTEMPATH\CodeIgniter.php(502): CodeIgniter\CodeIgniter->runController(Object(App\Controllers\Admin\UserControllers))
 8 SYSTEMPATH\CodeIgniter.php(361): CodeIgniter\CodeIgniter->handleRequest(null, Object(Config\Cache), false)
 9 FCPATH\index.php(81): CodeIgniter\CodeIgniter->run()
10 SYSTEMPATH\Commands\Server\rewrite.php(47): require_once('D:\\xampp\\file\\htdocs\\ComputerShop\\public\\index.php')
INFO - 2023-12-27 02:41:56 --> Session: Class initialized using 'CodeIgniter\Session\Handlers\FileHandler' driver.
INFO - 2023-12-27 02:41:56 --> Session: Class initialized using 'CodeIgniter\Session\Handlers\FileHandler' driver.
WARNING - 2023-12-27 02:42:01 --> [DEPRECATED] preg_quote(): Passing null to parameter #1 ($str) of type string is deprecated in SYSTEMPATH\Validation\Validation.php on line 833.
 1 SYSTEMPATH\Validation\Validation.php(833): preg_quote(null, '/')
 2 [internal function]: CodeIgniter\Validation\Validation::CodeIgniter\Validation\{closure}('email')
 3 SYSTEMPATH\Validation\Validation.php(832): array_filter([...], Object(Closure), 2)
 4 APPPATH\Services\UserService.php(32): CodeIgniter\Validation\Validation->getError()
 5 APPPATH\Controllers\Admin\UserControllers.php(51): App\Services\UserService->addUserInfo(Object(CodeIgniter\HTTP\IncomingRequest))
 6 SYSTEMPATH\CodeIgniter.php(942): App\Controllers\Admin\UserControllers->create()
 7 SYSTEMPATH\CodeIgniter.php(502): CodeIgniter\CodeIgniter->runController(Object(App\Controllers\Admin\UserControllers))
 8 SYSTEMPATH\CodeIgniter.php(361): CodeIgniter\CodeIgniter->handleRequest(null, Object(Config\Cache), false)
 9 FCPATH\index.php(81): CodeIgniter\CodeIgniter->run()
10 SYSTEMPATH\Commands\Server\rewrite.php(47): require_once('D:\\xampp\\file\\htdocs\\ComputerShop\\public\\index.php')
WARNING - 2023-12-27 02:42:01 --> [DEPRECATED] preg_quote(): Passing null to parameter #1 ($str) of type string is deprecated in SYSTEMPATH\Validation\Validation.php on line 833.
 1 SYSTEMPATH\Validation\Validation.php(833): preg_quote(null, '/')
 2 [internal function]: CodeIgniter\Validation\Validation::CodeIgniter\Validation\{closure}('password_confirm')
 3 SYSTEMPATH\Validation\Validation.php(832): array_filter([...], Object(Closure), 2)
 4 APPPATH\Services\UserService.php(32): CodeIgniter\Validation\Validation->getError()
 5 APPPATH\Controllers\Admin\UserControllers.php(51): App\Services\UserService->addUserInfo(Object(CodeIgniter\HTTP\IncomingRequest))
 6 SYSTEMPATH\CodeIgniter.php(942): App\Controllers\Admin\UserControllers->create()
 7 SYSTEMPATH\CodeIgniter.php(502): CodeIgniter\CodeIgniter->runController(Object(App\Controllers\Admin\UserControllers))
 8 SYSTEMPATH\CodeIgniter.php(361): CodeIgniter\CodeIgniter->handleRequest(null, Object(Config\Cache), false)
 9 FCPATH\index.php(81): CodeIgniter\CodeIgniter->run()
10 SYSTEMPATH\Commands\Server\rewrite.php(47): require_once('D:\\xampp\\file\\htdocs\\ComputerShop\\public\\index.php')
INFO - 2023-12-27 02:42:01 --> Session: Class initialized using 'CodeIgniter\Session\Handlers\FileHandler' driver.
INFO - 2023-12-27 02:42:01 --> Session: Class initialized using 'CodeIgniter\Session\Handlers\FileHandler' driver.
WARNING - 2023-12-27 02:42:05 --> [DEPRECATED] preg_quote(): Passing null to parameter #1 ($str) of type string is deprecated in SYSTEMPATH\Validation\Validation.php on line 833.
 1 SYSTEMPATH\Validation\Validation.php(833): preg_quote(null, '/')
 2 [internal function]: CodeIgniter\Validation\Validation::CodeIgniter\Validation\{closure}('password_confirm')
 3 SYSTEMPATH\Validation\Validation.php(832): array_filter([...], Object(Closure), 2)
 4 APPPATH\Services\UserService.php(32): CodeIgniter\Validation\Validation->getError()
 5 APPPATH\Controllers\Admin\UserControllers.php(51): App\Services\UserService->addUserInfo(Object(CodeIgniter\HTTP\IncomingRequest))
 6 SYSTEMPATH\CodeIgniter.php(942): App\Controllers\Admin\UserControllers->create()
 7 SYSTEMPATH\CodeIgniter.php(502): CodeIgniter\CodeIgniter->runController(Object(App\Controllers\Admin\UserControllers))
 8 SYSTEMPATH\CodeIgniter.php(361): CodeIgniter\CodeIgniter->handleRequest(null, Object(Config\Cache), false)
 9 FCPATH\index.php(81): CodeIgniter\CodeIgniter->run()
10 SYSTEMPATH\Commands\Server\rewrite.php(47): require_once('D:\\xampp\\file\\htdocs\\ComputerShop\\public\\index.php')
INFO - 2023-12-27 02:42:05 --> Session: Class initialized using 'CodeIgniter\Session\Handlers\FileHandler' driver.
INFO - 2023-12-27 02:42:05 --> Session: Class initialized using 'CodeIgniter\Session\Handlers\FileHandler' driver.
WARNING - 2023-12-27 02:42:10 --> [DEPRECATED] preg_quote(): Passing null to parameter #1 ($str) of type string is deprecated in SYSTEMPATH\Validation\Validation.php on line 833.
 1 SYSTEMPATH\Validation\Validation.php(833): preg_quote(null, '/')
 2 [internal function]: CodeIgniter\Validation\Validation::CodeIgniter\Validation\{closure}('password_confirm')
 3 SYSTEMPATH\Validation\Validation.php(832): array_filter([...], Object(Closure), 2)
 4 APPPATH\Services\UserService.php(32): CodeIgniter\Validation\Validation->getError()
 5 APPPATH\Controllers\Admin\UserControllers.php(51): App\Services\UserService->addUserInfo(Object(CodeIgniter\HTTP\IncomingRequest))
 6 SYSTEMPATH\CodeIgniter.php(942): App\Controllers\Admin\UserControllers->create()
 7 SYSTEMPATH\CodeIgniter.php(502): CodeIgniter\CodeIgniter->runController(Object(App\Controllers\Admin\UserControllers))
 8 SYSTEMPATH\CodeIgniter.php(361): CodeIgniter\CodeIgniter->handleRequest(null, Object(Config\Cache), false)
 9 FCPATH\index.php(81): CodeIgniter\CodeIgniter->run()
10 SYSTEMPATH\Commands\Server\rewrite.php(47): require_once('D:\\xampp\\file\\htdocs\\ComputerShop\\public\\index.php')
INFO - 2023-12-27 02:42:10 --> Session: Class initialized using 'CodeIgniter\Session\Handlers\FileHandler' driver.
INFO - 2023-12-27 02:42:10 --> Session: Class initialized using 'CodeIgniter\Session\Handlers\FileHandler' driver.
INFO - 2023-12-27 02:45:07 --> Session: Class initialized using 'CodeIgniter\Session\Handlers\FileHandler' driver.
INFO - 2023-12-27 02:45:10 --> Session: Class initialized using 'CodeIgniter\Session\Handlers\FileHandler' driver.
WARNING - 2023-12-27 02:45:39 --> [DEPRECATED] preg_quote(): Passing null to parameter #1 ($str) of type string is deprecated in SYSTEMPATH\Validation\Validation.php on line 833.
 1 SYSTEMPATH\Validation\Validation.php(833): preg_quote(null, '/')
 2 [internal function]: CodeIgniter\Validation\Validation::CodeIgniter\Validation\{closure}('email')
 3 SYSTEMPATH\Validation\Validation.php(832): array_filter([...], Object(Closure), 2)
 4 APPPATH\Services\UserService.php(32): CodeIgniter\Validation\Validation->getError()
 5 APPPATH\Controllers\Admin\UserControllers.php(51): App\Services\UserService->addUserInfo(Object(CodeIgniter\HTTP\IncomingRequest))
 6 SYSTEMPATH\CodeIgniter.php(942): App\Controllers\Admin\UserControllers->create()
 7 SYSTEMPATH\CodeIgniter.php(502): CodeIgniter\CodeIgniter->runController(Object(App\Controllers\Admin\UserControllers))
 8 SYSTEMPATH\CodeIgniter.php(361): CodeIgniter\CodeIgniter->handleRequest(null, Object(Config\Cache), false)
 9 FCPATH\index.php(81): CodeIgniter\CodeIgniter->run()
10 SYSTEMPATH\Commands\Server\rewrite.php(47): require_once('D:\\xampp\\file\\htdocs\\ComputerShop\\public\\index.php')
WARNING - 2023-12-27 02:45:39 --> [DEPRECATED] preg_quote(): Passing null to parameter #1 ($str) of type string is deprecated in SYSTEMPATH\Validation\Validation.php on line 833.
 1 SYSTEMPATH\Validation\Validation.php(833): preg_quote(null, '/')
 2 [internal function]: CodeIgniter\Validation\Validation::CodeIgniter\Validation\{closure}('password_confirm')
 3 SYSTEMPATH\Validation\Validation.php(832): array_filter([...], Object(Closure), 2)
 4 APPPATH\Services\UserService.php(32): CodeIgniter\Validation\Validation->getError()
 5 APPPATH\Controllers\Admin\UserControllers.php(51): App\Services\UserService->addUserInfo(Object(CodeIgniter\HTTP\IncomingRequest))
 6 SYSTEMPATH\CodeIgniter.php(942): App\Controllers\Admin\UserControllers->create()
 7 SYSTEMPATH\CodeIgniter.php(502): CodeIgniter\CodeIgniter->runController(Object(App\Controllers\Admin\UserControllers))
 8 SYSTEMPATH\CodeIgniter.php(361): CodeIgniter\CodeIgniter->handleRequest(null, Object(Config\Cache), false)
 9 FCPATH\index.php(81): CodeIgniter\CodeIgniter->run()
10 SYSTEMPATH\Commands\Server\rewrite.php(47): require_once('D:\\xampp\\file\\htdocs\\ComputerShop\\public\\index.php')
INFO - 2023-12-27 02:45:39 --> Session: Class initialized using 'CodeIgniter\Session\Handlers\FileHandler' driver.
INFO - 2023-12-27 02:45:39 --> Session: Class initialized using 'CodeIgniter\Session\Handlers\FileHandler' driver.
INFO - 2023-12-27 02:46:17 --> Session: Class initialized using 'CodeIgniter\Session\Handlers\FileHandler' driver.
WARNING - 2023-12-27 02:46:38 --> [DEPRECATED] preg_quote(): Passing null to parameter #1 ($str) of type string is deprecated in SYSTEMPATH\Validation\Validation.php on line 833.
 1 SYSTEMPATH\Validation\Validation.php(833): preg_quote(null, '/')
 2 [internal function]: CodeIgniter\Validation\Validation::CodeIgniter\Validation\{closure}('password_confirm')
 3 SYSTEMPATH\Validation\Validation.php(832): array_filter([...], Object(Closure), 2)
 4 APPPATH\Services\UserService.php(32): CodeIgniter\Validation\Validation->getError()
 5 APPPATH\Controllers\Admin\UserControllers.php(51): App\Services\UserService->addUserInfo(Object(CodeIgniter\HTTP\IncomingRequest))
 6 SYSTEMPATH\CodeIgniter.php(942): App\Controllers\Admin\UserControllers->create()
 7 SYSTEMPATH\CodeIgniter.php(502): CodeIgniter\CodeIgniter->runController(Object(App\Controllers\Admin\UserControllers))
 8 SYSTEMPATH\CodeIgniter.php(361): CodeIgniter\CodeIgniter->handleRequest(null, Object(Config\Cache), false)
 9 FCPATH\index.php(81): CodeIgniter\CodeIgniter->run()
10 SYSTEMPATH\Commands\Server\rewrite.php(47): require_once('D:\\xampp\\file\\htdocs\\ComputerShop\\public\\index.php')
INFO - 2023-12-27 02:46:38 --> Session: Class initialized using 'CodeIgniter\Session\Handlers\FileHandler' driver.
INFO - 2023-12-27 02:46:38 --> Session: Class initialized using 'CodeIgniter\Session\Handlers\FileHandler' driver.
WARNING - 2023-12-27 02:46:52 --> [DEPRECATED] preg_quote(): Passing null to parameter #1 ($str) of type string is deprecated in SYSTEMPATH\Validation\Validation.php on line 833.
 1 SYSTEMPATH\Validation\Validation.php(833): preg_quote(null, '/')
 2 [internal function]: CodeIgniter\Validation\Validation::CodeIgniter\Validation\{closure}('password_confirm')
 3 SYSTEMPATH\Validation\Validation.php(832): array_filter([...], Object(Closure), 2)
 4 APPPATH\Services\UserService.php(32): CodeIgniter\Validation\Validation->getError()
 5 APPPATH\Controllers\Admin\UserControllers.php(51): App\Services\UserService->addUserInfo(Object(CodeIgniter\HTTP\IncomingRequest))
 6 SYSTEMPATH\CodeIgniter.php(942): App\Controllers\Admin\UserControllers->create()
 7 SYSTEMPATH\CodeIgniter.php(502): CodeIgniter\CodeIgniter->runController(Object(App\Controllers\Admin\UserControllers))
 8 SYSTEMPATH\CodeIgniter.php(361): CodeIgniter\CodeIgniter->handleRequest(null, Object(Config\Cache), false)
 9 FCPATH\index.php(81): CodeIgniter\CodeIgniter->run()
10 SYSTEMPATH\Commands\Server\rewrite.php(47): require_once('D:\\xampp\\file\\htdocs\\ComputerShop\\public\\index.php')
INFO - 2023-12-27 02:46:52 --> Session: Class initialized using 'CodeIgniter\Session\Handlers\FileHandler' driver.
INFO - 2023-12-27 02:46:52 --> Session: Class initialized using 'CodeIgniter\Session\Handlers\FileHandler' driver.
INFO - 2023-12-27 02:53:56 --> Session: Class initialized using 'CodeIgniter\Session\Handlers\FileHandler' driver.
WARNING - 2023-12-27 02:54:35 --> [DEPRECATED] preg_quote(): Passing null to parameter #1 ($str) of type string is deprecated in SYSTEMPATH\Validation\Validation.php on line 833.
 1 SYSTEMPATH\Validation\Validation.php(833): preg_quote(null, '/')
 2 [internal function]: CodeIgniter\Validation\Validation::CodeIgniter\Validation\{closure}('email')
 3 SYSTEMPATH\Validation\Validation.php(832): array_filter([...], Object(Closure), 2)
 4 APPPATH\Services\UserService.php(32): CodeIgniter\Validation\Validation->getError()
 5 APPPATH\Controllers\Admin\UserControllers.php(51): App\Services\UserService->addUserInfo(Object(CodeIgniter\HTTP\IncomingRequest))
 6 SYSTEMPATH\CodeIgniter.php(942): App\Controllers\Admin\UserControllers->create()
 7 SYSTEMPATH\CodeIgniter.php(502): CodeIgniter\CodeIgniter->runController(Object(App\Controllers\Admin\UserControllers))
 8 SYSTEMPATH\CodeIgniter.php(361): CodeIgniter\CodeIgniter->handleRequest(null, Object(Config\Cache), false)
 9 FCPATH\index.php(81): CodeIgniter\CodeIgniter->run()
10 SYSTEMPATH\Commands\Server\rewrite.php(47): require_once('D:\\xampp\\file\\htdocs\\ComputerShop\\public\\index.php')
WARNING - 2023-12-27 02:54:35 --> [DEPRECATED] preg_quote(): Passing null to parameter #1 ($str) of type string is deprecated in SYSTEMPATH\Validation\Validation.php on line 833.
 1 SYSTEMPATH\Validation\Validation.php(833): preg_quote(null, '/')
 2 [internal function]: CodeIgniter\Validation\Validation::CodeIgniter\Validation\{closure}('password_confirm')
 3 SYSTEMPATH\Validation\Validation.php(832): array_filter([...], Object(Closure), 2)
 4 APPPATH\Services\UserService.php(32): CodeIgniter\Validation\Validation->getError()
 5 APPPATH\Controllers\Admin\UserControllers.php(51): App\Services\UserService->addUserInfo(Object(CodeIgniter\HTTP\IncomingRequest))
 6 SYSTEMPATH\CodeIgniter.php(942): App\Controllers\Admin\UserControllers->create()
 7 SYSTEMPATH\CodeIgniter.php(502): CodeIgniter\CodeIgniter->runController(Object(App\Controllers\Admin\UserControllers))
 8 SYSTEMPATH\CodeIgniter.php(361): CodeIgniter\CodeIgniter->handleRequest(null, Object(Config\Cache), false)
 9 FCPATH\index.php(81): CodeIgniter\CodeIgniter->run()
10 SYSTEMPATH\Commands\Server\rewrite.php(47): require_once('D:\\xampp\\file\\htdocs\\ComputerShop\\public\\index.php')
INFO - 2023-12-27 02:54:35 --> Session: Class initialized using 'CodeIgniter\Session\Handlers\FileHandler' driver.
INFO - 2023-12-27 02:54:36 --> Session: Class initialized using 'CodeIgniter\Session\Handlers\FileHandler' driver.
WARNING - 2023-12-27 02:54:45 --> [DEPRECATED] preg_quote(): Passing null to parameter #1 ($str) of type string is deprecated in SYSTEMPATH\Validation\Validation.php on line 833.
 1 SYSTEMPATH\Validation\Validation.php(833): preg_quote(null, '/')
 2 [internal function]: CodeIgniter\Validation\Validation::CodeIgniter\Validation\{closure}('password_confirm')
 3 SYSTEMPATH\Validation\Validation.php(832): array_filter([...], Object(Closure), 2)
 4 APPPATH\Services\UserService.php(32): CodeIgniter\Validation\Validation->getError()
 5 APPPATH\Controllers\Admin\UserControllers.php(51): App\Services\UserService->addUserInfo(Object(CodeIgniter\HTTP\IncomingRequest))
 6 SYSTEMPATH\CodeIgniter.php(942): App\Controllers\Admin\UserControllers->create()
 7 SYSTEMPATH\CodeIgniter.php(502): CodeIgniter\CodeIgniter->runController(Object(App\Controllers\Admin\UserControllers))
 8 SYSTEMPATH\CodeIgniter.php(361): CodeIgniter\CodeIgniter->handleRequest(null, Object(Config\Cache), false)
 9 FCPATH\index.php(81): CodeIgniter\CodeIgniter->run()
10 SYSTEMPATH\Commands\Server\rewrite.php(47): require_once('D:\\xampp\\file\\htdocs\\ComputerShop\\public\\index.php')
INFO - 2023-12-27 02:54:45 --> Session: Class initialized using 'CodeIgniter\Session\Handlers\FileHandler' driver.
INFO - 2023-12-27 02:54:45 --> Session: Class initialized using 'CodeIgniter\Session\Handlers\FileHandler' driver.
INFO - 2023-12-27 03:01:50 --> Session: Class initialized using 'CodeIgniter\Session\Handlers\FileHandler' driver.
INFO - 2023-12-27 03:02:08 --> Session: Class initialized using 'CodeIgniter\Session\Handlers\FileHandler' driver.
INFO - 2023-12-27 03:02:08 --> Session: Class initialized using 'CodeIgniter\Session\Handlers\FileHandler' driver.
INFO - 2023-12-27 03:02:34 --> Session: Class initialized using 'CodeIgniter\Session\Handlers\FileHandler' driver.
WARNING - 2023-12-27 03:02:48 --> [DEPRECATED] preg_quote(): Passing null to parameter #1 ($str) of type string is deprecated in SYSTEMPATH\Validation\Validation.php on line 833.
 1 SYSTEMPATH\Validation\Validation.php(833): preg_quote(null, '/')
 2 [internal function]: CodeIgniter\Validation\Validation::CodeIgniter\Validation\{closure}('password_confirm')
 3 SYSTEMPATH\Validation\Validation.php(832): array_filter([...], Object(Closure), 2)
 4 APPPATH\Services\UserService.php(32): CodeIgniter\Validation\Validation->getError()
 5 APPPATH\Controllers\Admin\UserControllers.php(51): App\Services\UserService->addUserInfo(Object(CodeIgniter\HTTP\IncomingRequest))
 6 SYSTEMPATH\CodeIgniter.php(942): App\Controllers\Admin\UserControllers->create()
 7 SYSTEMPATH\CodeIgniter.php(502): CodeIgniter\CodeIgniter->runController(Object(App\Controllers\Admin\UserControllers))
 8 SYSTEMPATH\CodeIgniter.php(361): CodeIgniter\CodeIgniter->handleRequest(null, Object(Config\Cache), false)
 9 FCPATH\index.php(81): CodeIgniter\CodeIgniter->run()
10 SYSTEMPATH\Commands\Server\rewrite.php(47): require_once('D:\\xampp\\file\\htdocs\\ComputerShop\\public\\index.php')
INFO - 2023-12-27 03:02:48 --> Session: Class initialized using 'CodeIgniter\Session\Handlers\FileHandler' driver.
INFO - 2023-12-27 03:02:48 --> Session: Class initialized using 'CodeIgniter\Session\Handlers\FileHandler' driver.
WARNING - 2023-12-27 03:02:58 --> [DEPRECATED] preg_quote(): Passing null to parameter #1 ($str) of type string is deprecated in SYSTEMPATH\Validation\Validation.php on line 833.
 1 SYSTEMPATH\Validation\Validation.php(833): preg_quote(null, '/')
 2 [internal function]: CodeIgniter\Validation\Validation::CodeIgniter\Validation\{closure}('email')
 3 SYSTEMPATH\Validation\Validation.php(832): array_filter([...], Object(Closure), 2)
 4 APPPATH\Services\UserService.php(32): CodeIgniter\Validation\Validation->getError()
 5 APPPATH\Controllers\Admin\UserControllers.php(51): App\Services\UserService->addUserInfo(Object(CodeIgniter\HTTP\IncomingRequest))
 6 SYSTEMPATH\CodeIgniter.php(942): App\Controllers\Admin\UserControllers->create()
 7 SYSTEMPATH\CodeIgniter.php(502): CodeIgniter\CodeIgniter->runController(Object(App\Controllers\Admin\UserControllers))
 8 SYSTEMPATH\CodeIgniter.php(361): CodeIgniter\CodeIgniter->handleRequest(null, Object(Config\Cache), false)
 9 FCPATH\index.php(81): CodeIgniter\CodeIgniter->run()
10 SYSTEMPATH\Commands\Server\rewrite.php(47): require_once('D:\\xampp\\file\\htdocs\\ComputerShop\\public\\index.php')
WARNING - 2023-12-27 03:02:58 --> [DEPRECATED] preg_quote(): Passing null to parameter #1 ($str) of type string is deprecated in SYSTEMPATH\Validation\Validation.php on line 833.
 1 SYSTEMPATH\Validation\Validation.php(833): preg_quote(null, '/')
 2 [internal function]: CodeIgniter\Validation\Validation::CodeIgniter\Validation\{closure}('password_confirm')
 3 SYSTEMPATH\Validation\Validation.php(832): array_filter([...], Object(Closure), 2)
 4 APPPATH\Services\UserService.php(32): CodeIgniter\Validation\Validation->getError()
 5 APPPATH\Controllers\Admin\UserControllers.php(51): App\Services\UserService->addUserInfo(Object(CodeIgniter\HTTP\IncomingRequest))
 6 SYSTEMPATH\CodeIgniter.php(942): App\Controllers\Admin\UserControllers->create()
 7 SYSTEMPATH\CodeIgniter.php(502): CodeIgniter\CodeIgniter->runController(Object(App\Controllers\Admin\UserControllers))
 8 SYSTEMPATH\CodeIgniter.php(361): CodeIgniter\CodeIgniter->handleRequest(null, Object(Config\Cache), false)
 9 FCPATH\index.php(81): CodeIgniter\CodeIgniter->run()
10 SYSTEMPATH\Commands\Server\rewrite.php(47): require_once('D:\\xampp\\file\\htdocs\\ComputerShop\\public\\index.php')
INFO - 2023-12-27 03:02:58 --> Session: Class initialized using 'CodeIgniter\Session\Handlers\FileHandler' driver.
INFO - 2023-12-27 03:02:59 --> Session: Class initialized using 'CodeIgniter\Session\Handlers\FileHandler' driver.
WARNING - 2023-12-27 03:03:02 --> [DEPRECATED] preg_quote(): Passing null to parameter #1 ($str) of type string is deprecated in SYSTEMPATH\Validation\Validation.php on line 833.
 1 SYSTEMPATH\Validation\Validation.php(833): preg_quote(null, '/')
 2 [internal function]: CodeIgniter\Validation\Validation::CodeIgniter\Validation\{closure}('email')
 3 SYSTEMPATH\Validation\Validation.php(832): array_filter([...], Object(Closure), 2)
 4 APPPATH\Services\UserService.php(32): CodeIgniter\Validation\Validation->getError()
 5 APPPATH\Controllers\Admin\UserControllers.php(51): App\Services\UserService->addUserInfo(Object(CodeIgniter\HTTP\IncomingRequest))
 6 SYSTEMPATH\CodeIgniter.php(942): App\Controllers\Admin\UserControllers->create()
 7 SYSTEMPATH\CodeIgniter.php(502): CodeIgniter\CodeIgniter->runController(Object(App\Controllers\Admin\UserControllers))
 8 SYSTEMPATH\CodeIgniter.php(361): CodeIgniter\CodeIgniter->handleRequest(null, Object(Config\Cache), false)
 9 FCPATH\index.php(81): CodeIgniter\CodeIgniter->run()
10 SYSTEMPATH\Commands\Server\rewrite.php(47): require_once('D:\\xampp\\file\\htdocs\\ComputerShop\\public\\index.php')
WARNING - 2023-12-27 03:03:02 --> [DEPRECATED] preg_quote(): Passing null to parameter #1 ($str) of type string is deprecated in SYSTEMPATH\Validation\Validation.php on line 833.
 1 SYSTEMPATH\Validation\Validation.php(833): preg_quote(null, '/')
 2 [internal function]: CodeIgniter\Validation\Validation::CodeIgniter\Validation\{closure}('password_confirm')
 3 SYSTEMPATH\Validation\Validation.php(832): array_filter([...], Object(Closure), 2)
 4 APPPATH\Services\UserService.php(32): CodeIgniter\Validation\Validation->getError()
 5 APPPATH\Controllers\Admin\UserControllers.php(51): App\Services\UserService->addUserInfo(Object(CodeIgniter\HTTP\IncomingRequest))
 6 SYSTEMPATH\CodeIgniter.php(942): App\Controllers\Admin\UserControllers->create()
 7 SYSTEMPATH\CodeIgniter.php(502): CodeIgniter\CodeIgniter->runController(Object(App\Controllers\Admin\UserControllers))
 8 SYSTEMPATH\CodeIgniter.php(361): CodeIgniter\CodeIgniter->handleRequest(null, Object(Config\Cache), false)
 9 FCPATH\index.php(81): CodeIgniter\CodeIgniter->run()
10 SYSTEMPATH\Commands\Server\rewrite.php(47): require_once('D:\\xampp\\file\\htdocs\\ComputerShop\\public\\index.php')
INFO - 2023-12-27 03:03:02 --> Session: Class initialized using 'CodeIgniter\Session\Handlers\FileHandler' driver.
INFO - 2023-12-27 03:03:03 --> Session: Class initialized using 'CodeIgniter\Session\Handlers\FileHandler' driver.
WARNING - 2023-12-27 03:03:11 --> [DEPRECATED] preg_quote(): Passing null to parameter #1 ($str) of type string is deprecated in SYSTEMPATH\Validation\Validation.php on line 833.
 1 SYSTEMPATH\Validation\Validation.php(833): preg_quote(null, '/')
 2 [internal function]: CodeIgniter\Validation\Validation::CodeIgniter\Validation\{closure}('email')
 3 SYSTEMPATH\Validation\Validation.php(832): array_filter([...], Object(Closure), 2)
 4 APPPATH\Services\UserService.php(32): CodeIgniter\Validation\Validation->getError()
 5 APPPATH\Controllers\Admin\UserControllers.php(51): App\Services\UserService->addUserInfo(Object(CodeIgniter\HTTP\IncomingRequest))
 6 SYSTEMPATH\CodeIgniter.php(942): App\Controllers\Admin\UserControllers->create()
 7 SYSTEMPATH\CodeIgniter.php(502): CodeIgniter\CodeIgniter->runController(Object(App\Controllers\Admin\UserControllers))
 8 SYSTEMPATH\CodeIgniter.php(361): CodeIgniter\CodeIgniter->handleRequest(null, Object(Config\Cache), false)
 9 FCPATH\index.php(81): CodeIgniter\CodeIgniter->run()
10 SYSTEMPATH\Commands\Server\rewrite.php(47): require_once('D:\\xampp\\file\\htdocs\\ComputerShop\\public\\index.php')
WARNING - 2023-12-27 03:03:11 --> [DEPRECATED] preg_quote(): Passing null to parameter #1 ($str) of type string is deprecated in SYSTEMPATH\Validation\Validation.php on line 833.
 1 SYSTEMPATH\Validation\Validation.php(833): preg_quote(null, '/')
 2 [internal function]: CodeIgniter\Validation\Validation::CodeIgniter\Validation\{closure}('password_confirm')
 3 SYSTEMPATH\Validation\Validation.php(832): array_filter([...], Object(Closure), 2)
 4 APPPATH\Services\UserService.php(32): CodeIgniter\Validation\Validation->getError()
 5 APPPATH\Controllers\Admin\UserControllers.php(51): App\Services\UserService->addUserInfo(Object(CodeIgniter\HTTP\IncomingRequest))
 6 SYSTEMPATH\CodeIgniter.php(942): App\Controllers\Admin\UserControllers->create()
 7 SYSTEMPATH\CodeIgniter.php(502): CodeIgniter\CodeIgniter->runController(Object(App\Controllers\Admin\UserControllers))
 8 SYSTEMPATH\CodeIgniter.php(361): CodeIgniter\CodeIgniter->handleRequest(null, Object(Config\Cache), false)
 9 FCPATH\index.php(81): CodeIgniter\CodeIgniter->run()
10 SYSTEMPATH\Commands\Server\rewrite.php(47): require_once('D:\\xampp\\file\\htdocs\\ComputerShop\\public\\index.php')
INFO - 2023-12-27 03:03:11 --> Session: Class initialized using 'CodeIgniter\Session\Handlers\FileHandler' driver.
INFO - 2023-12-27 03:03:11 --> Session: Class initialized using 'CodeIgniter\Session\Handlers\FileHandler' driver.
WARNING - 2023-12-27 03:03:18 --> [DEPRECATED] preg_quote(): Passing null to parameter #1 ($str) of type string is deprecated in SYSTEMPATH\Validation\Validation.php on line 833.
 1 SYSTEMPATH\Validation\Validation.php(833): preg_quote(null, '/')
 2 [internal function]: CodeIgniter\Validation\Validation::CodeIgniter\Validation\{closure}('email')
 3 SYSTEMPATH\Validation\Validation.php(832): array_filter([...], Object(Closure), 2)
 4 APPPATH\Services\UserService.php(32): CodeIgniter\Validation\Validation->getError()
 5 APPPATH\Controllers\Admin\UserControllers.php(51): App\Services\UserService->addUserInfo(Object(CodeIgniter\HTTP\IncomingRequest))
 6 SYSTEMPATH\CodeIgniter.php(942): App\Controllers\Admin\UserControllers->create()
 7 SYSTEMPATH\CodeIgniter.php(502): CodeIgniter\CodeIgniter->runController(Object(App\Controllers\Admin\UserControllers))
 8 SYSTEMPATH\CodeIgniter.php(361): CodeIgniter\CodeIgniter->handleRequest(null, Object(Config\Cache), false)
 9 FCPATH\index.php(81): CodeIgniter\CodeIgniter->run()
10 SYSTEMPATH\Commands\Server\rewrite.php(47): require_once('D:\\xampp\\file\\htdocs\\ComputerShop\\public\\index.php')
WARNING - 2023-12-27 03:03:18 --> [DEPRECATED] preg_quote(): Passing null to parameter #1 ($str) of type string is deprecated in SYSTEMPATH\Validation\Validation.php on line 833.
 1 SYSTEMPATH\Validation\Validation.php(833): preg_quote(null, '/')
 2 [internal function]: CodeIgniter\Validation\Validation::CodeIgniter\Validation\{closure}('password_confirm')
 3 SYSTEMPATH\Validation\Validation.php(832): array_filter([...], Object(Closure), 2)
 4 APPPATH\Services\UserService.php(32): CodeIgniter\Validation\Validation->getError()
 5 APPPATH\Controllers\Admin\UserControllers.php(51): App\Services\UserService->addUserInfo(Object(CodeIgniter\HTTP\IncomingRequest))
 6 SYSTEMPATH\CodeIgniter.php(942): App\Controllers\Admin\UserControllers->create()
 7 SYSTEMPATH\CodeIgniter.php(502): CodeIgniter\CodeIgniter->runController(Object(App\Controllers\Admin\UserControllers))
 8 SYSTEMPATH\CodeIgniter.php(361): CodeIgniter\CodeIgniter->handleRequest(null, Object(Config\Cache), false)
 9 FCPATH\index.php(81): CodeIgniter\CodeIgniter->run()
10 SYSTEMPATH\Commands\Server\rewrite.php(47): require_once('D:\\xampp\\file\\htdocs\\ComputerShop\\public\\index.php')
INFO - 2023-12-27 03:03:18 --> Session: Class initialized using 'CodeIgniter\Session\Handlers\FileHandler' driver.
INFO - 2023-12-27 03:03:18 --> Session: Class initialized using 'CodeIgniter\Session\Handlers\FileHandler' driver.
INFO - 2023-12-27 03:03:26 --> Session: Class initialized using 'CodeIgniter\Session\Handlers\FileHandler' driver.
INFO - 2023-12-27 03:03:28 --> Session: Class initialized using 'CodeIgniter\Session\Handlers\FileHandler' driver.
INFO - 2023-12-27 03:04:11 --> Session: Class initialized using 'CodeIgniter\Session\Handlers\FileHandler' driver.
INFO - 2023-12-27 03:04:31 --> Session: Class initialized using 'CodeIgniter\Session\Handlers\FileHandler' driver.
INFO - 2023-12-27 03:04:32 --> Session: Class initialized using 'CodeIgniter\Session\Handlers\FileHandler' driver.
INFO - 2023-12-27 03:05:26 --> Session: Class initialized using 'CodeIgniter\Session\Handlers\FileHandler' driver.
INFO - 2023-12-27 03:05:42 --> Session: Class initialized using 'CodeIgniter\Session\Handlers\FileHandler' driver.
INFO - 2023-12-27 03:05:42 --> Session: Class initialized using 'CodeIgniter\Session\Handlers\FileHandler' driver.
INFO - 2023-12-27 03:08:34 --> Session: Class initialized using 'CodeIgniter\Session\Handlers\FileHandler' driver.
WARNING - 2023-12-27 03:09:07 --> [DEPRECATED] preg_quote(): Passing null to parameter #1 ($str) of type string is deprecated in SYSTEMPATH\Validation\Validation.php on line 833.
 1 SYSTEMPATH\Validation\Validation.php(833): preg_quote(null, '/')
 2 [internal function]: CodeIgniter\Validation\Validation::CodeIgniter\Validation\{closure}('password_confirm')
 3 SYSTEMPATH\Validation\Validation.php(832): array_filter([...], Object(Closure), 2)
 4 APPPATH\Services\UserService.php(32): CodeIgniter\Validation\Validation->getError()
 5 APPPATH\Controllers\Admin\UserControllers.php(51): App\Services\UserService->addUserInfo(Object(CodeIgniter\HTTP\IncomingRequest))
 6 SYSTEMPATH\CodeIgniter.php(942): App\Controllers\Admin\UserControllers->create()
 7 SYSTEMPATH\CodeIgniter.php(502): CodeIgniter\CodeIgniter->runController(Object(App\Controllers\Admin\UserControllers))
 8 SYSTEMPATH\CodeIgniter.php(361): CodeIgniter\CodeIgniter->handleRequest(null, Object(Config\Cache), false)
 9 FCPATH\index.php(81): CodeIgniter\CodeIgniter->run()
10 SYSTEMPATH\Commands\Server\rewrite.php(47): require_once('D:\\xampp\\file\\htdocs\\ComputerShop\\public\\index.php')
INFO - 2023-12-27 03:09:07 --> Session: Class initialized using 'CodeIgniter\Session\Handlers\FileHandler' driver.
INFO - 2023-12-27 03:09:07 --> Session: Class initialized using 'CodeIgniter\Session\Handlers\FileHandler' driver.
WARNING - 2023-12-27 03:09:20 --> [DEPRECATED] preg_quote(): Passing null to parameter #1 ($str) of type string is deprecated in SYSTEMPATH\Validation\Validation.php on line 833.
 1 SYSTEMPATH\Validation\Validation.php(833): preg_quote(null, '/')
 2 [internal function]: CodeIgniter\Validation\Validation::CodeIgniter\Validation\{closure}('password_confirm')
 3 SYSTEMPATH\Validation\Validation.php(832): array_filter([...], Object(Closure), 2)
 4 APPPATH\Services\UserService.php(32): CodeIgniter\Validation\Validation->getError()
 5 APPPATH\Controllers\Admin\UserControllers.php(51): App\Services\UserService->addUserInfo(Object(CodeIgniter\HTTP\IncomingRequest))
 6 SYSTEMPATH\CodeIgniter.php(942): App\Controllers\Admin\UserControllers->create()
 7 SYSTEMPATH\CodeIgniter.php(502): CodeIgniter\CodeIgniter->runController(Object(App\Controllers\Admin\UserControllers))
 8 SYSTEMPATH\CodeIgniter.php(361): CodeIgniter\CodeIgniter->handleRequest(null, Object(Config\Cache), false)
 9 FCPATH\index.php(81): CodeIgniter\CodeIgniter->run()
10 SYSTEMPATH\Commands\Server\rewrite.php(47): require_once('D:\\xampp\\file\\htdocs\\ComputerShop\\public\\index.php')
INFO - 2023-12-27 03:09:20 --> Session: Class initialized using 'CodeIgniter\Session\Handlers\FileHandler' driver.
INFO - 2023-12-27 03:09:20 --> Session: Class initialized using 'CodeIgniter\Session\Handlers\FileHandler' driver.
WARNING - 2023-12-27 03:10:35 --> [DEPRECATED] preg_quote(): Passing null to parameter #1 ($str) of type string is deprecated in SYSTEMPATH\Validation\Validation.php on line 833.
 1 SYSTEMPATH\Validation\Validation.php(833): preg_quote(null, '/')
 2 [internal function]: CodeIgniter\Validation\Validation::CodeIgniter\Validation\{closure}('password_confirm')
 3 SYSTEMPATH\Validation\Validation.php(832): array_filter([...], Object(Closure), 2)
 4 APPPATH\Services\UserService.php(32): CodeIgniter\Validation\Validation->getError()
 5 APPPATH\Controllers\Admin\UserControllers.php(51): App\Services\UserService->addUserInfo(Object(CodeIgniter\HTTP\IncomingRequest))
 6 SYSTEMPATH\CodeIgniter.php(942): App\Controllers\Admin\UserControllers->create()
 7 SYSTEMPATH\CodeIgniter.php(502): CodeIgniter\CodeIgniter->runController(Object(App\Controllers\Admin\UserControllers))
 8 SYSTEMPATH\CodeIgniter.php(361): CodeIgniter\CodeIgniter->handleRequest(null, Object(Config\Cache), false)
 9 FCPATH\index.php(81): CodeIgniter\CodeIgniter->run()
10 SYSTEMPATH\Commands\Server\rewrite.php(47): require_once('D:\\xampp\\file\\htdocs\\ComputerShop\\public\\index.php')
INFO - 2023-12-27 03:10:35 --> Session: Class initialized using 'CodeIgniter\Session\Handlers\FileHandler' driver.
INFO - 2023-12-27 03:10:35 --> Session: Class initialized using 'CodeIgniter\Session\Handlers\FileHandler' driver.
WARNING - 2023-12-27 03:11:17 --> [DEPRECATED] preg_quote(): Passing null to parameter #1 ($str) of type string is deprecated in SYSTEMPATH\Validation\Validation.php on line 833.
 1 SYSTEMPATH\Validation\Validation.php(833): preg_quote(null, '/')
 2 [internal function]: CodeIgniter\Validation\Validation::CodeIgniter\Validation\{closure}('password_confirm')
 3 SYSTEMPATH\Validation\Validation.php(832): array_filter([...], Object(Closure), 2)
 4 APPPATH\Services\UserService.php(32): CodeIgniter\Validation\Validation->getError()
 5 APPPATH\Controllers\Admin\UserControllers.php(51): App\Services\UserService->addUserInfo(Object(CodeIgniter\HTTP\IncomingRequest))
 6 SYSTEMPATH\CodeIgniter.php(942): App\Controllers\Admin\UserControllers->create()
 7 SYSTEMPATH\CodeIgniter.php(502): CodeIgniter\CodeIgniter->runController(Object(App\Controllers\Admin\UserControllers))
 8 SYSTEMPATH\CodeIgniter.php(361): CodeIgniter\CodeIgniter->handleRequest(null, Object(Config\Cache), false)
 9 FCPATH\index.php(81): CodeIgniter\CodeIgniter->run()
10 SYSTEMPATH\Commands\Server\rewrite.php(47): require_once('D:\\xampp\\file\\htdocs\\ComputerShop\\public\\index.php')
INFO - 2023-12-27 03:11:17 --> Session: Class initialized using 'CodeIgniter\Session\Handlers\FileHandler' driver.
INFO - 2023-12-27 03:11:18 --> Session: Class initialized using 'CodeIgniter\Session\Handlers\FileHandler' driver.
WARNING - 2023-12-27 03:11:19 --> [DEPRECATED] preg_quote(): Passing null to parameter #1 ($str) of type string is deprecated in SYSTEMPATH\Validation\Validation.php on line 833.
 1 SYSTEMPATH\Validation\Validation.php(833): preg_quote(null, '/')
 2 [internal function]: CodeIgniter\Validation\Validation::CodeIgniter\Validation\{closure}('password_confirm')
 3 SYSTEMPATH\Validation\Validation.php(832): array_filter([...], Object(Closure), 2)
 4 APPPATH\Services\UserService.php(32): CodeIgniter\Validation\Validation->getError()
 5 APPPATH\Controllers\Admin\UserControllers.php(51): App\Services\UserService->addUserInfo(Object(CodeIgniter\HTTP\IncomingRequest))
 6 SYSTEMPATH\CodeIgniter.php(942): App\Controllers\Admin\UserControllers->create()
 7 SYSTEMPATH\CodeIgniter.php(502): CodeIgniter\CodeIgniter->runController(Object(App\Controllers\Admin\UserControllers))
 8 SYSTEMPATH\CodeIgniter.php(361): CodeIgniter\CodeIgniter->handleRequest(null, Object(Config\Cache), false)
 9 FCPATH\index.php(81): CodeIgniter\CodeIgniter->run()
10 SYSTEMPATH\Commands\Server\rewrite.php(47): require_once('D:\\xampp\\file\\htdocs\\ComputerShop\\public\\index.php')
INFO - 2023-12-27 03:11:19 --> Session: Class initialized using 'CodeIgniter\Session\Handlers\FileHandler' driver.
INFO - 2023-12-27 03:11:20 --> Session: Class initialized using 'CodeIgniter\Session\Handlers\FileHandler' driver.
INFO - 2023-12-27 03:11:34 --> Session: Class initialized using 'CodeIgniter\Session\Handlers\FileHandler' driver.
INFO - 2023-12-27 03:14:02 --> Session: Class initialized using 'CodeIgniter\Session\Handlers\FileHandler' driver.
WARNING - 2023-12-27 03:14:20 --> [DEPRECATED] preg_quote(): Passing null to parameter #1 ($str) of type string is deprecated in SYSTEMPATH\Validation\Validation.php on line 833.
 1 SYSTEMPATH\Validation\Validation.php(833): preg_quote(null, '/')
 2 [internal function]: CodeIgniter\Validation\Validation::CodeIgniter\Validation\{closure}('password_confirm')
 3 SYSTEMPATH\Validation\Validation.php(832): array_filter([...], Object(Closure), 2)
 4 APPPATH\Services\UserService.php(32): CodeIgniter\Validation\Validation->getError()
 5 APPPATH\Controllers\Admin\UserControllers.php(51): App\Services\UserService->addUserInfo(Object(CodeIgniter\HTTP\IncomingRequest))
 6 SYSTEMPATH\CodeIgniter.php(942): App\Controllers\Admin\UserControllers->create()
 7 SYSTEMPATH\CodeIgniter.php(502): CodeIgniter\CodeIgniter->runController(Object(App\Controllers\Admin\UserControllers))
 8 SYSTEMPATH\CodeIgniter.php(361): CodeIgniter\CodeIgniter->handleRequest(null, Object(Config\Cache), false)
 9 FCPATH\index.php(81): CodeIgniter\CodeIgniter->run()
10 SYSTEMPATH\Commands\Server\rewrite.php(47): require_once('D:\\xampp\\file\\htdocs\\ComputerShop\\public\\index.php')
INFO - 2023-12-27 03:14:20 --> Session: Class initialized using 'CodeIgniter\Session\Handlers\FileHandler' driver.
INFO - 2023-12-27 03:14:20 --> Session: Class initialized using 'CodeIgniter\Session\Handlers\FileHandler' driver.
INFO - 2023-12-27 03:35:32 --> Session: Class initialized using 'CodeIgniter\Session\Handlers\FileHandler' driver.
INFO - 2023-12-27 03:35:33 --> Session: Class initialized using 'CodeIgniter\Session\Handlers\FileHandler' driver.
WARNING - 2023-12-27 03:35:42 --> [DEPRECATED] preg_quote(): Passing null to parameter #1 ($str) of type string is deprecated in SYSTEMPATH\Validation\Validation.php on line 833.
 1 SYSTEMPATH\Validation\Validation.php(833): preg_quote(null, '/')
 2 [internal function]: CodeIgniter\Validation\Validation::CodeIgniter\Validation\{closure}('password_confirm')
 3 SYSTEMPATH\Validation\Validation.php(832): array_filter([...], Object(Closure), 2)
 4 APPPATH\Services\UserService.php(34): CodeIgniter\Validation\Validation->getError()
 5 APPPATH\Controllers\Admin\UserControllers.php(51): App\Services\UserService->addUserInfo(Object(CodeIgniter\HTTP\IncomingRequest))
 6 SYSTEMPATH\CodeIgniter.php(942): App\Controllers\Admin\UserControllers->create()
 7 SYSTEMPATH\CodeIgniter.php(502): CodeIgniter\CodeIgniter->runController(Object(App\Controllers\Admin\UserControllers))
 8 SYSTEMPATH\CodeIgniter.php(361): CodeIgniter\CodeIgniter->handleRequest(null, Object(Config\Cache), false)
 9 FCPATH\index.php(81): CodeIgniter\CodeIgniter->run()
10 SYSTEMPATH\Commands\Server\rewrite.php(47): require_once('D:\\xampp\\file\\htdocs\\ComputerShop\\public\\index.php')
INFO - 2023-12-27 03:35:42 --> Session: Class initialized using 'CodeIgniter\Session\Handlers\FileHandler' driver.
INFO - 2023-12-27 03:35:42 --> Session: Class initialized using 'CodeIgniter\Session\Handlers\FileHandler' driver.
WARNING - 2023-12-27 03:36:00 --> [DEPRECATED] preg_quote(): Passing null to parameter #1 ($str) of type string is deprecated in SYSTEMPATH\Validation\Validation.php on line 833.
 1 SYSTEMPATH\Validation\Validation.php(833): preg_quote(null, '/')
 2 [internal function]: CodeIgniter\Validation\Validation::CodeIgniter\Validation\{closure}('password_confirm')
 3 SYSTEMPATH\Validation\Validation.php(832): array_filter([...], Object(Closure), 2)
 4 APPPATH\Services\UserService.php(34): CodeIgniter\Validation\Validation->getError()
 5 APPPATH\Controllers\Admin\UserControllers.php(51): App\Services\UserService->addUserInfo(Object(CodeIgniter\HTTP\IncomingRequest))
 6 SYSTEMPATH\CodeIgniter.php(942): App\Controllers\Admin\UserControllers->create()
 7 SYSTEMPATH\CodeIgniter.php(502): CodeIgniter\CodeIgniter->runController(Object(App\Controllers\Admin\UserControllers))
 8 SYSTEMPATH\CodeIgniter.php(361): CodeIgniter\CodeIgniter->handleRequest(null, Object(Config\Cache), false)
 9 FCPATH\index.php(81): CodeIgniter\CodeIgniter->run()
10 SYSTEMPATH\Commands\Server\rewrite.php(47): require_once('D:\\xampp\\file\\htdocs\\ComputerShop\\public\\index.php')
INFO - 2023-12-27 03:36:00 --> Session: Class initialized using 'CodeIgniter\Session\Handlers\FileHandler' driver.
INFO - 2023-12-27 03:36:00 --> Session: Class initialized using 'CodeIgniter\Session\Handlers\FileHandler' driver.
WARNING - 2023-12-27 03:36:31 --> [DEPRECATED] preg_quote(): Passing null to parameter #1 ($str) of type string is deprecated in SYSTEMPATH\Validation\Validation.php on line 833.
 1 SYSTEMPATH\Validation\Validation.php(833): preg_quote(null, '/')
 2 [internal function]: CodeIgniter\Validation\Validation::CodeIgniter\Validation\{closure}('password')
 3 SYSTEMPATH\Validation\Validation.php(832): array_filter([...], Object(Closure), 2)
 4 APPPATH\Services\UserService.php(34): CodeIgniter\Validation\Validation->getError()
 5 APPPATH\Controllers\Admin\UserControllers.php(51): App\Services\UserService->addUserInfo(Object(CodeIgniter\HTTP\IncomingRequest))
 6 SYSTEMPATH\CodeIgniter.php(942): App\Controllers\Admin\UserControllers->create()
 7 SYSTEMPATH\CodeIgniter.php(502): CodeIgniter\CodeIgniter->runController(Object(App\Controllers\Admin\UserControllers))
 8 SYSTEMPATH\CodeIgniter.php(361): CodeIgniter\CodeIgniter->handleRequest(null, Object(Config\Cache), false)
 9 FCPATH\index.php(81): CodeIgniter\CodeIgniter->run()
10 SYSTEMPATH\Commands\Server\rewrite.php(47): require_once('D:\\xampp\\file\\htdocs\\ComputerShop\\public\\index.php')
INFO - 2023-12-27 03:36:31 --> Session: Class initialized using 'CodeIgniter\Session\Handlers\FileHandler' driver.
INFO - 2023-12-27 03:36:31 --> Session: Class initialized using 'CodeIgniter\Session\Handlers\FileHandler' driver.
INFO - 2023-12-27 03:36:44 --> Session: Class initialized using 'CodeIgniter\Session\Handlers\FileHandler' driver.
INFO - 2023-12-27 03:36:45 --> Session: Class initialized using 'CodeIgniter\Session\Handlers\FileHandler' driver.
INFO - 2023-12-27 03:37:48 --> Session: Class initialized using 'CodeIgniter\Session\Handlers\FileHandler' driver.
WARNING - 2023-12-27 03:38:07 --> [DEPRECATED] preg_quote(): Passing null to parameter #1 ($str) of type string is deprecated in SYSTEMPATH\Validation\Validation.php on line 833.
 1 SYSTEMPATH\Validation\Validation.php(833): preg_quote(null, '/')
 2 [internal function]: CodeIgniter\Validation\Validation::CodeIgniter\Validation\{closure}('password_confirm')
 3 SYSTEMPATH\Validation\Validation.php(832): array_filter([...], Object(Closure), 2)
 4 APPPATH\Services\UserService.php(34): CodeIgniter\Validation\Validation->getError()
 5 APPPATH\Controllers\Admin\UserControllers.php(51): App\Services\UserService->addUserInfo(Object(CodeIgniter\HTTP\IncomingRequest))
 6 SYSTEMPATH\CodeIgniter.php(942): App\Controllers\Admin\UserControllers->create()
 7 SYSTEMPATH\CodeIgniter.php(502): CodeIgniter\CodeIgniter->runController(Object(App\Controllers\Admin\UserControllers))
 8 SYSTEMPATH\CodeIgniter.php(361): CodeIgniter\CodeIgniter->handleRequest(null, Object(Config\Cache), false)
 9 FCPATH\index.php(81): CodeIgniter\CodeIgniter->run()
10 SYSTEMPATH\Commands\Server\rewrite.php(47): require_once('D:\\xampp\\file\\htdocs\\ComputerShop\\public\\index.php')
INFO - 2023-12-27 03:38:07 --> Session: Class initialized using 'CodeIgniter\Session\Handlers\FileHandler' driver.
INFO - 2023-12-27 03:38:08 --> Session: Class initialized using 'CodeIgniter\Session\Handlers\FileHandler' driver.
INFO - 2023-12-27 03:38:31 --> Session: Class initialized using 'CodeIgniter\Session\Handlers\FileHandler' driver.
INFO - 2023-12-27 03:38:31 --> Session: Class initialized using 'CodeIgniter\Session\Handlers\FileHandler' driver.
INFO - 2023-12-27 03:40:28 --> Session: Class initialized using 'CodeIgniter\Session\Handlers\FileHandler' driver.
INFO - 2023-12-27 03:40:28 --> Session: Class initialized using 'CodeIgniter\Session\Handlers\FileHandler' driver.
INFO - 2023-12-27 03:40:34 --> Session: Class initialized using 'CodeIgniter\Session\Handlers\FileHandler' driver.
INFO - 2023-12-27 03:40:34 --> Session: Class initialized using 'CodeIgniter\Session\Handlers\FileHandler' driver.
INFO - 2023-12-27 03:42:14 --> Session: Class initialized using 'CodeIgniter\Session\Handlers\FileHandler' driver.
INFO - 2023-12-27 03:42:14 --> Session: Class initialized using 'CodeIgniter\Session\Handlers\FileHandler' driver.
INFO - 2023-12-27 03:43:25 --> Session: Class initialized using 'CodeIgniter\Session\Handlers\FileHandler' driver.
INFO - 2023-12-27 03:43:58 --> Session: Class initialized using 'CodeIgniter\Session\Handlers\FileHandler' driver.
INFO - 2023-12-27 03:43:59 --> Session: Class initialized using 'CodeIgniter\Session\Handlers\FileHandler' driver.
INFO - 2023-12-27 03:45:06 --> Session: Class initialized using 'CodeIgniter\Session\Handlers\FileHandler' driver.
INFO - 2023-12-27 03:45:06 --> Session: Class initialized using 'CodeIgniter\Session\Handlers\FileHandler' driver.
INFO - 2023-12-27 03:47:40 --> Session: Class initialized using 'CodeIgniter\Session\Handlers\FileHandler' driver.
INFO - 2023-12-27 03:47:41 --> Session: Class initialized using 'CodeIgniter\Session\Handlers\FileHandler' driver.
