INFO - 2024-01-06 03:52:06 --> Session: Class initialized using 'CodeIgniter\Session\Handlers\FileHandler' driver.
CRITICAL - 2024-01-06 11:04:52 --> Undefined array key "change_password"
in APPPATH\Services\UserService.php on line 135.
 1 APPPATH\Services\UserService.php(135): CodeIgniter\Debug\Exceptions->errorHandler(2, 'Undefined array key "change_password"', 'D:\\xampp\\file\\htdocs\\ComputerShop\\app\\Services\\UserService.php', 135)
 2 APPPATH\Services\UserService.php(62): App\Services\UserService->validateEditUser(Object(CodeIgniter\HTTP\IncomingRequest))
 3 APPPATH\Controllers\Admin\UserControllers.php(77): App\Services\UserService->updateUserInfo(Object(CodeIgniter\HTTP\IncomingRequest))
 4 SYSTEMPATH\CodeIgniter.php(942): App\Controllers\Admin\UserControllers->update()
 5 SYSTEMPATH\CodeIgniter.php(502): CodeIgniter\CodeIgniter->runController(Object(App\Controllers\Admin\UserControllers))
 6 SYSTEMPATH\CodeIgniter.php(361): CodeIgniter\CodeIgniter->handleRequest(null, Object(Config\Cache), false)
 7 FCPATH\index.php(81): CodeIgniter\CodeIgniter->run()
 8 SYSTEMPATH\Commands\Server\rewrite.php(47): require_once('D:\\xampp\\file\\htdocs\\ComputerShop\\public\\index.php')
WARNING - 2024-01-06 11:09:07 --> [DEPRECATED] preg_quote(): Passing null to parameter #1 ($str) of type string is deprecated in SYSTEMPATH\Validation\Validation.php on line 833.
 1 SYSTEMPATH\Validation\Validation.php(833): preg_quote(null, '/')
 2 [internal function]: CodeIgniter\Validation\Validation::CodeIgniter\Validation\{closure}('email')
 3 SYSTEMPATH\Validation\Validation.php(832): array_filter([...], Object(Closure), 2)
 4 APPPATH\Services\UserService.php(68): CodeIgniter\Validation\Validation->getError()
 5 APPPATH\Controllers\Admin\UserControllers.php(77): App\Services\UserService->updateUserInfo(Object(CodeIgniter\HTTP\IncomingRequest))
 6 SYSTEMPATH\CodeIgniter.php(942): App\Controllers\Admin\UserControllers->update()
 7 SYSTEMPATH\CodeIgniter.php(502): CodeIgniter\CodeIgniter->runController(Object(App\Controllers\Admin\UserControllers))
 8 SYSTEMPATH\CodeIgniter.php(361): CodeIgniter\CodeIgniter->handleRequest(null, Object(Config\Cache), false)
 9 FCPATH\index.php(81): CodeIgniter\CodeIgniter->run()
10 SYSTEMPATH\Commands\Server\rewrite.php(47): require_once('D:\\xampp\\file\\htdocs\\ComputerShop\\public\\index.php')
INFO - 2024-01-06 11:09:21 --> Session: Class initialized using 'CodeIgniter\Session\Handlers\FileHandler' driver.
INFO - 2024-01-06 11:09:37 --> Session: Class initialized using 'CodeIgniter\Session\Handlers\FileHandler' driver.
WARNING - 2024-01-06 11:10:45 --> [DEPRECATED] preg_quote(): Passing null to parameter #1 ($str) of type string is deprecated in SYSTEMPATH\Validation\Validation.php on line 833.
 1 SYSTEMPATH\Validation\Validation.php(833): preg_quote(null, '/')
 2 [internal function]: CodeIgniter\Validation\Validation::CodeIgniter\Validation\{closure}('email')
 3 SYSTEMPATH\Validation\Validation.php(832): array_filter([...], Object(Closure), 2)
 4 APPPATH\Services\UserService.php(68): CodeIgniter\Validation\Validation->getError()
 5 APPPATH\Controllers\Admin\UserControllers.php(77): App\Services\UserService->updateUserInfo(Object(CodeIgniter\HTTP\IncomingRequest))
 6 SYSTEMPATH\CodeIgniter.php(942): App\Controllers\Admin\UserControllers->update()
 7 SYSTEMPATH\CodeIgniter.php(502): CodeIgniter\CodeIgniter->runController(Object(App\Controllers\Admin\UserControllers))
 8 SYSTEMPATH\CodeIgniter.php(361): CodeIgniter\CodeIgniter->handleRequest(null, Object(Config\Cache), false)
 9 FCPATH\index.php(81): CodeIgniter\CodeIgniter->run()
10 SYSTEMPATH\Commands\Server\rewrite.php(47): require_once('D:\\xampp\\file\\htdocs\\ComputerShop\\public\\index.php')
WARNING - 2024-01-06 11:10:45 --> [DEPRECATED] preg_quote(): Passing null to parameter #1 ($str) of type string is deprecated in SYSTEMPATH\Validation\Validation.php on line 833.
 1 SYSTEMPATH\Validation\Validation.php(833): preg_quote(null, '/')
 2 [internal function]: CodeIgniter\Validation\Validation::CodeIgniter\Validation\{closure}('password')
 3 SYSTEMPATH\Validation\Validation.php(832): array_filter([...], Object(Closure), 2)
 4 APPPATH\Services\UserService.php(68): CodeIgniter\Validation\Validation->getError()
 5 APPPATH\Controllers\Admin\UserControllers.php(77): App\Services\UserService->updateUserInfo(Object(CodeIgniter\HTTP\IncomingRequest))
 6 SYSTEMPATH\CodeIgniter.php(942): App\Controllers\Admin\UserControllers->update()
 7 SYSTEMPATH\CodeIgniter.php(502): CodeIgniter\CodeIgniter->runController(Object(App\Controllers\Admin\UserControllers))
 8 SYSTEMPATH\CodeIgniter.php(361): CodeIgniter\CodeIgniter->handleRequest(null, Object(Config\Cache), false)
 9 FCPATH\index.php(81): CodeIgniter\CodeIgniter->run()
10 SYSTEMPATH\Commands\Server\rewrite.php(47): require_once('D:\\xampp\\file\\htdocs\\ComputerShop\\public\\index.php')
WARNING - 2024-01-06 11:10:45 --> [DEPRECATED] preg_quote(): Passing null to parameter #1 ($str) of type string is deprecated in SYSTEMPATH\Validation\Validation.php on line 833.
 1 SYSTEMPATH\Validation\Validation.php(833): preg_quote(null, '/')
 2 [internal function]: CodeIgniter\Validation\Validation::CodeIgniter\Validation\{closure}('password_confirm')
 3 SYSTEMPATH\Validation\Validation.php(832): array_filter([...], Object(Closure), 2)
 4 APPPATH\Services\UserService.php(68): CodeIgniter\Validation\Validation->getError()
 5 APPPATH\Controllers\Admin\UserControllers.php(77): App\Services\UserService->updateUserInfo(Object(CodeIgniter\HTTP\IncomingRequest))
 6 SYSTEMPATH\CodeIgniter.php(942): App\Controllers\Admin\UserControllers->update()
 7 SYSTEMPATH\CodeIgniter.php(502): CodeIgniter\CodeIgniter->runController(Object(App\Controllers\Admin\UserControllers))
 8 SYSTEMPATH\CodeIgniter.php(361): CodeIgniter\CodeIgniter->handleRequest(null, Object(Config\Cache), false)
 9 FCPATH\index.php(81): CodeIgniter\CodeIgniter->run()
10 SYSTEMPATH\Commands\Server\rewrite.php(47): require_once('D:\\xampp\\file\\htdocs\\ComputerShop\\public\\index.php')
INFO - 2024-01-06 11:10:47 --> Session: Class initialized using 'CodeIgniter\Session\Handlers\FileHandler' driver.
INFO - 2024-01-06 11:11:11 --> Session: Class initialized using 'CodeIgniter\Session\Handlers\FileHandler' driver.
WARNING - 2024-01-06 11:11:27 --> [DEPRECATED] preg_quote(): Passing null to parameter #1 ($str) of type string is deprecated in SYSTEMPATH\Validation\Validation.php on line 833.
 1 SYSTEMPATH\Validation\Validation.php(833): preg_quote(null, '/')
 2 [internal function]: CodeIgniter\Validation\Validation::CodeIgniter\Validation\{closure}('email')
 3 SYSTEMPATH\Validation\Validation.php(832): array_filter([...], Object(Closure), 2)
 4 APPPATH\Services\UserService.php(68): CodeIgniter\Validation\Validation->getError()
 5 APPPATH\Controllers\Admin\UserControllers.php(77): App\Services\UserService->updateUserInfo(Object(CodeIgniter\HTTP\IncomingRequest))
 6 SYSTEMPATH\CodeIgniter.php(942): App\Controllers\Admin\UserControllers->update()
 7 SYSTEMPATH\CodeIgniter.php(502): CodeIgniter\CodeIgniter->runController(Object(App\Controllers\Admin\UserControllers))
 8 SYSTEMPATH\CodeIgniter.php(361): CodeIgniter\CodeIgniter->handleRequest(null, Object(Config\Cache), false)
 9 FCPATH\index.php(81): CodeIgniter\CodeIgniter->run()
10 SYSTEMPATH\Commands\Server\rewrite.php(47): require_once('D:\\xampp\\file\\htdocs\\ComputerShop\\public\\index.php')
WARNING - 2024-01-06 11:11:27 --> [DEPRECATED] preg_quote(): Passing null to parameter #1 ($str) of type string is deprecated in SYSTEMPATH\Validation\Validation.php on line 833.
 1 SYSTEMPATH\Validation\Validation.php(833): preg_quote(null, '/')
 2 [internal function]: CodeIgniter\Validation\Validation::CodeIgniter\Validation\{closure}('password')
 3 SYSTEMPATH\Validation\Validation.php(832): array_filter([...], Object(Closure), 2)
 4 APPPATH\Services\UserService.php(68): CodeIgniter\Validation\Validation->getError()
 5 APPPATH\Controllers\Admin\UserControllers.php(77): App\Services\UserService->updateUserInfo(Object(CodeIgniter\HTTP\IncomingRequest))
 6 SYSTEMPATH\CodeIgniter.php(942): App\Controllers\Admin\UserControllers->update()
 7 SYSTEMPATH\CodeIgniter.php(502): CodeIgniter\CodeIgniter->runController(Object(App\Controllers\Admin\UserControllers))
 8 SYSTEMPATH\CodeIgniter.php(361): CodeIgniter\CodeIgniter->handleRequest(null, Object(Config\Cache), false)
 9 FCPATH\index.php(81): CodeIgniter\CodeIgniter->run()
10 SYSTEMPATH\Commands\Server\rewrite.php(47): require_once('D:\\xampp\\file\\htdocs\\ComputerShop\\public\\index.php')
WARNING - 2024-01-06 11:11:27 --> [DEPRECATED] preg_quote(): Passing null to parameter #1 ($str) of type string is deprecated in SYSTEMPATH\Validation\Validation.php on line 833.
 1 SYSTEMPATH\Validation\Validation.php(833): preg_quote(null, '/')
 2 [internal function]: CodeIgniter\Validation\Validation::CodeIgniter\Validation\{closure}('password_confirm')
 3 SYSTEMPATH\Validation\Validation.php(832): array_filter([...], Object(Closure), 2)
 4 APPPATH\Services\UserService.php(68): CodeIgniter\Validation\Validation->getError()
 5 APPPATH\Controllers\Admin\UserControllers.php(77): App\Services\UserService->updateUserInfo(Object(CodeIgniter\HTTP\IncomingRequest))
 6 SYSTEMPATH\CodeIgniter.php(942): App\Controllers\Admin\UserControllers->update()
 7 SYSTEMPATH\CodeIgniter.php(502): CodeIgniter\CodeIgniter->runController(Object(App\Controllers\Admin\UserControllers))
 8 SYSTEMPATH\CodeIgniter.php(361): CodeIgniter\CodeIgniter->handleRequest(null, Object(Config\Cache), false)
 9 FCPATH\index.php(81): CodeIgniter\CodeIgniter->run()
10 SYSTEMPATH\Commands\Server\rewrite.php(47): require_once('D:\\xampp\\file\\htdocs\\ComputerShop\\public\\index.php')
INFO - 2024-01-06 11:11:27 --> Session: Class initialized using 'CodeIgniter\Session\Handlers\FileHandler' driver.
INFO - 2024-01-06 11:11:27 --> Session: Class initialized using 'CodeIgniter\Session\Handlers\FileHandler' driver.
INFO - 2024-01-06 11:35:12 --> Session: Class initialized using 'CodeIgniter\Session\Handlers\FileHandler' driver.
INFO - 2024-01-06 12:10:41 --> Session: Class initialized using 'CodeIgniter\Session\Handlers\FileHandler' driver.
INFO - 2024-01-06 12:12:00 --> Session: Class initialized using 'CodeIgniter\Session\Handlers\FileHandler' driver.
